#
# There is insufficient memory for the Java Runtime Environment to continue.
# Native memory allocation (mmap) failed to map 81788928 bytes for committing reserved memory.
# Possible reasons:
#   The system is out of physical RAM or swap space
#   In 32 bit mode, the process size limit was hit
# Possible solutions:
#   Reduce memory load on the system
#   Increase physical memory or swap space
#   Check if swap backing store is full
#   Use 64 bit Java on a 64 bit OS
#   Decrease Java heap size (-Xmx/-Xms)
#   Decrease number of Java threads
#   Decrease Java thread stack sizes (-Xss)
#   Set larger code cache with -XX:ReservedCodeCacheSize=
# This output file may be truncated or incomplete.
#
#  Out of Memory Error (os_linux.cpp:2673), pid=8131, tid=140016079615744
#
# JRE version: Java(TM) SE Runtime Environment (8.0_45-b14) (build 1.8.0_45-b14)
# Java VM: Java HotSpot(TM) 64-Bit Server VM (25.45-b02 mixed mode linux-amd64 compressed oops)
# Failed to write core dump. Core dumps have been disabled. To enable core dumping, try "ulimit -c unlimited" before starting Java again
#

---------------  T H R E A D  ---------------

Current thread (0x00007f581c078000):  VMThread [stack: 0x00007f5808a03000,0x00007f5808b04000] [id=8142]

Stack: [0x00007f5808a03000,0x00007f5808b04000],  sp=0x00007f5808b01f60,  free space=1019k
Native frames: (J=compiled Java code, j=interpreted, Vv=VM code, C=native code)
V  [libjvm.so+0xaac99a]  VMError::report_and_die()+0x2ba
V  [libjvm.so+0x4f333b]  report_vm_out_of_memory(char const*, int, unsigned long, VMErrorType, char const*)+0x8b
V  [libjvm.so+0x90e7c3]  os::Linux::commit_memory_impl(char*, unsigned long, bool)+0x103
V  [libjvm.so+0x90ed19]  os::pd_commit_memory(char*, unsigned long, unsigned long, bool)+0x29
V  [libjvm.so+0x90867a]  os::commit_memory(char*, unsigned long, unsigned long, bool)+0x2a
V  [libjvm.so+0x97bac3]  PSVirtualSpace::expand_by(unsigned long)+0x53
V  [libjvm.so+0x97cec8]  PSYoungGen::resize_generation(unsigned long, unsigned long)+0xf8
V  [libjvm.so+0x97c022]  PSYoungGen::resize(unsigned long, unsigned long)+0x22
V  [libjvm.so+0x9792fb]  PSScavenge::invoke_no_policy()+0xf7b
V  [libjvm.so+0x979a81]  PSScavenge::invoke()+0x41
V  [libjvm.so+0x932050]  ParallelScavengeHeap::failed_mem_allocate(unsigned long)+0x70
V  [libjvm.so+0xaae1d7]  VM_ParallelGCFailedAllocation::doit()+0x97
V  [libjvm.so+0xab59c5]  VM_Operation::evaluate()+0x55
V  [libjvm.so+0xab3d9a]  VMThread::evaluate_operation(VM_Operation*)+0xba
V  [libjvm.so+0xab411e]  VMThread::loop()+0x1ce
V  [libjvm.so+0xab4590]  VMThread::run()+0x70
V  [libjvm.so+0x910de8]  java_start(Thread*)+0x108

VM_Operation (0x00007f5823186320): ParallelGCFailedAllocation, mode: safepoint, requested by thread 0x00007f581c00a000


---------------  P R O C E S S  ---------------

Java Threads: ( => current thread )
  0x00007f581c0cb800 JavaThread "Service Thread" daemon [_thread_blocked, id=8149, stack(0x00007f5803eff000,0x00007f5804000000)]
  0x00007f581c0be000 JavaThread "C1 CompilerThread2" daemon [_thread_blocked, id=8148, stack(0x00007f5808003000,0x00007f5808104000)]
  0x00007f581c0bc800 JavaThread "C2 CompilerThread1" daemon [_thread_blocked, id=8147, stack(0x00007f5808104000,0x00007f5808205000)]
  0x00007f581c0b9800 JavaThread "C2 CompilerThread0" daemon [_thread_blocked, id=8146, stack(0x00007f5808205000,0x00007f5808306000)]
  0x00007f581c0b8000 JavaThread "Signal Dispatcher" daemon [_thread_blocked, id=8145, stack(0x00007f5808306000,0x00007f5808407000)]
  0x00007f581c07f000 JavaThread "Finalizer" daemon [_thread_blocked, id=8144, stack(0x00007f5808801000,0x00007f5808902000)]
  0x00007f581c07d000 JavaThread "Reference Handler" daemon [_thread_blocked, id=8143, stack(0x00007f5808902000,0x00007f5808a03000)]
  0x00007f581c00a000 JavaThread "main" [_thread_blocked, id=8137, stack(0x00007f5823087000,0x00007f5823188000)]

Other Threads:
=>0x00007f581c078000 VMThread [stack: 0x00007f5808a03000,0x00007f5808b04000] [id=8142]
  0x00007f581c0ce000 WatcherThread [stack: 0x00007f5803dfe000,0x00007f5803eff000] [id=8150]

VM state:at safepoint (normal execution)

VM Mutex/Monitor currently owned by a thread:  ([mutex/lock_event])
[0x00007f581c006800] Threads_lock - owner thread: 0x00007f581c078000
[0x00007f581c006d00] Heap_lock - owner thread: 0x00007f581c00a000

Heap:
 PSYoungGen      total 33280K, used 2547K [0x00000000eab00000, 0x00000000ece00000, 0x0000000100000000)
  eden space 30720K, 0% used [0x00000000eab00000,0x00000000eab00000,0x00000000ec900000)
  from space 2560K, 99% used [0x00000000ec900000,0x00000000ecb7cfd0,0x00000000ecb80000)
  to   space 2560K, 0% used [0x00000000ecb80000,0x00000000ecb80000,0x00000000ece00000)
 ParOldGen       total 51200K, used 46494K [0x00000000c0000000, 0x00000000c3200000, 0x00000000eab00000)
  object space 51200K, 90% used [0x00000000c0000000,0x00000000c2d67b28,0x00000000c3200000)
 Metaspace       used 7200K, capacity 7704K, committed 8064K, reserved 1056768K
  class space    used 730K, capacity 784K, committed 896K, reserved 1048576K

Card table byte_map: [0x00007f5820025000,0x00007f5820226000] byte_map_base: 0x00007f581fa25000

Marking Bits: (ParMarkBitMap*) 0x00007f5822563760
 Begin Bits: [0x00007f580a6e6000, 0x00007f580b6e6000)
 End Bits:   [0x00007f580b6e6000, 0x00007f580c6e6000)

Polling page: 0x00007f58231ab000

CodeCache: size=245760Kb used=4935Kb max_used=4935Kb free=240824Kb
 bounds [0x00007f580d000000, 0x00007f580d4e0000, 0x00007f581c000000]
 total_blobs=2005 nmethods=1709 adapters=211
 compilation: enabled

Compilation events (10 events):
Event: 3,752 Thread 0x00007f581c0be000 1744       3       java.security.MessageDigest$Delegate::engineUpdate (11 bytes)
Event: 3,752 Thread 0x00007f581c0be000 nmethod 1744 0x00007f580d4d2810 code [0x00007f580d4d2980, 0x00007f580d4d2ba8]
Event: 3,772 Thread 0x00007f581c0be000 1745       3       java.util.zip.Adler32::update (51 bytes)
Event: 3,772 Thread 0x00007f581c0be000 nmethod 1745 0x00007f580d4d20d0 code [0x00007f580d4d2280, 0x00007f580d4d2668]
Event: 3,777 Thread 0x00007f581c0be000 1747       3       java.util.Formatter$Flags::contains (22 bytes)
Event: 3,777 Thread 0x00007f581c0be000 nmethod 1747 0x00007f580d4d79d0 code [0x00007f580d4d7b40, 0x00007f580d4d7d50]
Event: 3,777 Thread 0x00007f581c0be000 1748       3       java.nio.ByteBuffer::arrayOffset (35 bytes)
Event: 3,778 Thread 0x00007f581c0be000 nmethod 1748 0x00007f580d4d73d0 code [0x00007f580d4d7560, 0x00007f580d4d7878]
Event: 3,780 Thread 0x00007f581c0be000 1749       3       com.android.dex.TableOfContents$Section::<init> (26 bytes)
Event: 3,781 Thread 0x00007f581c0be000 nmethod 1749 0x00007f580d4d6fd0 code [0x00007f580d4d7140, 0x00007f580d4d7310]

GC Heap History (9 events):
Event: 2,405 GC heap before
{Heap before GC invocations=1 (full 0):
 PSYoungGen      total 17920K, used 15360K [0x00000000eab00000, 0x00000000ebf00000, 0x0000000100000000)
  eden space 15360K, 100% used [0x00000000eab00000,0x00000000eba00000,0x00000000eba00000)
  from space 2560K, 0% used [0x00000000ebc80000,0x00000000ebc80000,0x00000000ebf00000)
  to   space 2560K, 0% used [0x00000000eba00000,0x00000000eba00000,0x00000000ebc80000)
 ParOldGen       total 40960K, used 0K [0x00000000c0000000, 0x00000000c2800000, 0x00000000eab00000)
  object space 40960K, 0% used [0x00000000c0000000,0x00000000c0000000,0x00000000c2800000)
 Metaspace       used 5442K, capacity 6640K, committed 6784K, reserved 1056768K
  class space    used 571K, capacity 616K, committed 640K, reserved 1048576K
Event: 2,414 GC heap after
Heap after GC invocations=1 (full 0):
 PSYoungGen      total 17920K, used 2551K [0x00000000eab00000, 0x00000000ebf00000, 0x0000000100000000)
  eden space 15360K, 0% used [0x00000000eab00000,0x00000000eab00000,0x00000000eba00000)
  from space 2560K, 99% used [0x00000000eba00000,0x00000000ebc7de80,0x00000000ebc80000)
  to   space 2560K, 0% used [0x00000000ebc80000,0x00000000ebc80000,0x00000000ebf00000)
 ParOldGen       total 40960K, used 1921K [0x00000000c0000000, 0x00000000c2800000, 0x00000000eab00000)
  object space 40960K, 4% used [0x00000000c0000000,0x00000000c01e07a8,0x00000000c2800000)
 Metaspace       used 5442K, capacity 6640K, committed 6784K, reserved 1056768K
  class space    used 571K, capacity 616K, committed 640K, reserved 1048576K
}
Event: 2,594 GC heap before
{Heap before GC invocations=2 (full 0):
 PSYoungGen      total 17920K, used 16937K [0x00000000eab00000, 0x00000000ebf00000, 0x0000000100000000)
  eden space 15360K, 93% used [0x00000000eab00000,0x00000000eb90c968,0x00000000eba00000)
  from space 2560K, 99% used [0x00000000eba00000,0x00000000ebc7de80,0x00000000ebc80000)
  to   space 2560K, 0% used [0x00000000ebc80000,0x00000000ebc80000,0x00000000ebf00000)
 ParOldGen       total 40960K, used 1921K [0x00000000c0000000, 0x00000000c2800000, 0x00000000eab00000)
  object space 40960K, 4% used [0x00000000c0000000,0x00000000c01e07a8,0x00000000c2800000)
 Metaspace       used 5569K, capacity 6704K, committed 6784K, reserved 1056768K
  class space    used 576K, capacity 616K, committed 640K, reserved 1048576K
Event: 2,603 GC heap after
Heap after GC invocations=2 (full 0):
 PSYoungGen      total 17920K, used 2531K [0x00000000eab00000, 0x00000000ece00000, 0x0000000100000000)
  eden space 15360K, 0% used [0x00000000eab00000,0x00000000eab00000,0x00000000eba00000)
  from space 2560K, 98% used [0x00000000ebc80000,0x00000000ebef8f78,0x00000000ebf00000)
  to   space 2560K, 0% used [0x00000000eba00000,0x00000000eba00000,0x00000000ebc80000)
 ParOldGen       total 40960K, used 5340K [0x00000000c0000000, 0x00000000c2800000, 0x00000000eab00000)
  object space 40960K, 13% used [0x00000000c0000000,0x00000000c05371f8,0x00000000c2800000)
 Metaspace       used 5569K, capacity 6704K, committed 6784K, reserved 1056768K
  class space    used 576K, capacity 616K, committed 640K, reserved 1048576K
}
Event: 3,438 GC heap before
{Heap before GC invocations=3 (full 0):
 PSYoungGen      total 17920K, used 17891K [0x00000000eab00000, 0x00000000ece00000, 0x0000000100000000)
  eden space 15360K, 100% used [0x00000000eab00000,0x00000000eba00000,0x00000000eba00000)
  from space 2560K, 98% used [0x00000000ebc80000,0x00000000ebef8f78,0x00000000ebf00000)
  to   space 2560K, 0% used [0x00000000eba00000,0x00000000eba00000,0x00000000ebc80000)
 ParOldGen       total 40960K, used 5340K [0x00000000c0000000, 0x00000000c2800000, 0x00000000eab00000)
  object space 40960K, 13% used [0x00000000c0000000,0x00000000c05371f8,0x00000000c2800000)
 Metaspace       used 7124K, capacity 7640K, committed 7808K, reserved 1056768K
  class space    used 730K, capacity 784K, committed 896K, reserved 1048576K
Event: 3,448 GC heap after
Heap after GC invocations=3 (full 0):
 PSYoungGen      total 17920K, used 2546K [0x00000000eab00000, 0x00000000ece00000, 0x0000000100000000)
  eden space 15360K, 0% used [0x00000000eab00000,0x00000000eab00000,0x00000000eba00000)
  from space 2560K, 99% used [0x00000000eba00000,0x00000000ebc7cbe8,0x00000000ebc80000)
  to   space 2560K, 0% used [0x00000000ecb80000,0x00000000ecb80000,0x00000000ece00000)
 ParOldGen       total 40960K, used 9112K [0x00000000c0000000, 0x00000000c2800000, 0x00000000eab00000)
  object space 40960K, 22% used [0x00000000c0000000,0x00000000c08e6290,0x00000000c2800000)
 Metaspace       used 7124K, capacity 7640K, committed 7808K, reserved 1056768K
  class space    used 730K, capacity 784K, committed 896K, reserved 1048576K
}
Event: 3,591 GC heap before
{Heap before GC invocations=4 (full 0):
 PSYoungGen      total 17920K, used 17906K [0x00000000eab00000, 0x00000000ece00000, 0x0000000100000000)
  eden space 15360K, 100% used [0x00000000eab00000,0x00000000eba00000,0x00000000eba00000)
  from space 2560K, 99% used [0x00000000eba00000,0x00000000ebc7cbe8,0x00000000ebc80000)
  to   space 2560K, 0% used [0x00000000ecb80000,0x00000000ecb80000,0x00000000ece00000)
 ParOldGen       total 40960K, used 9112K [0x00000000c0000000, 0x00000000c2800000, 0x00000000eab00000)
  object space 40960K, 22% used [0x00000000c0000000,0x00000000c08e6290,0x00000000c2800000)
 Metaspace       used 7168K, capacity 7704K, committed 8064K, reserved 1056768K
  class space    used 730K, capacity 784K, committed 896K, reserved 1048576K
Event: 3,604 GC heap after
Heap after GC invocations=4 (full 0):
 PSYoungGen      total 33280K, used 2530K [0x00000000eab00000, 0x00000000ece00000, 0x0000000100000000)
  eden space 30720K, 0% used [0x00000000eab00000,0x00000000eab00000,0x00000000ec900000)
  from space 2560K, 98% used [0x00000000ecb80000,0x00000000ecdf8bd8,0x00000000ece00000)
  to   space 2560K, 0% used [0x00000000ec900000,0x00000000ec900000,0x00000000ecb80000)
 ParOldGen       total 40960K, used 18167K [0x00000000c0000000, 0x00000000c2800000, 0x00000000eab00000)
  object space 40960K, 44% used [0x00000000c0000000,0x00000000c11bdcb0,0x00000000c2800000)
 Metaspace       used 7168K, capacity 7704K, committed 8064K, reserved 1056768K
  class space    used 730K, capacity 784K, committed 896K, reserved 1048576K
}
Event: 3,794 GC heap before
{Heap before GC invocations=5 (full 0):
 PSYoungGen      total 33280K, used 33250K [0x00000000eab00000, 0x00000000ece00000, 0x0000000100000000)
  eden space 30720K, 100% used [0x00000000eab00000,0x00000000ec900000,0x00000000ec900000)
  from space 2560K, 98% used [0x00000000ecb80000,0x00000000ecdf8bd8,0x00000000ece00000)
  to   space 2560K, 0% used [0x00000000ec900000,0x00000000ec900000,0x00000000ecb80000)
 ParOldGen       total 40960K, used 18167K [0x00000000c0000000, 0x00000000c2800000, 0x00000000eab00000)
  object space 40960K, 44% used [0x00000000c0000000,0x00000000c11bdcb0,0x00000000c2800000)
 Metaspace       used 7200K, capacity 7704K, committed 8064K, reserved 1056768K
  class space    used 730K, capacity 784K, committed 896K, reserved 1048576K

Deoptimization events (10 events):
Event: 3,042 Thread 0x00007f581c00a000 Uncommon trap: reason=class_check action=maybe_recompile pc=0x00007f580d333f60 method=java.util.HashMap.putVal(ILjava/lang/Object;Ljava/lang/Object;ZZ)Ljava/lang/Object; @ 56
Event: 3,042 Thread 0x00007f581c00a000 Uncommon trap: reason=class_check action=maybe_recompile pc=0x00007f580d333f60 method=java.util.HashMap.putVal(ILjava/lang/Object;Ljava/lang/Object;ZZ)Ljava/lang/Object; @ 56
Event: 3,043 Thread 0x00007f581c00a000 Uncommon trap: reason=class_check action=maybe_recompile pc=0x00007f580d333f60 method=java.util.HashMap.putVal(ILjava/lang/Object;Ljava/lang/Object;ZZ)Ljava/lang/Object; @ 56
Event: 3,043 Thread 0x00007f581c00a000 Uncommon trap: reason=class_check action=maybe_recompile pc=0x00007f580d333ffc method=java.util.HashMap.putVal(ILjava/lang/Object;Ljava/lang/Object;ZZ)Ljava/lang/Object; @ 152
Event: 3,043 Thread 0x00007f581c00a000 Uncommon trap: reason=class_check action=maybe_recompile pc=0x00007f580d333ffc method=java.util.HashMap.putVal(ILjava/lang/Object;Ljava/lang/Object;ZZ)Ljava/lang/Object; @ 152
Event: 3,199 Thread 0x00007f581c00a000 Uncommon trap: reason=unstable_if action=reinterpret pc=0x00007f580d353044 method=java.util.HashMap.putVal(ILjava/lang/Object;Ljava/lang/Object;ZZ)Ljava/lang/Object; @ 162
Event: 3,207 Thread 0x00007f581c00a000 Uncommon trap: reason=predicate action=maybe_recompile pc=0x00007f580d37ed60 method=com.android.dex.Leb128.writeUnsignedLeb128(Lcom/android/dex/util/ByteOutput;I)V @ 9
Event: 3,207 Thread 0x00007f581c00a000 Uncommon trap: reason=unstable_if action=reinterpret pc=0x00007f580d2bfc2c method=java.util.HashMap.getNode(ILjava/lang/Object;)Ljava/util/HashMap$Node; @ 84
Event: 3,245 Thread 0x00007f581c00a000 Uncommon trap: reason=unstable_if action=reinterpret pc=0x00007f580d2be334 method=java.util.HashMap.getNode(ILjava/lang/Object;)Ljava/util/HashMap$Node; @ 84
Event: 3,358 Thread 0x00007f581c00a000 Uncommon trap: reason=predicate action=maybe_recompile pc=0x00007f580d3d7a98 method=com.android.dex.Leb128.readUnsignedLeb128(Lcom/android/dex/util/ByteInput;)I @ 41

Internal exceptions (2 events):
Event: 0,978 Thread 0x00007f581c00a000 Exception <a 'java/lang/NoSuchMethodError': Method sun.misc.Unsafe.defineClass(Ljava/lang/String;[BII)Ljava/lang/Class; name or signature does not match> (0x00000000eab129c8) thrown at [/RE-WORK/workspace/8-2-build-linux-amd64/jdk8u45/3457/hotspot/src/sha
Event: 0,982 Thread 0x00007f581c00a000 Exception <a 'java/lang/NoSuchMethodError': Method sun.misc.Unsafe.prefetchRead(Ljava/lang/Object;J)V name or signature does not match> (0x00000000eab12c58) thrown at [/RE-WORK/workspace/8-2-build-linux-amd64/jdk8u45/3457/hotspot/src/share/vm/prims/jni.cp

Events (10 events):
Event: 3,732 Thread 0x00007f581c00a000 DEOPT UNPACKING pc=0x00007f580d047233 sp=0x00007f5823185f70 mode 0
Event: 3,735 Thread 0x00007f581c00a000 DEOPT PACKING pc=0x00007f580d417a8e sp=0x00007f5823186230
Event: 3,735 Thread 0x00007f581c00a000 DEOPT UNPACKING pc=0x00007f580d047233 sp=0x00007f5823185f70 mode 0
Event: 3,738 Thread 0x00007f581c00a000 DEOPT PACKING pc=0x00007f580d417a8e sp=0x00007f5823186230
Event: 3,738 Thread 0x00007f581c00a000 DEOPT UNPACKING pc=0x00007f580d047233 sp=0x00007f5823185f70 mode 0
Event: 3,741 Thread 0x00007f581c00a000 DEOPT PACKING pc=0x00007f580d417a8e sp=0x00007f5823186230
Event: 3,741 Thread 0x00007f581c00a000 DEOPT UNPACKING pc=0x00007f580d047233 sp=0x00007f5823185f70 mode 0
Event: 3,744 Thread 0x00007f581c00a000 DEOPT PACKING pc=0x00007f580d417a8e sp=0x00007f5823186230
Event: 3,744 Thread 0x00007f581c00a000 DEOPT UNPACKING pc=0x00007f580d047233 sp=0x00007f5823185f70 mode 0
Event: 3,794 Executing VM operation: ParallelGCFailedAllocation


Dynamic libraries:
00400000-00401000 r-xp 00000000 00:18 1442608                            /home/ramon/jdk1.8.0_45/bin/java
00600000-00601000 rw-p 00000000 00:18 1442608                            /home/ramon/jdk1.8.0_45/bin/java
00f8f000-00fb0000 rw-p 00000000 00:00 0                                  [heap]
c0000000-c3200000 rw-p 00000000 00:00 0 
c3200000-eab00000 ---p 00000000 00:00 0 
eab00000-ece00000 rw-p 00000000 00:00 0 
f1c00000-100000000 ---p 00000000 00:00 0 
100000000-1000e0000 rw-p 00000000 00:00 0 
1000e0000-140000000 ---p 00000000 00:00 0 
7f57b4000000-7f57b4024000 rw-p 00000000 00:00 0 
7f57b4024000-7f57b8000000 ---p 00000000 00:00 0 
7f57bc000000-7f57bc02c000 rw-p 00000000 00:00 0 
7f57bc02c000-7f57c0000000 ---p 00000000 00:00 0 
7f57c0000000-7f57c0021000 rw-p 00000000 00:00 0 
7f57c0021000-7f57c4000000 ---p 00000000 00:00 0 
7f57c4000000-7f57c4071000 rw-p 00000000 00:00 0 
7f57c4071000-7f57c8000000 ---p 00000000 00:00 0 
7f57c8000000-7f57c8021000 rw-p 00000000 00:00 0 
7f57c8021000-7f57cc000000 ---p 00000000 00:00 0 
7f57cc000000-7f57cc021000 rw-p 00000000 00:00 0 
7f57cc021000-7f57d0000000 ---p 00000000 00:00 0 
7f57d0000000-7f57d0021000 rw-p 00000000 00:00 0 
7f57d0021000-7f57d4000000 ---p 00000000 00:00 0 
7f57d4000000-7f57d4679000 rw-p 00000000 00:00 0 
7f57d4679000-7f57d8000000 ---p 00000000 00:00 0 
7f57d8000000-7f57d83ce000 rw-p 00000000 00:00 0 
7f57d83ce000-7f57dc000000 ---p 00000000 00:00 0 
7f57dc000000-7f57dc021000 rw-p 00000000 00:00 0 
7f57dc021000-7f57e0000000 ---p 00000000 00:00 0 
7f57e0000000-7f57e070d000 rw-p 00000000 00:00 0 
7f57e070d000-7f57e4000000 ---p 00000000 00:00 0 
7f57e4000000-7f57e4021000 rw-p 00000000 00:00 0 
7f57e4021000-7f57e8000000 ---p 00000000 00:00 0 
7f57e8000000-7f57e8021000 rw-p 00000000 00:00 0 
7f57e8021000-7f57ec000000 ---p 00000000 00:00 0 
7f57ec000000-7f57ec021000 rw-p 00000000 00:00 0 
7f57ec021000-7f57f0000000 ---p 00000000 00:00 0 
7f57f0000000-7f57f028a000 rw-p 00000000 00:00 0 
7f57f028a000-7f57f4000000 ---p 00000000 00:00 0 
7f57f4000000-7f57f4021000 rw-p 00000000 00:00 0 
7f57f4021000-7f57f8000000 ---p 00000000 00:00 0 
7f57fc000000-7f57fc021000 rw-p 00000000 00:00 0 
7f57fc021000-7f5800000000 ---p 00000000 00:00 0 
7f58038ea000-7f58038ed000 ---p 00000000 00:00 0 
7f58038ed000-7f58039eb000 rw-p 00000000 00:00 0 
7f58039eb000-7f58039ee000 ---p 00000000 00:00 0 
7f58039ee000-7f5803aec000 rw-p 00000000 00:00 0 
7f5803aec000-7f5803aef000 ---p 00000000 00:00 0 
7f5803aef000-7f5803bed000 rw-p 00000000 00:00 0 
7f5803bed000-7f5803bf0000 ---p 00000000 00:00 0 
7f5803bf0000-7f5803cee000 rw-p 00000000 00:00 0 
7f5803cee000-7f5803cf1000 ---p 00000000 00:00 0 
7f5803cf1000-7f5803def000 rw-p 00000000 00:00 0 
7f5803def000-7f5803dfe000 r--s 000df000 00:18 2106364                    /home/ramon/android-sdks/build-tools/23.0.0_rc2/lib/dx.jar
7f5803dfe000-7f5803dff000 ---p 00000000 00:00 0 
7f5803dff000-7f5803eff000 rw-p 00000000 00:00 0                          [stack:8150]
7f5803eff000-7f5803f02000 ---p 00000000 00:00 0 
7f5803f02000-7f5804000000 rw-p 00000000 00:00 0                          [stack:8149]
7f5804000000-7f5804021000 rw-p 00000000 00:00 0 
7f5804021000-7f5808000000 ---p 00000000 00:00 0 
7f5808003000-7f5808006000 ---p 00000000 00:00 0 
7f5808006000-7f5808104000 rw-p 00000000 00:00 0                          [stack:8148]
7f5808104000-7f5808107000 ---p 00000000 00:00 0 
7f5808107000-7f5808205000 rw-p 00000000 00:00 0                          [stack:8147]
7f5808205000-7f5808208000 ---p 00000000 00:00 0 
7f5808208000-7f5808306000 rw-p 00000000 00:00 0                          [stack:8146]
7f5808306000-7f5808309000 ---p 00000000 00:00 0 
7f5808309000-7f5808407000 rw-p 00000000 00:00 0                          [stack:8145]
7f5808407000-7f5808801000 r--p 00000000 08:07 1972918                    /usr/lib/locale/locale-archive
7f5808801000-7f5808804000 ---p 00000000 00:00 0 
7f5808804000-7f5808902000 rw-p 00000000 00:00 0                          [stack:8144]
7f5808902000-7f5808905000 ---p 00000000 00:00 0 
7f5808905000-7f5808a03000 rw-p 00000000 00:00 0                          [stack:8143]
7f5808a03000-7f5808a04000 ---p 00000000 00:00 0 
7f5808a04000-7f5809a97000 rw-p 00000000 00:00 0                          [stack:8142]
7f5809a97000-7f5809c70000 r--s 03d09000 00:18 1442361                    /home/ramon/jdk1.8.0_45/jre/lib/rt.jar
7f5809c70000-7f580a3e6000 rw-p 00000000 00:00 0 
7f580a3e6000-7f580a4e6000 ---p 00000000 00:00 0 
7f580a4e6000-7f580c6e6000 rw-p 00000000 00:00 0 
7f580c6e6000-7f580c6e7000 ---p 00000000 00:00 0 
7f580c6e7000-7f580c7e7000 rw-p 00000000 00:00 0                          [stack:8141]
7f580c7e7000-7f580c7e8000 ---p 00000000 00:00 0 
7f580c7e8000-7f580c8e8000 rw-p 00000000 00:00 0                          [stack:8140]
7f580c8e8000-7f580c8e9000 ---p 00000000 00:00 0 
7f580c8e9000-7f580c9e9000 rw-p 00000000 00:00 0                          [stack:8139]
7f580c9e9000-7f580c9ea000 ---p 00000000 00:00 0 
7f580c9ea000-7f580cb03000 rw-p 00000000 00:00 0                          [stack:8138]
7f580cb03000-7f580cc40000 ---p 00000000 00:00 0 
7f580cc40000-7f580cc54000 rw-p 00000000 00:00 0 
7f580cc54000-7f580d000000 ---p 00000000 00:00 0 
7f580d000000-7f580d4e0000 rwxp 00000000 00:00 0 
7f580d4e0000-7f581c000000 ---p 00000000 00:00 0 
7f581c000000-7f581c39f000 rw-p 00000000 00:00 0 
7f581c39f000-7f5820000000 ---p 00000000 00:00 0 
7f5820004000-7f582003e000 rw-p 00000000 00:00 0 
7f582003e000-7f582017a000 ---p 00000000 00:00 0 
7f582017a000-7f582018c000 rw-p 00000000 00:00 0 
7f582018c000-7f5820225000 ---p 00000000 00:00 0 
7f5820225000-7f5820226000 rw-p 00000000 00:00 0 
7f5820226000-7f5820240000 r-xp 00000000 00:18 1442397                    /home/ramon/jdk1.8.0_45/jre/lib/amd64/libzip.so
7f5820240000-7f5820440000 ---p 0001a000 00:18 1442397                    /home/ramon/jdk1.8.0_45/jre/lib/amd64/libzip.so
7f5820440000-7f5820441000 rw-p 0001a000 00:18 1442397                    /home/ramon/jdk1.8.0_45/jre/lib/amd64/libzip.so
7f5820441000-7f582044c000 r-xp 00000000 08:07 2363506                    /lib/x86_64-linux-gnu/libnss_files-2.19.so
7f582044c000-7f582064b000 ---p 0000b000 08:07 2363506                    /lib/x86_64-linux-gnu/libnss_files-2.19.so
7f582064b000-7f582064c000 r--p 0000a000 08:07 2363506                    /lib/x86_64-linux-gnu/libnss_files-2.19.so
7f582064c000-7f582064d000 rw-p 0000b000 08:07 2363506                    /lib/x86_64-linux-gnu/libnss_files-2.19.so
7f582064d000-7f5820658000 r-xp 00000000 08:07 2363516                    /lib/x86_64-linux-gnu/libnss_nis-2.19.so
7f5820658000-7f5820857000 ---p 0000b000 08:07 2363516                    /lib/x86_64-linux-gnu/libnss_nis-2.19.so
7f5820857000-7f5820858000 r--p 0000a000 08:07 2363516                    /lib/x86_64-linux-gnu/libnss_nis-2.19.so
7f5820858000-7f5820859000 rw-p 0000b000 08:07 2363516                    /lib/x86_64-linux-gnu/libnss_nis-2.19.so
7f5820859000-7f5820870000 r-xp 00000000 08:07 2363500                    /lib/x86_64-linux-gnu/libnsl-2.19.so
7f5820870000-7f5820a6f000 ---p 00017000 08:07 2363500                    /lib/x86_64-linux-gnu/libnsl-2.19.so
7f5820a6f000-7f5820a70000 r--p 00016000 08:07 2363500                    /lib/x86_64-linux-gnu/libnsl-2.19.so
7f5820a70000-7f5820a71000 rw-p 00017000 08:07 2363500                    /lib/x86_64-linux-gnu/libnsl-2.19.so
7f5820a71000-7f5820a73000 rw-p 00000000 00:00 0 
7f5820a73000-7f5820a7c000 r-xp 00000000 08:07 2363502                    /lib/x86_64-linux-gnu/libnss_compat-2.19.so
7f5820a7c000-7f5820c7b000 ---p 00009000 08:07 2363502                    /lib/x86_64-linux-gnu/libnss_compat-2.19.so
7f5820c7b000-7f5820c7c000 r--p 00008000 08:07 2363502                    /lib/x86_64-linux-gnu/libnss_compat-2.19.so
7f5820c7c000-7f5820c7d000 rw-p 00009000 08:07 2363502                    /lib/x86_64-linux-gnu/libnss_compat-2.19.so
7f5820c7d000-7f5820ca7000 r-xp 00000000 00:18 1442389                    /home/ramon/jdk1.8.0_45/jre/lib/amd64/libjava.so
7f5820ca7000-7f5820ea7000 ---p 0002a000 00:18 1442389                    /home/ramon/jdk1.8.0_45/jre/lib/amd64/libjava.so
7f5820ea7000-7f5820ea9000 rw-p 0002a000 00:18 1442389                    /home/ramon/jdk1.8.0_45/jre/lib/amd64/libjava.so
7f5820ea9000-7f5820eb6000 r-xp 00000000 00:18 1442433                    /home/ramon/jdk1.8.0_45/jre/lib/amd64/libverify.so
7f5820eb6000-7f58210b6000 ---p 0000d000 00:18 1442433                    /home/ramon/jdk1.8.0_45/jre/lib/amd64/libverify.so
7f58210b6000-7f58210b8000 rw-p 0000d000 00:18 1442433                    /home/ramon/jdk1.8.0_45/jre/lib/amd64/libverify.so
7f58210b8000-7f58210bf000 r-xp 00000000 08:07 2363559                    /lib/x86_64-linux-gnu/librt-2.19.so
7f58210bf000-7f58212be000 ---p 00007000 08:07 2363559                    /lib/x86_64-linux-gnu/librt-2.19.so
7f58212be000-7f58212bf000 r--p 00006000 08:07 2363559                    /lib/x86_64-linux-gnu/librt-2.19.so
7f58212bf000-7f58212c0000 rw-p 00007000 08:07 2363559                    /lib/x86_64-linux-gnu/librt-2.19.so
7f58212c0000-7f58213c5000 r-xp 00000000 08:07 2363481                    /lib/x86_64-linux-gnu/libm-2.19.so
7f58213c5000-7f58215c4000 ---p 00105000 08:07 2363481                    /lib/x86_64-linux-gnu/libm-2.19.so
7f58215c4000-7f58215c5000 r--p 00104000 08:07 2363481                    /lib/x86_64-linux-gnu/libm-2.19.so
7f58215c5000-7f58215c6000 rw-p 00105000 08:07 2363481                    /lib/x86_64-linux-gnu/libm-2.19.so
7f58215c6000-7f5822274000 r-xp 00000000 00:18 1442441                    /home/ramon/jdk1.8.0_45/jre/lib/amd64/server/libjvm.so
7f5822274000-7f5822473000 ---p 00cae000 00:18 1442441                    /home/ramon/jdk1.8.0_45/jre/lib/amd64/server/libjvm.so
7f5822473000-7f582254a000 rw-p 00cad000 00:18 1442441                    /home/ramon/jdk1.8.0_45/jre/lib/amd64/server/libjvm.so
7f582254a000-7f582258e000 rw-p 00000000 00:00 0 
7f582258e000-7f582274a000 r-xp 00000000 08:07 2363430                    /lib/x86_64-linux-gnu/libc-2.19.so
7f582274a000-7f5822949000 ---p 001bc000 08:07 2363430                    /lib/x86_64-linux-gnu/libc-2.19.so
7f5822949000-7f582294d000 r--p 001bb000 08:07 2363430                    /lib/x86_64-linux-gnu/libc-2.19.so
7f582294d000-7f582294f000 rw-p 001bf000 08:07 2363430                    /lib/x86_64-linux-gnu/libc-2.19.so
7f582294f000-7f5822954000 rw-p 00000000 00:00 0 
7f5822954000-7f5822957000 r-xp 00000000 08:07 2363447                    /lib/x86_64-linux-gnu/libdl-2.19.so
7f5822957000-7f5822b56000 ---p 00003000 08:07 2363447                    /lib/x86_64-linux-gnu/libdl-2.19.so
7f5822b56000-7f5822b57000 r--p 00002000 08:07 2363447                    /lib/x86_64-linux-gnu/libdl-2.19.so
7f5822b57000-7f5822b58000 rw-p 00003000 08:07 2363447                    /lib/x86_64-linux-gnu/libdl-2.19.so
7f5822b58000-7f5822b6d000 r-xp 00000000 00:18 1442971                    /home/ramon/jdk1.8.0_45/lib/amd64/jli/libjli.so
7f5822b6d000-7f5822d6d000 ---p 00015000 00:18 1442971                    /home/ramon/jdk1.8.0_45/lib/amd64/jli/libjli.so
7f5822d6d000-7f5822d6e000 rw-p 00015000 00:18 1442971                    /home/ramon/jdk1.8.0_45/lib/amd64/jli/libjli.so
7f5822d6e000-7f5822d87000 r-xp 00000000 08:07 2363551                    /lib/x86_64-linux-gnu/libpthread-2.19.so
7f5822d87000-7f5822f86000 ---p 00019000 08:07 2363551                    /lib/x86_64-linux-gnu/libpthread-2.19.so
7f5822f86000-7f5822f87000 r--p 00018000 08:07 2363551                    /lib/x86_64-linux-gnu/libpthread-2.19.so
7f5822f87000-7f5822f88000 rw-p 00019000 08:07 2363551                    /lib/x86_64-linux-gnu/libpthread-2.19.so
7f5822f88000-7f5822f8c000 rw-p 00000000 00:00 0 
7f5822f8c000-7f5822faf000 r-xp 00000000 08:07 2363406                    /lib/x86_64-linux-gnu/ld-2.19.so
7f5822fb0000-7f5822fb5000 r--s 00094000 00:18 1442356                    /home/ramon/jdk1.8.0_45/jre/lib/jsse.jar
7f5822fb5000-7f5823087000 rw-p 00000000 00:00 0 
7f5823087000-7f582308a000 ---p 00000000 00:00 0 
7f582308a000-7f582318c000 rw-p 00000000 00:00 0                          [stack:8137]
7f582318d000-7f58231a2000 rw-p 00000000 00:00 0 
7f58231a2000-7f58231aa000 rw-s 00000000 08:07 2109730                    /tmp/hsperfdata_ramon/8131
7f58231aa000-7f58231ab000 rw-p 00000000 00:00 0 
7f58231ab000-7f58231ac000 ---p 00000000 00:00 0 
7f58231ac000-7f58231ae000 rw-p 00000000 00:00 0 
7f58231ae000-7f58231af000 r--p 00022000 08:07 2363406                    /lib/x86_64-linux-gnu/ld-2.19.so
7f58231af000-7f58231b0000 rw-p 00023000 08:07 2363406                    /lib/x86_64-linux-gnu/ld-2.19.so
7f58231b0000-7f58231b1000 rw-p 00000000 00:00 0 
7fff3e5a3000-7fff3e5c4000 rw-p 00000000 00:00 0                          [stack]
7fff3e5fe000-7fff3e600000 r-xp 00000000 00:00 0                          [vdso]
ffffffffff600000-ffffffffff601000 r-xp 00000000 00:00 0                  [vsyscall]

VM Arguments:
jvm_args: -Xmx1024M -Dfile.encoding=UTF-8 -Duser.country=US -Duser.language=en -Duser.variant 
java_command: com.android.dx.command.Main --dex --num-threads=4 --output /home/ramon/android-studio/Modapp/app/build/intermediates/dex/debug /home/ramon/android-studio/Modapp/app/build/intermediates/classes/debug /home/ramon/android-studio/Modapp/app/build/intermediates/pre-dexed/debug/support-annotations-22.2.0-271e9105ecf1f576842c8d9aaf4cd03192842440.jar /home/ramon/android-studio/Modapp/app/build/intermediates/pre-dexed/debug/internal_impl-22.2.0-38e801fbd20b1a537ff4313a3e9d20aac0127960.jar /home/ramon/android-studio/Modapp/app/build/intermediates/pre-dexed/debug/classes-75274607fd558eb53eb659146785df55ceb56294.jar /home/ramon/android-studio/Modapp/app/build/intermediates/pre-dexed/debug/classes-a15d3760e7725f59213f3b0da2123b5f15fc32c2.jar /home/ramon/android-studio/Modapp/app/build/intermediates/pre-dexed/debug/mysql-connector-java-5.1.30-bin-2c1e3f537b9d7ab524a037431d97905fbd2f2593.jar
java_class_path (initial): /home/ramon/android-sdks/build-tools/23.0.0_rc2/lib/dx.jar
Launcher Type: SUN_STANDARD

Environment Variables:
JAVA_HOME=/home/ramon/jdk1.8.0_45
PATH=/usr/local/sbin:/usr/local/bin:/usr/sbin:/usr/bin:/sbin:/bin:/usr/games:/usr/local/games
USERNAME=ramon
LD_LIBRARY_PATH=.:
SHELL=/bin/bash
DISPLAY=:0.0

Signal Handlers:
SIGSEGV: [libjvm.so+0xaad1e0], sa_mask[0]=11111111011111111101111111111110, sa_flags=SA_RESTART|SA_SIGINFO
SIGBUS: [libjvm.so+0xaad1e0], sa_mask[0]=11111111011111111101111111111110, sa_flags=SA_RESTART|SA_SIGINFO
SIGFPE: [libjvm.so+0x90b450], sa_mask[0]=11111111011111111101111111111110, sa_flags=SA_RESTART|SA_SIGINFO
SIGPIPE: [libjvm.so+0x90b450], sa_mask[0]=11111111011111111101111111111110, sa_flags=SA_RESTART|SA_SIGINFO
SIGXFSZ: [libjvm.so+0x90b450], sa_mask[0]=11111111011111111101111111111110, sa_flags=SA_RESTART|SA_SIGINFO
SIGILL: [libjvm.so+0x90b450], sa_mask[0]=11111111011111111101111111111110, sa_flags=SA_RESTART|SA_SIGINFO
SIGUSR1: SIG_DFL, sa_mask[0]=00000000000000000000000000000000, sa_flags=none
SIGUSR2: [libjvm.so+0x90ca90], sa_mask[0]=00100000000000000000000000000000, sa_flags=SA_RESTART|SA_SIGINFO
SIGHUP: [libjvm.so+0x90dde0], sa_mask[0]=11111111011111111101111111111110, sa_flags=SA_RESTART|SA_SIGINFO
SIGINT: [libjvm.so+0x90dde0], sa_mask[0]=11111111011111111101111111111110, sa_flags=SA_RESTART|SA_SIGINFO
SIGTERM: [libjvm.so+0x90dde0], sa_mask[0]=11111111011111111101111111111110, sa_flags=SA_RESTART|SA_SIGINFO
SIGQUIT: [libjvm.so+0x90dde0], sa_mask[0]=11111111011111111101111111111110, sa_flags=SA_RESTART|SA_SIGINFO


---------------  S Y S T E M  ---------------

OS:DISTRIB_ID=LinuxMint
DISTRIB_RELEASE=17
DISTRIB_CODENAME=qiana
DISTRIB_DESCRIPTION="Linux Mint 17 Qiana"

uname:Linux 3.13.0-24-generic #46-Ubuntu SMP Thu Apr 10 19:11:08 UTC 2014 x86_64
libc:glibc 2.19 NPTL 2.19 
rlimit: STACK 8192k, CORE 0k, NPROC 30219, NOFILE 4096, AS infinity
load average:3,84 2,34 1,54

/proc/meminfo:
MemTotal:        3899120 kB
MemFree:           94640 kB
Buffers:            1872 kB
Cached:           132080 kB
SwapCached:            0 kB
Active:          3486916 kB
Inactive:          94112 kB
Active(anon):    3448312 kB
Inactive(anon):    56032 kB
Active(file):      38604 kB
Inactive(file):    38080 kB
Unevictable:          16 kB
Mlocked:              16 kB
SwapTotal:             0 kB
SwapFree:              0 kB
Dirty:              2920 kB
Writeback:             0 kB
AnonPages:       3447276 kB
Mapped:           108616 kB
Shmem:             57184 kB
Slab:              76492 kB
SReclaimable:      32088 kB
SUnreclaim:        44404 kB
KernelStack:        5144 kB
PageTables:        41816 kB
NFS_Unstable:          0 kB
Bounce:                0 kB
WritebackTmp:          0 kB
CommitLimit:     1949560 kB
Committed_AS:    6693996 kB
VmallocTotal:   34359738367 kB
VmallocUsed:      287684 kB
VmallocChunk:   34359436708 kB
HardwareCorrupted:     0 kB
AnonHugePages:    278528 kB
HugePages_Total:       0
HugePages_Free:        0
HugePages_Rsvd:        0
HugePages_Surp:        0
Hugepagesize:       2048 kB
DirectMap4k:       80836 kB
DirectMap2M:     3962880 kB


CPU:total 4 (2 cores per cpu, 2 threads per core) family 6 model 37 stepping 5, cmov, cx8, fxsr, mmx, sse, sse2, sse3, ssse3, sse4.1, sse4.2, popcnt, ht, tsc, tscinvbit

/proc/cpuinfo:
processor	: 0
vendor_id	: GenuineIntel
cpu family	: 6
model		: 37
model name	: Intel(R) Core(TM) i5 CPU       M 450  @ 2.40GHz
stepping	: 5
microcode	: 0x1
cpu MHz		: 2400.000
cache size	: 3072 KB
physical id	: 0
siblings	: 4
core id		: 0
cpu cores	: 2
apicid		: 0
initial apicid	: 0
fpu		: yes
fpu_exception	: yes
cpuid level	: 11
wp		: yes
flags		: fpu vme de pse tsc msr pae mce cx8 apic sep mtrr pge mca cmov pat pse36 clflush dts acpi mmx fxsr sse sse2 ss ht tm pbe syscall nx rdtscp lm constant_tsc arch_perfmon pebs bts rep_good nopl xtopology nonstop_tsc aperfmperf pni dtes64 monitor ds_cpl vmx est tm2 ssse3 cx16 xtpr pdcm pcid sse4_1 sse4_2 popcnt lahf_lm ida arat dtherm tpr_shadow vnmi flexpriority ept vpid
bogomips	: 4788.14
clflush size	: 64
cache_alignment	: 64
address sizes	: 36 bits physical, 48 bits virtual
power management:

processor	: 1
vendor_id	: GenuineIntel
cpu family	: 6
model		: 37
model name	: Intel(R) Core(TM) i5 CPU       M 450  @ 2.40GHz
stepping	: 5
microcode	: 0x1
cpu MHz		: 1199.000
cache size	: 3072 KB
physical id	: 0
siblings	: 4
core id		: 2
cpu cores	: 2
apicid		: 4
initial apicid	: 4
fpu		: yes
fpu_exception	: yes
cpuid level	: 11
wp		: yes
flags		: fpu vme de pse tsc msr pae mce cx8 apic sep mtrr pge mca cmov pat pse36 clflush dts acpi mmx fxsr sse sse2 ss ht tm pbe syscall nx rdtscp lm constant_tsc arch_perfmon pebs bts rep_good nopl xtopology nonstop_tsc aperfmperf pni dtes64 monitor ds_cpl vmx est tm2 ssse3 cx16 xtpr pdcm pcid sse4_1 sse4_2 popcnt lahf_lm ida arat dtherm tpr_shadow vnmi flexpriority ept vpid
bogomips	: 4788.14
clflush size	: 64
cache_alignment	: 64
address sizes	: 36 bits physical, 48 bits virtual
power management:

processor	: 2
vendor_id	: GenuineIntel
cpu family	: 6
model		: 37
model name	: Intel(R) Core(TM) i5 CPU       M 450  @ 2.40GHz
stepping	: 5
microcode	: 0x1
cpu MHz		: 1199.000
cache size	: 3072 KB
physical id	: 0
siblings	: 4
core id		: 0
cpu cores	: 2
apicid		: 1
initial apicid	: 1
fpu		: yes
fpu_exception	: yes
cpuid level	: 11
wp		: yes
flags		: fpu vme de pse tsc msr pae mce cx8 apic sep mtrr pge mca cmov pat pse36 clflush dts acpi mmx fxsr sse sse2 ss ht tm pbe syscall nx rdtscp lm constant_tsc arch_perfmon pebs bts rep_good nopl xtopology nonstop_tsc aperfmperf pni dtes64 monitor ds_cpl vmx est tm2 ssse3 cx16 xtpr pdcm pcid sse4_1 sse4_2 popcnt lahf_lm ida arat dtherm tpr_shadow vnmi flexpriority ept vpid
bogomips	: 4788.14
clflush size	: 64
cache_alignment	: 64
address sizes	: 36 bits physical, 48 bits virtual
power management:

processor	: 3
vendor_id	: GenuineIntel
cpu family	: 6
model		: 37
model name	: Intel(R) Core(TM) i5 CPU       M 450  @ 2.40GHz
stepping	: 5
microcode	: 0x1
cpu MHz		: 2400.000
cache size	: 3072 KB
physical id	: 0
siblings	: 4
core id		: 2
cpu cores	: 2
apicid		: 5
initial apicid	: 5
fpu		: yes
fpu_exception	: yes
cpuid level	: 11
wp		: yes
flags		: fpu vme de pse tsc msr pae mce cx8 apic sep mtrr pge mca cmov pat pse36 clflush dts acpi mmx fxsr sse sse2 ss ht tm pbe syscall nx rdtscp lm constant_tsc arch_perfmon pebs bts rep_good nopl xtopology nonstop_tsc aperfmperf pni dtes64 monitor ds_cpl vmx est tm2 ssse3 cx16 xtpr pdcm pcid sse4_1 sse4_2 popcnt lahf_lm ida arat dtherm tpr_shadow vnmi flexpriority ept vpid
bogomips	: 4788.14
clflush size	: 64
cache_alignment	: 64
address sizes	: 36 bits physical, 48 bits virtual
power management:



Memory: 4k page, physical 3899120k(94640k free), swap 0k(0k free)

vm_info: Java HotSpot(TM) 64-Bit Server VM (25.45-b02) for linux-amd64 JRE (1.8.0_45-b14), built on Apr 10 2015 10:07:45 by "java_re" with gcc 4.3.0 20080428 (Red Hat 4.3.0-8)

time: Wed Jul 29 14:43:23 2015
elapsed time: 4 seconds (0d 0h 0m 4s)

