#
# There is insufficient memory for the Java Runtime Environment to continue.
# Native memory allocation (mmap) failed to map 69206016 bytes for committing reserved memory.
# Possible reasons:
#   The system is out of physical RAM or swap space
#   In 32 bit mode, the process size limit was hit
# Possible solutions:
#   Reduce memory load on the system
#   Increase physical memory or swap space
#   Check if swap backing store is full
#   Use 64 bit Java on a 64 bit OS
#   Decrease Java heap size (-Xmx/-Xms)
#   Decrease number of Java threads
#   Decrease Java thread stack sizes (-Xss)
#   Set larger code cache with -XX:ReservedCodeCacheSize=
# This output file may be truncated or incomplete.
#
#  Out of Memory Error (os_linux.cpp:2673), pid=8205, tid=139948388775680
#
# JRE version: Java(TM) SE Runtime Environment (8.0_45-b14) (build 1.8.0_45-b14)
# Java VM: Java HotSpot(TM) 64-Bit Server VM (25.45-b02 mixed mode linux-amd64 compressed oops)
# Failed to write core dump. Core dumps have been disabled. To enable core dumping, try "ulimit -c unlimited" before starting Java again
#

---------------  T H R E A D  ---------------

Current thread (0x00007f485c078000):  VMThread [stack: 0x00007f4845eff000,0x00007f4846000000] [id=8216]

Stack: [0x00007f4845eff000,0x00007f4846000000],  sp=0x00007f4845ffe260,  free space=1020k
Native frames: (J=compiled Java code, j=interpreted, Vv=VM code, C=native code)
V  [libjvm.so+0xaac99a]  VMError::report_and_die()+0x2ba
V  [libjvm.so+0x4f333b]  report_vm_out_of_memory(char const*, int, unsigned long, VMErrorType, char const*)+0x8b
V  [libjvm.so+0x90e7c3]  os::Linux::commit_memory_impl(char*, unsigned long, bool)+0x103
V  [libjvm.so+0x90ed19]  os::pd_commit_memory(char*, unsigned long, unsigned long, bool)+0x29
V  [libjvm.so+0x90867a]  os::commit_memory(char*, unsigned long, unsigned long, bool)+0x2a
V  [libjvm.so+0x97bac3]  PSVirtualSpace::expand_by(unsigned long)+0x53
V  [libjvm.so+0x97cec8]  PSYoungGen::resize_generation(unsigned long, unsigned long)+0xf8
V  [libjvm.so+0x97c022]  PSYoungGen::resize(unsigned long, unsigned long)+0x22
V  [libjvm.so+0x9792fb]  PSScavenge::invoke_no_policy()+0xf7b
V  [libjvm.so+0x979a81]  PSScavenge::invoke()+0x41
V  [libjvm.so+0x932050]  ParallelScavengeHeap::failed_mem_allocate(unsigned long)+0x70
V  [libjvm.so+0xaae1d7]  VM_ParallelGCFailedAllocation::doit()+0x97
V  [libjvm.so+0xab59c5]  VM_Operation::evaluate()+0x55
V  [libjvm.so+0xab3d9a]  VMThread::evaluate_operation(VM_Operation*)+0xba
V  [libjvm.so+0xab411e]  VMThread::loop()+0x1ce
V  [libjvm.so+0xab4590]  VMThread::run()+0x70
V  [libjvm.so+0x910de8]  java_start(Thread*)+0x108

VM_Operation (0x00007f48646ec2a0): ParallelGCFailedAllocation, mode: safepoint, requested by thread 0x00007f485c00a000


---------------  P R O C E S S  ---------------

Java Threads: ( => current thread )
  0x00007f485c0cb800 JavaThread "Service Thread" daemon [_thread_blocked, id=8223, stack(0x00007f48453fe000,0x00007f48454ff000)]
  0x00007f485c0be800 JavaThread "C1 CompilerThread2" daemon [_thread_blocked, id=8222, stack(0x00007f48454ff000,0x00007f4845600000)]
  0x00007f485c0bc800 JavaThread "C2 CompilerThread1" daemon [_thread_blocked, id=8221, stack(0x00007f4845600000,0x00007f4845701000)]
  0x00007f485c0b9800 JavaThread "C2 CompilerThread0" daemon [_thread_blocked, id=8220, stack(0x00007f4845701000,0x00007f4845802000)]
  0x00007f485c0b8800 JavaThread "Signal Dispatcher" daemon [_thread_blocked, id=8219, stack(0x00007f4845802000,0x00007f4845903000)]
  0x00007f485c07f000 JavaThread "Finalizer" daemon [_thread_blocked, id=8218, stack(0x00007f4845cfd000,0x00007f4845dfe000)]
  0x00007f485c07d000 JavaThread "Reference Handler" daemon [_thread_blocked, id=8217, stack(0x00007f4845dfe000,0x00007f4845eff000)]
  0x00007f485c00a000 JavaThread "main" [_thread_blocked, id=8211, stack(0x00007f48645ed000,0x00007f48646ee000)]

Other Threads:
=>0x00007f485c078000 VMThread [stack: 0x00007f4845eff000,0x00007f4846000000] [id=8216]
  0x00007f485c0ce000 WatcherThread [stack: 0x00007f48452fd000,0x00007f48453fe000] [id=8224]

VM state:at safepoint (normal execution)

VM Mutex/Monitor currently owned by a thread:  ([mutex/lock_event])
[0x00007f485c006800] Threads_lock - owner thread: 0x00007f485c078000
[0x00007f485c006d00] Heap_lock - owner thread: 0x00007f485c00a000

Heap:
 PSYoungGen      total 33280K, used 2548K [0x00000000eab00000, 0x00000000ece00000, 0x0000000100000000)
  eden space 30720K, 0% used [0x00000000eab00000,0x00000000eab00000,0x00000000ec900000)
  from space 2560K, 99% used [0x00000000ec900000,0x00000000ecb7d020,0x00000000ecb80000)
  to   space 2560K, 0% used [0x00000000ecb80000,0x00000000ecb80000,0x00000000ece00000)
 ParOldGen       total 40960K, used 39812K [0x00000000c0000000, 0x00000000c2800000, 0x00000000eab00000)
  object space 40960K, 97% used [0x00000000c0000000,0x00000000c26e11a0,0x00000000c2800000)
 Metaspace       used 7229K, capacity 7768K, committed 8064K, reserved 1056768K
  class space    used 730K, capacity 784K, committed 896K, reserved 1048576K

Card table byte_map: [0x00007f48611cd000,0x00007f48613ce000] byte_map_base: 0x00007f4860bcd000

Marking Bits: (ParMarkBitMap*) 0x00007f4863acb760
 Begin Bits: [0x00007f4846000000, 0x00007f4847000000)
 End Bits:   [0x00007f4847000000, 0x00007f4848000000)

Polling page: 0x00007f4864711000

CodeCache: size=245760Kb used=5193Kb max_used=5193Kb free=240566Kb
 bounds [0x00007f484d000000, 0x00007f484d520000, 0x00007f485c000000]
 total_blobs=2074 nmethods=1778 adapters=211
 compilation: enabled

Compilation events (10 events):
Event: 5,299 Thread 0x00007f485c0be800 1803       3       java.util.zip.Adler32::update (51 bytes)
Event: 5,299 Thread 0x00007f485c0be800 nmethod 1803 0x00007f484d50ab10 code [0x00007f484d50acc0, 0x00007f484d50b0a8]
Event: 5,304 Thread 0x00007f485c0be800 1805       3       java.util.Formatter$Flags::contains (22 bytes)
Event: 5,304 Thread 0x00007f485c0be800 nmethod 1805 0x00007f484d50a6d0 code [0x00007f484d50a840, 0x00007f484d50aa50]
Event: 5,304 Thread 0x00007f485c0be800 1806       3       java.nio.ByteBuffer::arrayOffset (35 bytes)
Event: 5,305 Thread 0x00007f485c0be800 nmethod 1806 0x00007f484d50a0d0 code [0x00007f484d50a260, 0x00007f484d50a578]
Event: 5,307 Thread 0x00007f485c0be800 1807       3       com.android.dex.TableOfContents$Section::<init> (26 bytes)
Event: 5,307 Thread 0x00007f485c0be800 nmethod 1807 0x00007f484d50e390 code [0x00007f484d50e500, 0x00007f484d50e6d0]
Event: 5,311 Thread 0x00007f485c0be800 1808       3       com.android.dx.merge.DexMerger$IdMerger::mergeSorted (381 bytes)
Event: 5,315 Thread 0x00007f485c0be800 nmethod 1808 0x00007f484d516dd0 code [0x00007f484d5170c0, 0x00007f484d518b18]

GC Heap History (9 events):
Event: 2,760 GC heap before
{Heap before GC invocations=1 (full 0):
 PSYoungGen      total 17920K, used 15360K [0x00000000eab00000, 0x00000000ebf00000, 0x0000000100000000)
  eden space 15360K, 100% used [0x00000000eab00000,0x00000000eba00000,0x00000000eba00000)
  from space 2560K, 0% used [0x00000000ebc80000,0x00000000ebc80000,0x00000000ebf00000)
  to   space 2560K, 0% used [0x00000000eba00000,0x00000000eba00000,0x00000000ebc80000)
 ParOldGen       total 40960K, used 0K [0x00000000c0000000, 0x00000000c2800000, 0x00000000eab00000)
  object space 40960K, 0% used [0x00000000c0000000,0x00000000c0000000,0x00000000c2800000)
 Metaspace       used 5478K, capacity 6640K, committed 6784K, reserved 1056768K
  class space    used 572K, capacity 616K, committed 640K, reserved 1048576K
Event: 2,770 GC heap after
Heap after GC invocations=1 (full 0):
 PSYoungGen      total 17920K, used 2533K [0x00000000eab00000, 0x00000000ebf00000, 0x0000000100000000)
  eden space 15360K, 0% used [0x00000000eab00000,0x00000000eab00000,0x00000000eba00000)
  from space 2560K, 98% used [0x00000000eba00000,0x00000000ebc797c0,0x00000000ebc80000)
  to   space 2560K, 0% used [0x00000000ebc80000,0x00000000ebc80000,0x00000000ebf00000)
 ParOldGen       total 40960K, used 1831K [0x00000000c0000000, 0x00000000c2800000, 0x00000000eab00000)
  object space 40960K, 4% used [0x00000000c0000000,0x00000000c01c9f40,0x00000000c2800000)
 Metaspace       used 5478K, capacity 6640K, committed 6784K, reserved 1056768K
  class space    used 572K, capacity 616K, committed 640K, reserved 1048576K
}
Event: 3,010 GC heap before
{Heap before GC invocations=2 (full 0):
 PSYoungGen      total 17920K, used 16788K [0x00000000eab00000, 0x00000000ebf00000, 0x0000000100000000)
  eden space 15360K, 92% used [0x00000000eab00000,0x00000000eb8eba98,0x00000000eba00000)
  from space 2560K, 98% used [0x00000000eba00000,0x00000000ebc797c0,0x00000000ebc80000)
  to   space 2560K, 0% used [0x00000000ebc80000,0x00000000ebc80000,0x00000000ebf00000)
 ParOldGen       total 40960K, used 1831K [0x00000000c0000000, 0x00000000c2800000, 0x00000000eab00000)
  object space 40960K, 4% used [0x00000000c0000000,0x00000000c01c9f40,0x00000000c2800000)
 Metaspace       used 5608K, capacity 6768K, committed 7040K, reserved 1056768K
  class space    used 576K, capacity 616K, committed 640K, reserved 1048576K
Event: 3,021 GC heap after
Heap after GC invocations=2 (full 0):
 PSYoungGen      total 17920K, used 2551K [0x00000000eab00000, 0x00000000ece00000, 0x0000000100000000)
  eden space 15360K, 0% used [0x00000000eab00000,0x00000000eab00000,0x00000000eba00000)
  from space 2560K, 99% used [0x00000000ebc80000,0x00000000ebefddf8,0x00000000ebf00000)
  to   space 2560K, 0% used [0x00000000eba00000,0x00000000eba00000,0x00000000ebc80000)
 ParOldGen       total 40960K, used 5315K [0x00000000c0000000, 0x00000000c2800000, 0x00000000eab00000)
  object space 40960K, 12% used [0x00000000c0000000,0x00000000c0530fb0,0x00000000c2800000)
 Metaspace       used 5608K, capacity 6768K, committed 7040K, reserved 1056768K
  class space    used 576K, capacity 616K, committed 640K, reserved 1048576K
}
Event: 5,011 GC heap before
{Heap before GC invocations=3 (full 0):
 PSYoungGen      total 17920K, used 17911K [0x00000000eab00000, 0x00000000ece00000, 0x0000000100000000)
  eden space 15360K, 100% used [0x00000000eab00000,0x00000000eba00000,0x00000000eba00000)
  from space 2560K, 99% used [0x00000000ebc80000,0x00000000ebefddf8,0x00000000ebf00000)
  to   space 2560K, 0% used [0x00000000eba00000,0x00000000eba00000,0x00000000ebc80000)
 ParOldGen       total 40960K, used 5315K [0x00000000c0000000, 0x00000000c2800000, 0x00000000eab00000)
  object space 40960K, 12% used [0x00000000c0000000,0x00000000c0530fb0,0x00000000c2800000)
 Metaspace       used 7152K, capacity 7704K, committed 8064K, reserved 1056768K
  class space    used 730K, capacity 784K, committed 896K, reserved 1048576K
Event: 5,025 GC heap after
Heap after GC invocations=3 (full 0):
 PSYoungGen      total 17920K, used 2537K [0x00000000eab00000, 0x00000000ece00000, 0x0000000100000000)
  eden space 15360K, 0% used [0x00000000eab00000,0x00000000eab00000,0x00000000eba00000)
  from space 2560K, 99% used [0x00000000eba00000,0x00000000ebc7a758,0x00000000ebc80000)
  to   space 2560K, 0% used [0x00000000ecb80000,0x00000000ecb80000,0x00000000ece00000)
 ParOldGen       total 40960K, used 8398K [0x00000000c0000000, 0x00000000c2800000, 0x00000000eab00000)
  object space 40960K, 20% used [0x00000000c0000000,0x00000000c0833a88,0x00000000c2800000)
 Metaspace       used 7152K, capacity 7704K, committed 8064K, reserved 1056768K
  class space    used 730K, capacity 784K, committed 896K, reserved 1048576K
}
Event: 5,136 GC heap before
{Heap before GC invocations=4 (full 0):
 PSYoungGen      total 17920K, used 17897K [0x00000000eab00000, 0x00000000ece00000, 0x0000000100000000)
  eden space 15360K, 100% used [0x00000000eab00000,0x00000000eba00000,0x00000000eba00000)
  from space 2560K, 99% used [0x00000000eba00000,0x00000000ebc7a758,0x00000000ebc80000)
  to   space 2560K, 0% used [0x00000000ecb80000,0x00000000ecb80000,0x00000000ece00000)
 ParOldGen       total 40960K, used 8398K [0x00000000c0000000, 0x00000000c2800000, 0x00000000eab00000)
  object space 40960K, 20% used [0x00000000c0000000,0x00000000c0833a88,0x00000000c2800000)
 Metaspace       used 7196K, capacity 7704K, committed 8064K, reserved 1056768K
  class space    used 730K, capacity 784K, committed 896K, reserved 1048576K
Event: 5,149 GC heap after
Heap after GC invocations=4 (full 0):
 PSYoungGen      total 33280K, used 2512K [0x00000000eab00000, 0x00000000ece00000, 0x0000000100000000)
  eden space 30720K, 0% used [0x00000000eab00000,0x00000000eab00000,0x00000000ec900000)
  from space 2560K, 98% used [0x00000000ecb80000,0x00000000ecdf40d0,0x00000000ece00000)
  to   space 2560K, 0% used [0x00000000ec900000,0x00000000ec900000,0x00000000ecb80000)
 ParOldGen       total 40960K, used 17076K [0x00000000c0000000, 0x00000000c2800000, 0x00000000eab00000)
  object space 40960K, 41% used [0x00000000c0000000,0x00000000c10ad020,0x00000000c2800000)
 Metaspace       used 7196K, capacity 7704K, committed 8064K, reserved 1056768K
  class space    used 730K, capacity 784K, committed 896K, reserved 1048576K
}
Event: 5,323 GC heap before
{Heap before GC invocations=5 (full 0):
 PSYoungGen      total 33280K, used 33232K [0x00000000eab00000, 0x00000000ece00000, 0x0000000100000000)
  eden space 30720K, 100% used [0x00000000eab00000,0x00000000ec900000,0x00000000ec900000)
  from space 2560K, 98% used [0x00000000ecb80000,0x00000000ecdf40d0,0x00000000ece00000)
  to   space 2560K, 0% used [0x00000000ec900000,0x00000000ec900000,0x00000000ecb80000)
 ParOldGen       total 40960K, used 17076K [0x00000000c0000000, 0x00000000c2800000, 0x00000000eab00000)
  object space 40960K, 41% used [0x00000000c0000000,0x00000000c10ad020,0x00000000c2800000)
 Metaspace       used 7229K, capacity 7768K, committed 8064K, reserved 1056768K
  class space    used 730K, capacity 784K, committed 896K, reserved 1048576K

Deoptimization events (10 events):
Event: 4,525 Thread 0x00007f485c00a000 Uncommon trap: reason=class_check action=maybe_recompile pc=0x00007f484d2f9a28 method=java.util.HashMap.putVal(ILjava/lang/Object;Ljava/lang/Object;ZZ)Ljava/lang/Object; @ 152
Event: 4,525 Thread 0x00007f485c00a000 Uncommon trap: reason=class_check action=maybe_recompile pc=0x00007f484d2f9a28 method=java.util.HashMap.putVal(ILjava/lang/Object;Ljava/lang/Object;ZZ)Ljava/lang/Object; @ 152
Event: 4,682 Thread 0x00007f485c00a000 Uncommon trap: reason=class_check action=maybe_recompile pc=0x00007f484d35dde4 method=com.android.dex.Leb128.writeUnsignedLeb128(Lcom/android/dex/util/ByteOutput;I)V @ 40
Event: 4,682 Thread 0x00007f485c00a000 Uncommon trap: reason=class_check action=maybe_recompile pc=0x00007f484d35dde4 method=com.android.dex.Leb128.writeUnsignedLeb128(Lcom/android/dex/util/ByteOutput;I)V @ 40
Event: 4,682 Thread 0x00007f485c00a000 Uncommon trap: reason=class_check action=maybe_recompile pc=0x00007f484d35dde4 method=com.android.dex.Leb128.writeUnsignedLeb128(Lcom/android/dex/util/ByteOutput;I)V @ 40
Event: 4,682 Thread 0x00007f485c00a000 Uncommon trap: reason=class_check action=maybe_recompile pc=0x00007f484d35dde4 method=com.android.dex.Leb128.writeUnsignedLeb128(Lcom/android/dex/util/ByteOutput;I)V @ 40
Event: 4,724 Thread 0x00007f485c00a000 Uncommon trap: reason=unstable_if action=reinterpret pc=0x00007f484d384b28 method=java.util.HashMap.putVal(ILjava/lang/Object;Ljava/lang/Object;ZZ)Ljava/lang/Object; @ 162
Event: 4,738 Thread 0x00007f485c00a000 Uncommon trap: reason=predicate action=maybe_recompile pc=0x00007f484d3c9968 method=com.android.dex.Leb128.writeUnsignedLeb128(Lcom/android/dex/util/ByteOutput;I)V @ 9
Event: 4,738 Thread 0x00007f485c00a000 Uncommon trap: reason=unstable_if action=reinterpret pc=0x00007f484d2e4934 method=java.util.HashMap.getNode(ILjava/lang/Object;)Ljava/util/HashMap$Node; @ 84
Event: 4,935 Thread 0x00007f485c00a000 Uncommon trap: reason=predicate action=maybe_recompile pc=0x00007f484d41c258 method=com.android.dex.Leb128.readUnsignedLeb128(Lcom/android/dex/util/ByteInput;)I @ 41

Internal exceptions (2 events):
Event: 1,180 Thread 0x00007f485c00a000 Exception <a 'java/lang/NoSuchMethodError': Method sun.misc.Unsafe.defineClass(Ljava/lang/String;[BII)Ljava/lang/Class; name or signature does not match> (0x00000000eab12a38) thrown at [/RE-WORK/workspace/8-2-build-linux-amd64/jdk8u45/3457/hotspot/src/sha
Event: 1,184 Thread 0x00007f485c00a000 Exception <a 'java/lang/NoSuchMethodError': Method sun.misc.Unsafe.prefetchRead(Ljava/lang/Object;J)V name or signature does not match> (0x00000000eab12cc8) thrown at [/RE-WORK/workspace/8-2-build-linux-amd64/jdk8u45/3457/hotspot/src/share/vm/prims/jni.cp

Events (10 events):
Event: 5,193 Thread 0x00007f485c00a000 DEOPT UNPACKING pc=0x00007f484d047233 sp=0x00007f48646ebfa8 mode 0
Event: 5,197 Thread 0x00007f485c00a000 DEOPT PACKING pc=0x00007f484d45f8ce sp=0x00007f48646ec230
Event: 5,197 Thread 0x00007f485c00a000 DEOPT UNPACKING pc=0x00007f484d047233 sp=0x00007f48646ebf70 mode 0
Event: 5,200 loading class com/android/dex/Dex$1
Event: 5,200 loading class com/android/dex/Dex$1 done
Event: 5,202 Thread 0x00007f485c00a000 DEOPT PACKING pc=0x00007f484d45f8ce sp=0x00007f48646ec230
Event: 5,202 Thread 0x00007f485c00a000 DEOPT UNPACKING pc=0x00007f484d047233 sp=0x00007f48646ebf70 mode 0
Event: 5,290 Thread 0x00007f485c00a000 DEOPT PACKING pc=0x00007f484d50682b sp=0x00007f48646ec3e0
Event: 5,290 Thread 0x00007f485c00a000 DEOPT UNPACKING pc=0x00007f484d047233 sp=0x00007f48646ec108 mode 0
Event: 5,323 Executing VM operation: ParallelGCFailedAllocation


Dynamic libraries:
00400000-00401000 r-xp 00000000 00:18 1442608                            /home/ramon/jdk1.8.0_45/bin/java
00600000-00601000 rw-p 00000000 00:18 1442608                            /home/ramon/jdk1.8.0_45/bin/java
014fe000-0151f000 rw-p 00000000 00:00 0                                  [heap]
c0000000-c2800000 rw-p 00000000 00:00 0 
c2800000-eab00000 ---p 00000000 00:00 0 
eab00000-ece00000 rw-p 00000000 00:00 0 
f1000000-100000000 ---p 00000000 00:00 0 
100000000-1000e0000 rw-p 00000000 00:00 0 
1000e0000-140000000 ---p 00000000 00:00 0 
7f47f8000000-7f47f803c000 rw-p 00000000 00:00 0 
7f47f803c000-7f47fc000000 ---p 00000000 00:00 0 
7f4800000000-7f4800030000 rw-p 00000000 00:00 0 
7f4800030000-7f4804000000 ---p 00000000 00:00 0 
7f4804000000-7f4804035000 rw-p 00000000 00:00 0 
7f4804035000-7f4808000000 ---p 00000000 00:00 0 
7f4808000000-7f480804e000 rw-p 00000000 00:00 0 
7f480804e000-7f480c000000 ---p 00000000 00:00 0 
7f480c000000-7f480c28d000 rw-p 00000000 00:00 0 
7f480c28d000-7f4810000000 ---p 00000000 00:00 0 
7f4810000000-7f4810021000 rw-p 00000000 00:00 0 
7f4810021000-7f4814000000 ---p 00000000 00:00 0 
7f4814000000-7f4814021000 rw-p 00000000 00:00 0 
7f4814021000-7f4818000000 ---p 00000000 00:00 0 
7f4818000000-7f4818e99000 rw-p 00000000 00:00 0 
7f4818e99000-7f481c000000 ---p 00000000 00:00 0 
7f481c000000-7f481c419000 rw-p 00000000 00:00 0 
7f481c419000-7f4820000000 ---p 00000000 00:00 0 
7f4820000000-7f4820021000 rw-p 00000000 00:00 0 
7f4820021000-7f4824000000 ---p 00000000 00:00 0 
7f4824000000-7f48248c3000 rw-p 00000000 00:00 0 
7f48248c3000-7f4828000000 ---p 00000000 00:00 0 
7f4828000000-7f4828021000 rw-p 00000000 00:00 0 
7f4828021000-7f482c000000 ---p 00000000 00:00 0 
7f482c000000-7f482c021000 rw-p 00000000 00:00 0 
7f482c021000-7f4830000000 ---p 00000000 00:00 0 
7f4830000000-7f4830021000 rw-p 00000000 00:00 0 
7f4830021000-7f4834000000 ---p 00000000 00:00 0 
7f4834000000-7f483428a000 rw-p 00000000 00:00 0 
7f483428a000-7f4838000000 ---p 00000000 00:00 0 
7f4838000000-7f4838021000 rw-p 00000000 00:00 0 
7f4838021000-7f483c000000 ---p 00000000 00:00 0 
7f4840000000-7f4840021000 rw-p 00000000 00:00 0 
7f4840021000-7f4844000000 ---p 00000000 00:00 0 
7f4844df8000-7f4844dfb000 ---p 00000000 00:00 0 
7f4844dfb000-7f4844ef9000 rw-p 00000000 00:00 0 
7f4844ef9000-7f4844efc000 ---p 00000000 00:00 0 
7f4844efc000-7f4844ffa000 rw-p 00000000 00:00 0 
7f4844ffa000-7f4844ffd000 ---p 00000000 00:00 0 
7f4844ffd000-7f48450fb000 rw-p 00000000 00:00 0 
7f48450fb000-7f48450fe000 ---p 00000000 00:00 0 
7f48450fe000-7f48451fc000 rw-p 00000000 00:00 0 
7f48451fc000-7f48451ff000 ---p 00000000 00:00 0 
7f48451ff000-7f48452fd000 rw-p 00000000 00:00 0 
7f48452fd000-7f48452fe000 ---p 00000000 00:00 0 
7f48452fe000-7f48453fe000 rw-p 00000000 00:00 0                          [stack:8224]
7f48453fe000-7f4845401000 ---p 00000000 00:00 0 
7f4845401000-7f48454ff000 rw-p 00000000 00:00 0                          [stack:8223]
7f48454ff000-7f4845502000 ---p 00000000 00:00 0 
7f4845502000-7f4845600000 rw-p 00000000 00:00 0                          [stack:8222]
7f4845600000-7f4845603000 ---p 00000000 00:00 0 
7f4845603000-7f4845701000 rw-p 00000000 00:00 0                          [stack:8221]
7f4845701000-7f4845704000 ---p 00000000 00:00 0 
7f4845704000-7f4845802000 rw-p 00000000 00:00 0                          [stack:8220]
7f4845802000-7f4845805000 ---p 00000000 00:00 0 
7f4845805000-7f4845903000 rw-p 00000000 00:00 0                          [stack:8219]
7f4845903000-7f4845cfd000 r--p 00000000 08:07 1972918                    /usr/lib/locale/locale-archive
7f4845cfd000-7f4845d00000 ---p 00000000 00:00 0 
7f4845d00000-7f4845dfe000 rw-p 00000000 00:00 0                          [stack:8218]
7f4845dfe000-7f4845e01000 ---p 00000000 00:00 0 
7f4845e01000-7f4845eff000 rw-p 00000000 00:00 0                          [stack:8217]
7f4845eff000-7f4845f00000 ---p 00000000 00:00 0 
7f4845f00000-7f4848000000 rw-p 00000000 00:00 0                          [stack:8216]
7f4848000000-7f4848021000 rw-p 00000000 00:00 0 
7f4848021000-7f484c000000 ---p 00000000 00:00 0 
7f484c059000-7f484c05e000 r--s 00094000 00:18 1442356                    /home/ramon/jdk1.8.0_45/jre/lib/jsse.jar
7f484c05e000-7f484c06d000 r--s 000df000 00:18 2106364                    /home/ramon/android-sdks/build-tools/23.0.0_rc2/lib/dx.jar
7f484c06d000-7f484d000000 rw-p 00000000 00:00 0 
7f484d000000-7f484d520000 rwxp 00000000 00:00 0 
7f484d520000-7f485c000000 ---p 00000000 00:00 0 
7f485c000000-7f485c397000 rw-p 00000000 00:00 0 
7f485c397000-7f4860000000 ---p 00000000 00:00 0 
7f4860003000-7f4860024000 rw-p 00000000 00:00 0 
7f4860024000-7f48601fd000 r--s 03d09000 00:18 1442361                    /home/ramon/jdk1.8.0_45/jre/lib/rt.jar
7f48601fd000-7f4860973000 rw-p 00000000 00:00 0 
7f4860973000-7f4860a73000 ---p 00000000 00:00 0 
7f4860a73000-7f4860c73000 rw-p 00000000 00:00 0 
7f4860c73000-7f4860c74000 ---p 00000000 00:00 0 
7f4860c74000-7f4860d74000 rw-p 00000000 00:00 0                          [stack:8215]
7f4860d74000-7f4860d75000 ---p 00000000 00:00 0 
7f4860d75000-7f4860e75000 rw-p 00000000 00:00 0                          [stack:8214]
7f4860e75000-7f4860e76000 ---p 00000000 00:00 0 
7f4860e76000-7f4860f76000 rw-p 00000000 00:00 0                          [stack:8213]
7f4860f76000-7f4860f77000 ---p 00000000 00:00 0 
7f4860f77000-7f486108b000 rw-p 00000000 00:00 0                          [stack:8212]
7f486108b000-7f48611cd000 ---p 00000000 00:00 0 
7f48611cd000-7f48611e1000 rw-p 00000000 00:00 0 
7f48611e1000-7f4861322000 ---p 00000000 00:00 0 
7f4861322000-7f4861334000 rw-p 00000000 00:00 0 
7f4861334000-7f48613cd000 ---p 00000000 00:00 0 
7f48613cd000-7f48613e3000 rw-p 00000000 00:00 0 
7f48613e3000-7f486178e000 ---p 00000000 00:00 0 
7f486178e000-7f48617a8000 r-xp 00000000 00:18 1442397                    /home/ramon/jdk1.8.0_45/jre/lib/amd64/libzip.so
7f48617a8000-7f48619a8000 ---p 0001a000 00:18 1442397                    /home/ramon/jdk1.8.0_45/jre/lib/amd64/libzip.so
7f48619a8000-7f48619a9000 rw-p 0001a000 00:18 1442397                    /home/ramon/jdk1.8.0_45/jre/lib/amd64/libzip.so
7f48619a9000-7f48619b4000 r-xp 00000000 08:07 2363506                    /lib/x86_64-linux-gnu/libnss_files-2.19.so
7f48619b4000-7f4861bb3000 ---p 0000b000 08:07 2363506                    /lib/x86_64-linux-gnu/libnss_files-2.19.so
7f4861bb3000-7f4861bb4000 r--p 0000a000 08:07 2363506                    /lib/x86_64-linux-gnu/libnss_files-2.19.so
7f4861bb4000-7f4861bb5000 rw-p 0000b000 08:07 2363506                    /lib/x86_64-linux-gnu/libnss_files-2.19.so
7f4861bb5000-7f4861bc0000 r-xp 00000000 08:07 2363516                    /lib/x86_64-linux-gnu/libnss_nis-2.19.so
7f4861bc0000-7f4861dbf000 ---p 0000b000 08:07 2363516                    /lib/x86_64-linux-gnu/libnss_nis-2.19.so
7f4861dbf000-7f4861dc0000 r--p 0000a000 08:07 2363516                    /lib/x86_64-linux-gnu/libnss_nis-2.19.so
7f4861dc0000-7f4861dc1000 rw-p 0000b000 08:07 2363516                    /lib/x86_64-linux-gnu/libnss_nis-2.19.so
7f4861dc1000-7f4861dd8000 r-xp 00000000 08:07 2363500                    /lib/x86_64-linux-gnu/libnsl-2.19.so
7f4861dd8000-7f4861fd7000 ---p 00017000 08:07 2363500                    /lib/x86_64-linux-gnu/libnsl-2.19.so
7f4861fd7000-7f4861fd8000 r--p 00016000 08:07 2363500                    /lib/x86_64-linux-gnu/libnsl-2.19.so
7f4861fd8000-7f4861fd9000 rw-p 00017000 08:07 2363500                    /lib/x86_64-linux-gnu/libnsl-2.19.so
7f4861fd9000-7f4861fdb000 rw-p 00000000 00:00 0 
7f4861fdb000-7f4861fe4000 r-xp 00000000 08:07 2363502                    /lib/x86_64-linux-gnu/libnss_compat-2.19.so
7f4861fe4000-7f48621e3000 ---p 00009000 08:07 2363502                    /lib/x86_64-linux-gnu/libnss_compat-2.19.so
7f48621e3000-7f48621e4000 r--p 00008000 08:07 2363502                    /lib/x86_64-linux-gnu/libnss_compat-2.19.so
7f48621e4000-7f48621e5000 rw-p 00009000 08:07 2363502                    /lib/x86_64-linux-gnu/libnss_compat-2.19.so
7f48621e5000-7f486220f000 r-xp 00000000 00:18 1442389                    /home/ramon/jdk1.8.0_45/jre/lib/amd64/libjava.so
7f486220f000-7f486240f000 ---p 0002a000 00:18 1442389                    /home/ramon/jdk1.8.0_45/jre/lib/amd64/libjava.so
7f486240f000-7f4862411000 rw-p 0002a000 00:18 1442389                    /home/ramon/jdk1.8.0_45/jre/lib/amd64/libjava.so
7f4862411000-7f486241e000 r-xp 00000000 00:18 1442433                    /home/ramon/jdk1.8.0_45/jre/lib/amd64/libverify.so
7f486241e000-7f486261e000 ---p 0000d000 00:18 1442433                    /home/ramon/jdk1.8.0_45/jre/lib/amd64/libverify.so
7f486261e000-7f4862620000 rw-p 0000d000 00:18 1442433                    /home/ramon/jdk1.8.0_45/jre/lib/amd64/libverify.so
7f4862620000-7f4862627000 r-xp 00000000 08:07 2363559                    /lib/x86_64-linux-gnu/librt-2.19.so
7f4862627000-7f4862826000 ---p 00007000 08:07 2363559                    /lib/x86_64-linux-gnu/librt-2.19.so
7f4862826000-7f4862827000 r--p 00006000 08:07 2363559                    /lib/x86_64-linux-gnu/librt-2.19.so
7f4862827000-7f4862828000 rw-p 00007000 08:07 2363559                    /lib/x86_64-linux-gnu/librt-2.19.so
7f4862828000-7f486292d000 r-xp 00000000 08:07 2363481                    /lib/x86_64-linux-gnu/libm-2.19.so
7f486292d000-7f4862b2c000 ---p 00105000 08:07 2363481                    /lib/x86_64-linux-gnu/libm-2.19.so
7f4862b2c000-7f4862b2d000 r--p 00104000 08:07 2363481                    /lib/x86_64-linux-gnu/libm-2.19.so
7f4862b2d000-7f4862b2e000 rw-p 00105000 08:07 2363481                    /lib/x86_64-linux-gnu/libm-2.19.so
7f4862b2e000-7f48637dc000 r-xp 00000000 00:18 1442441                    /home/ramon/jdk1.8.0_45/jre/lib/amd64/server/libjvm.so
7f48637dc000-7f48639db000 ---p 00cae000 00:18 1442441                    /home/ramon/jdk1.8.0_45/jre/lib/amd64/server/libjvm.so
7f48639db000-7f4863ab2000 rw-p 00cad000 00:18 1442441                    /home/ramon/jdk1.8.0_45/jre/lib/amd64/server/libjvm.so
7f4863ab2000-7f4863af6000 rw-p 00000000 00:00 0 
7f4863af6000-7f4863cb2000 r-xp 00000000 08:07 2363430                    /lib/x86_64-linux-gnu/libc-2.19.so
7f4863cb2000-7f4863eb1000 ---p 001bc000 08:07 2363430                    /lib/x86_64-linux-gnu/libc-2.19.so
7f4863eb1000-7f4863eb5000 r--p 001bb000 08:07 2363430                    /lib/x86_64-linux-gnu/libc-2.19.so
7f4863eb5000-7f4863eb7000 rw-p 001bf000 08:07 2363430                    /lib/x86_64-linux-gnu/libc-2.19.so
7f4863eb7000-7f4863ebc000 rw-p 00000000 00:00 0 
7f4863ebc000-7f4863ebf000 r-xp 00000000 08:07 2363447                    /lib/x86_64-linux-gnu/libdl-2.19.so
7f4863ebf000-7f48640be000 ---p 00003000 08:07 2363447                    /lib/x86_64-linux-gnu/libdl-2.19.so
7f48640be000-7f48640bf000 r--p 00002000 08:07 2363447                    /lib/x86_64-linux-gnu/libdl-2.19.so
7f48640bf000-7f48640c0000 rw-p 00003000 08:07 2363447                    /lib/x86_64-linux-gnu/libdl-2.19.so
7f48640c0000-7f48640d5000 r-xp 00000000 00:18 1442971                    /home/ramon/jdk1.8.0_45/lib/amd64/jli/libjli.so
7f48640d5000-7f48642d5000 ---p 00015000 00:18 1442971                    /home/ramon/jdk1.8.0_45/lib/amd64/jli/libjli.so
7f48642d5000-7f48642d6000 rw-p 00015000 00:18 1442971                    /home/ramon/jdk1.8.0_45/lib/amd64/jli/libjli.so
7f48642d6000-7f48642ef000 r-xp 00000000 08:07 2363551                    /lib/x86_64-linux-gnu/libpthread-2.19.so
7f48642ef000-7f48644ee000 ---p 00019000 08:07 2363551                    /lib/x86_64-linux-gnu/libpthread-2.19.so
7f48644ee000-7f48644ef000 r--p 00018000 08:07 2363551                    /lib/x86_64-linux-gnu/libpthread-2.19.so
7f48644ef000-7f48644f0000 rw-p 00019000 08:07 2363551                    /lib/x86_64-linux-gnu/libpthread-2.19.so
7f48644f0000-7f48644f4000 rw-p 00000000 00:00 0 
7f48644f4000-7f4864517000 r-xp 00000000 08:07 2363406                    /lib/x86_64-linux-gnu/ld-2.19.so
7f486451b000-7f48645ed000 rw-p 00000000 00:00 0 
7f48645ed000-7f48645f0000 ---p 00000000 00:00 0 
7f48645f0000-7f48646f2000 rw-p 00000000 00:00 0                          [stack:8211]
7f48646f3000-7f4864708000 rw-p 00000000 00:00 0 
7f4864708000-7f4864710000 rw-s 00000000 08:07 2109730                    /tmp/hsperfdata_ramon/8205
7f4864710000-7f4864711000 rw-p 00000000 00:00 0 
7f4864711000-7f4864712000 ---p 00000000 00:00 0 
7f4864712000-7f4864714000 rw-p 00000000 00:00 0 
7f4864714000-7f4864716000 r-xp 00000000 00:00 0                          [vdso]
7f4864716000-7f4864717000 r--p 00022000 08:07 2363406                    /lib/x86_64-linux-gnu/ld-2.19.so
7f4864717000-7f4864718000 rw-p 00023000 08:07 2363406                    /lib/x86_64-linux-gnu/ld-2.19.so
7f4864718000-7f4864719000 rw-p 00000000 00:00 0 
7fffc73df000-7fffc7400000 rw-p 00000000 00:00 0                          [stack]
ffffffffff600000-ffffffffff601000 r-xp 00000000 00:00 0                  [vsyscall]

VM Arguments:
jvm_args: -Xmx1024M -Dfile.encoding=UTF-8 -Duser.country=US -Duser.language=en -Duser.variant 
java_command: com.android.dx.command.Main --dex --num-threads=4 --output /home/ramon/android-studio/Modapp/app/build/intermediates/dex/debug /home/ramon/android-studio/Modapp/app/build/intermediates/classes/debug /home/ramon/android-studio/Modapp/app/build/intermediates/pre-dexed/debug/support-annotations-22.2.0-271e9105ecf1f576842c8d9aaf4cd03192842440.jar /home/ramon/android-studio/Modapp/app/build/intermediates/pre-dexed/debug/internal_impl-22.2.0-38e801fbd20b1a537ff4313a3e9d20aac0127960.jar /home/ramon/android-studio/Modapp/app/build/intermediates/pre-dexed/debug/classes-75274607fd558eb53eb659146785df55ceb56294.jar /home/ramon/android-studio/Modapp/app/build/intermediates/pre-dexed/debug/classes-a15d3760e7725f59213f3b0da2123b5f15fc32c2.jar /home/ramon/android-studio/Modapp/app/build/intermediates/pre-dexed/debug/mysql-connector-java-5.1.30-bin-2c1e3f537b9d7ab524a037431d97905fbd2f2593.jar
java_class_path (initial): /home/ramon/android-sdks/build-tools/23.0.0_rc2/lib/dx.jar
Launcher Type: SUN_STANDARD

Environment Variables:
JAVA_HOME=/home/ramon/jdk1.8.0_45
PATH=/usr/local/sbin:/usr/local/bin:/usr/sbin:/usr/bin:/sbin:/bin:/usr/games:/usr/local/games
USERNAME=ramon
LD_LIBRARY_PATH=.:
SHELL=/bin/bash
DISPLAY=:0.0

Signal Handlers:
SIGSEGV: [libjvm.so+0xaad1e0], sa_mask[0]=11111111011111111101111111111110, sa_flags=SA_RESTART|SA_SIGINFO
SIGBUS: [libjvm.so+0xaad1e0], sa_mask[0]=11111111011111111101111111111110, sa_flags=SA_RESTART|SA_SIGINFO
SIGFPE: [libjvm.so+0x90b450], sa_mask[0]=11111111011111111101111111111110, sa_flags=SA_RESTART|SA_SIGINFO
SIGPIPE: [libjvm.so+0x90b450], sa_mask[0]=11111111011111111101111111111110, sa_flags=SA_RESTART|SA_SIGINFO
SIGXFSZ: [libjvm.so+0x90b450], sa_mask[0]=11111111011111111101111111111110, sa_flags=SA_RESTART|SA_SIGINFO
SIGILL: [libjvm.so+0x90b450], sa_mask[0]=11111111011111111101111111111110, sa_flags=SA_RESTART|SA_SIGINFO
SIGUSR1: SIG_DFL, sa_mask[0]=00000000000000000000000000000000, sa_flags=none
SIGUSR2: [libjvm.so+0x90ca90], sa_mask[0]=00100000000000000000000000000000, sa_flags=SA_RESTART|SA_SIGINFO
SIGHUP: [libjvm.so+0x90dde0], sa_mask[0]=11111111011111111101111111111110, sa_flags=SA_RESTART|SA_SIGINFO
SIGINT: [libjvm.so+0x90dde0], sa_mask[0]=11111111011111111101111111111110, sa_flags=SA_RESTART|SA_SIGINFO
SIGTERM: [libjvm.so+0x90dde0], sa_mask[0]=11111111011111111101111111111110, sa_flags=SA_RESTART|SA_SIGINFO
SIGQUIT: [libjvm.so+0x90dde0], sa_mask[0]=11111111011111111101111111111110, sa_flags=SA_RESTART|SA_SIGINFO


---------------  S Y S T E M  ---------------

OS:DISTRIB_ID=LinuxMint
DISTRIB_RELEASE=17
DISTRIB_CODENAME=qiana
DISTRIB_DESCRIPTION="Linux Mint 17 Qiana"

uname:Linux 3.13.0-24-generic #46-Ubuntu SMP Thu Apr 10 19:11:08 UTC 2014 x86_64
libc:glibc 2.19 NPTL 2.19 
rlimit: STACK 8192k, CORE 0k, NPROC 30219, NOFILE 4096, AS infinity
load average:9,85 3,87 2,14

/proc/meminfo:
MemTotal:        3899120 kB
MemFree:          108552 kB
Buffers:             140 kB
Cached:            61892 kB
SwapCached:            0 kB
Active:          3512712 kB
Inactive:          57836 kB
Active(anon):    3509924 kB
Inactive(anon):    54504 kB
Active(file):       2788 kB
Inactive(file):     3332 kB
Unevictable:          16 kB
Mlocked:              16 kB
SwapTotal:             0 kB
SwapFree:              0 kB
Dirty:                40 kB
Writeback:             0 kB
AnonPages:       3508788 kB
Mapped:            57332 kB
Shmem:             55656 kB
Slab:              70748 kB
SReclaimable:      26340 kB
SUnreclaim:        44408 kB
KernelStack:        5176 kB
PageTables:        42524 kB
NFS_Unstable:          0 kB
Bounce:                0 kB
WritebackTmp:          0 kB
CommitLimit:     1949560 kB
Committed_AS:    6678396 kB
VmallocTotal:   34359738367 kB
VmallocUsed:      287684 kB
VmallocChunk:   34359436708 kB
HardwareCorrupted:     0 kB
AnonHugePages:    278528 kB
HugePages_Total:       0
HugePages_Free:        0
HugePages_Rsvd:        0
HugePages_Surp:        0
Hugepagesize:       2048 kB
DirectMap4k:       80836 kB
DirectMap2M:     3962880 kB


CPU:total 4 (2 cores per cpu, 2 threads per core) family 6 model 37 stepping 5, cmov, cx8, fxsr, mmx, sse, sse2, sse3, ssse3, sse4.1, sse4.2, popcnt, ht, tsc, tscinvbit

/proc/cpuinfo:
processor	: 0
vendor_id	: GenuineIntel
cpu family	: 6
model		: 37
model name	: Intel(R) Core(TM) i5 CPU       M 450  @ 2.40GHz
stepping	: 5
microcode	: 0x1
cpu MHz		: 2400.000
cache size	: 3072 KB
physical id	: 0
siblings	: 4
core id		: 0
cpu cores	: 2
apicid		: 0
initial apicid	: 0
fpu		: yes
fpu_exception	: yes
cpuid level	: 11
wp		: yes
flags		: fpu vme de pse tsc msr pae mce cx8 apic sep mtrr pge mca cmov pat pse36 clflush dts acpi mmx fxsr sse sse2 ss ht tm pbe syscall nx rdtscp lm constant_tsc arch_perfmon pebs bts rep_good nopl xtopology nonstop_tsc aperfmperf pni dtes64 monitor ds_cpl vmx est tm2 ssse3 cx16 xtpr pdcm pcid sse4_1 sse4_2 popcnt lahf_lm ida arat dtherm tpr_shadow vnmi flexpriority ept vpid
bogomips	: 4788.14
clflush size	: 64
cache_alignment	: 64
address sizes	: 36 bits physical, 48 bits virtual
power management:

processor	: 1
vendor_id	: GenuineIntel
cpu family	: 6
model		: 37
model name	: Intel(R) Core(TM) i5 CPU       M 450  @ 2.40GHz
stepping	: 5
microcode	: 0x1
cpu MHz		: 1199.000
cache size	: 3072 KB
physical id	: 0
siblings	: 4
core id		: 2
cpu cores	: 2
apicid		: 4
initial apicid	: 4
fpu		: yes
fpu_exception	: yes
cpuid level	: 11
wp		: yes
flags		: fpu vme de pse tsc msr pae mce cx8 apic sep mtrr pge mca cmov pat pse36 clflush dts acpi mmx fxsr sse sse2 ss ht tm pbe syscall nx rdtscp lm constant_tsc arch_perfmon pebs bts rep_good nopl xtopology nonstop_tsc aperfmperf pni dtes64 monitor ds_cpl vmx est tm2 ssse3 cx16 xtpr pdcm pcid sse4_1 sse4_2 popcnt lahf_lm ida arat dtherm tpr_shadow vnmi flexpriority ept vpid
bogomips	: 4788.14
clflush size	: 64
cache_alignment	: 64
address sizes	: 36 bits physical, 48 bits virtual
power management:

processor	: 2
vendor_id	: GenuineIntel
cpu family	: 6
model		: 37
model name	: Intel(R) Core(TM) i5 CPU       M 450  @ 2.40GHz
stepping	: 5
microcode	: 0x1
cpu MHz		: 2400.000
cache size	: 3072 KB
physical id	: 0
siblings	: 4
core id		: 0
cpu cores	: 2
apicid		: 1
initial apicid	: 1
fpu		: yes
fpu_exception	: yes
cpuid level	: 11
wp		: yes
flags		: fpu vme de pse tsc msr pae mce cx8 apic sep mtrr pge mca cmov pat pse36 clflush dts acpi mmx fxsr sse sse2 ss ht tm pbe syscall nx rdtscp lm constant_tsc arch_perfmon pebs bts rep_good nopl xtopology nonstop_tsc aperfmperf pni dtes64 monitor ds_cpl vmx est tm2 ssse3 cx16 xtpr pdcm pcid sse4_1 sse4_2 popcnt lahf_lm ida arat dtherm tpr_shadow vnmi flexpriority ept vpid
bogomips	: 4788.14
clflush size	: 64
cache_alignment	: 64
address sizes	: 36 bits physical, 48 bits virtual
power management:

processor	: 3
vendor_id	: GenuineIntel
cpu family	: 6
model		: 37
model name	: Intel(R) Core(TM) i5 CPU       M 450  @ 2.40GHz
stepping	: 5
microcode	: 0x1
cpu MHz		: 1999.000
cache size	: 3072 KB
physical id	: 0
siblings	: 4
core id		: 2
cpu cores	: 2
apicid		: 5
initial apicid	: 5
fpu		: yes
fpu_exception	: yes
cpuid level	: 11
wp		: yes
flags		: fpu vme de pse tsc msr pae mce cx8 apic sep mtrr pge mca cmov pat pse36 clflush dts acpi mmx fxsr sse sse2 ss ht tm pbe syscall nx rdtscp lm constant_tsc arch_perfmon pebs bts rep_good nopl xtopology nonstop_tsc aperfmperf pni dtes64 monitor ds_cpl vmx est tm2 ssse3 cx16 xtpr pdcm pcid sse4_1 sse4_2 popcnt lahf_lm ida arat dtherm tpr_shadow vnmi flexpriority ept vpid
bogomips	: 4788.14
clflush size	: 64
cache_alignment	: 64
address sizes	: 36 bits physical, 48 bits virtual
power management:



Memory: 4k page, physical 3899120k(108596k free), swap 0k(0k free)

vm_info: Java HotSpot(TM) 64-Bit Server VM (25.45-b02) for linux-amd64 JRE (1.8.0_45-b14), built on Apr 10 2015 10:07:45 by "java_re" with gcc 4.3.0 20080428 (Red Hat 4.3.0-8)

time: Wed Jul 29 14:45:53 2015
elapsed time: 49 seconds (0d 0h 0m 49s)

