#
# There is insufficient memory for the Java Runtime Environment to continue.
# Native memory allocation (mmap) failed to map 95420416 bytes for committing reserved memory.
# Possible reasons:
#   The system is out of physical RAM or swap space
#   In 32 bit mode, the process size limit was hit
# Possible solutions:
#   Reduce memory load on the system
#   Increase physical memory or swap space
#   Check if swap backing store is full
#   Use 64 bit Java on a 64 bit OS
#   Decrease Java heap size (-Xmx/-Xms)
#   Decrease number of Java threads
#   Decrease Java thread stack sizes (-Xss)
#   Set larger code cache with -XX:ReservedCodeCacheSize=
# This output file may be truncated or incomplete.
#
#  Out of Memory Error (os_linux.cpp:2673), pid=5062, tid=140417587160832
#
# JRE version: Java(TM) SE Runtime Environment (8.0_45-b14) (build 1.8.0_45-b14)
# Java VM: Java HotSpot(TM) 64-Bit Server VM (25.45-b02 mixed mode linux-amd64 compressed oops)
# Failed to write core dump. Core dumps have been disabled. To enable core dumping, try "ulimit -c unlimited" before starting Java again
#

---------------  T H R E A D  ---------------

Current thread (0x00007fb5a4078000):  VMThread [stack: 0x00007fb584572000,0x00007fb584673000] [id=5073]

Stack: [0x00007fb584572000,0x00007fb584673000],  sp=0x00007fb5846711e0,  free space=1020k
Native frames: (J=compiled Java code, j=interpreted, Vv=VM code, C=native code)
V  [libjvm.so+0xaac99a]  VMError::report_and_die()+0x2ba
V  [libjvm.so+0x4f333b]  report_vm_out_of_memory(char const*, int, unsigned long, VMErrorType, char const*)+0x8b
V  [libjvm.so+0x90e7c3]  os::Linux::commit_memory_impl(char*, unsigned long, bool)+0x103
V  [libjvm.so+0x90ed19]  os::pd_commit_memory(char*, unsigned long, unsigned long, bool)+0x29
V  [libjvm.so+0x90867a]  os::commit_memory(char*, unsigned long, unsigned long, bool)+0x2a
V  [libjvm.so+0x97bac3]  PSVirtualSpace::expand_by(unsigned long)+0x53
V  [libjvm.so+0x97cec8]  PSYoungGen::resize_generation(unsigned long, unsigned long)+0xf8
V  [libjvm.so+0x97c022]  PSYoungGen::resize(unsigned long, unsigned long)+0x22
V  [libjvm.so+0x9792fb]  PSScavenge::invoke_no_policy()+0xf7b
V  [libjvm.so+0x979a81]  PSScavenge::invoke()+0x41
V  [libjvm.so+0x932050]  ParallelScavengeHeap::failed_mem_allocate(unsigned long)+0x70
V  [libjvm.so+0xaae1d7]  VM_ParallelGCFailedAllocation::doit()+0x97
V  [libjvm.so+0xab59c5]  VM_Operation::evaluate()+0x55
V  [libjvm.so+0xab3d9a]  VMThread::evaluate_operation(VM_Operation*)+0xba
V  [libjvm.so+0xab411e]  VMThread::loop()+0x1ce
V  [libjvm.so+0xab4590]  VMThread::run()+0x70
V  [libjvm.so+0x910de8]  java_start(Thread*)+0x108

VM_Operation (0x00007fb5aad220a0): ParallelGCFailedAllocation, mode: safepoint, requested by thread 0x00007fb5a400a800


---------------  P R O C E S S  ---------------

Java Threads: ( => current thread )
  0x00007fb5a40c3800 JavaThread "Service Thread" daemon [_thread_blocked, id=5080, stack(0x00007fb573a04000,0x00007fb573b05000)]
  0x00007fb5a40be800 JavaThread "C1 CompilerThread2" daemon [_thread_blocked, id=5079, stack(0x00007fb573b05000,0x00007fb573c06000)]
  0x00007fb5a40bc800 JavaThread "C2 CompilerThread1" daemon [_thread_blocked, id=5078, stack(0x00007fb58406d000,0x00007fb58416e000)]
  0x00007fb5a40b9800 JavaThread "C2 CompilerThread0" daemon [_thread_blocked, id=5077, stack(0x00007fb58416e000,0x00007fb58426f000)]
  0x00007fb5a40b8800 JavaThread "Signal Dispatcher" daemon [_thread_blocked, id=5076, stack(0x00007fb58426f000,0x00007fb584370000)]
  0x00007fb5a407f000 JavaThread "Finalizer" daemon [_thread_blocked, id=5075, stack(0x00007fb584370000,0x00007fb584471000)]
  0x00007fb5a407d000 JavaThread "Reference Handler" daemon [_thread_blocked, id=5074, stack(0x00007fb584471000,0x00007fb584572000)]
  0x00007fb5a400a800 JavaThread "main" [_thread_blocked, id=5068, stack(0x00007fb5aac23000,0x00007fb5aad24000)]

Other Threads:
=>0x00007fb5a4078000 VMThread [stack: 0x00007fb584572000,0x00007fb584673000] [id=5073]
  0x00007fb5a40c6000 WatcherThread [stack: 0x00007fb573903000,0x00007fb573a04000] [id=5081]

VM state:at safepoint (normal execution)

VM Mutex/Monitor currently owned by a thread:  ([mutex/lock_event])
[0x00007fb5a4006860] Threads_lock - owner thread: 0x00007fb5a4078000
[0x00007fb5a4006d60] Heap_lock - owner thread: 0x00007fb5a400a800

Heap:
 PSYoungGen      total 64000K, used 2551K [0x00000000eab00000, 0x00000000eec00000, 0x0000000100000000)
  eden space 61440K, 0% used [0x00000000eab00000,0x00000000eab00000,0x00000000ee700000)
  from space 2560K, 99% used [0x00000000ee700000,0x00000000ee97de80,0x00000000ee980000)
  to   space 2560K, 0% used [0x00000000ee980000,0x00000000ee980000,0x00000000eec00000)
 ParOldGen       total 40960K, used 34443K [0x00000000c0000000, 0x00000000c2800000, 0x00000000eab00000)
  object space 40960K, 84% used [0x00000000c0000000,0x00000000c21a2c20,0x00000000c2800000)
 Metaspace       used 7328K, capacity 7832K, committed 8064K, reserved 1056768K
  class space    used 730K, capacity 784K, committed 896K, reserved 1048576K

Card table byte_map: [0x00007fb594618000,0x00007fb594819000] byte_map_base: 0x00007fb594018000

Marking Bits: (ParMarkBitMap*) 0x00007fb5aa100760
 Begin Bits: [0x00007fb586000000, 0x00007fb587000000)
 End Bits:   [0x00007fb587000000, 0x00007fb588000000)

Polling page: 0x00007fb5aad47000

CodeCache: size=245760Kb used=6061Kb max_used=6072Kb free=239698Kb
 bounds [0x00007fb594bd9000, 0x00007fb5951d9000, 0x00007fb5a3bd9000]
 total_blobs=2322 nmethods=2026 adapters=211
 compilation: enabled

Compilation events (10 events):
Event: 5,335 Thread 0x00007fb5a40bc800 nmethod 2099 0x00007fb5951c3590 code [0x00007fb5951c3740, 0x00007fb5951c3dd8]
Event: 5,335 Thread 0x00007fb5a40bc800 2062       4       com.android.dx.io.instructions.InstructionCodec$10::encode (30 bytes)
Event: 5,337 Thread 0x00007fb5a40bc800 nmethod 2062 0x00007fb5951cbd50 code [0x00007fb5951cbec0, 0x00007fb5951cc0d8]
Event: 5,337 Thread 0x00007fb5a40bc800 2097       4       com.android.dx.io.instructions.InstructionCodec$2::decode (27 bytes)
Event: 5,339 Thread 0x00007fb5a40bc800 nmethod 2097 0x00007fb5951bfc10 code [0x00007fb5951bfd60, 0x00007fb5951bfe98]
Event: 5,339 Thread 0x00007fb5a40bc800 2095       4       com.android.dx.io.instructions.DecodedInstruction::getBUnit (46 bytes)
Event: 5,340 Thread 0x00007fb5a40bc800 nmethod 2095 0x00007fb5951c32d0 code [0x00007fb5951c3420, 0x00007fb5951c34d8]
Event: 5,340 Thread 0x00007fb5a40bc800 2098       4       com.android.dx.io.instructions.InstructionCodec$2::encode (11 bytes)
Event: 5,341 Thread 0x00007fb5a40bc800 nmethod 2098 0x00007fb5951c2f10 code [0x00007fb5951c3060, 0x00007fb5951c3158]
Event: 5,341 Thread 0x00007fb5a40bc800 2103       4       com.android.dx.merge.DexMerger::transformMethods (126 bytes)

GC Heap History (9 events):
Event: 2,913 GC heap before
{Heap before GC invocations=1 (full 0):
 PSYoungGen      total 17920K, used 15360K [0x00000000eab00000, 0x00000000ebf00000, 0x0000000100000000)
  eden space 15360K, 100% used [0x00000000eab00000,0x00000000eba00000,0x00000000eba00000)
  from space 2560K, 0% used [0x00000000ebc80000,0x00000000ebc80000,0x00000000ebf00000)
  to   space 2560K, 0% used [0x00000000eba00000,0x00000000eba00000,0x00000000ebc80000)
 ParOldGen       total 40960K, used 0K [0x00000000c0000000, 0x00000000c2800000, 0x00000000eab00000)
  object space 40960K, 0% used [0x00000000c0000000,0x00000000c0000000,0x00000000c2800000)
 Metaspace       used 5467K, capacity 6640K, committed 6784K, reserved 1056768K
  class space    used 570K, capacity 616K, committed 640K, reserved 1048576K
Event: 2,960 GC heap after
Heap after GC invocations=1 (full 0):
 PSYoungGen      total 17920K, used 2548K [0x00000000eab00000, 0x00000000ece00000, 0x0000000100000000)
  eden space 15360K, 0% used [0x00000000eab00000,0x00000000eab00000,0x00000000eba00000)
  from space 2560K, 99% used [0x00000000eba00000,0x00000000ebc7d118,0x00000000ebc80000)
  to   space 2560K, 0% used [0x00000000ecb80000,0x00000000ecb80000,0x00000000ece00000)
 ParOldGen       total 40960K, used 2180K [0x00000000c0000000, 0x00000000c2800000, 0x00000000eab00000)
  object space 40960K, 5% used [0x00000000c0000000,0x00000000c02210a0,0x00000000c2800000)
 Metaspace       used 5467K, capacity 6640K, committed 6784K, reserved 1056768K
  class space    used 570K, capacity 616K, committed 640K, reserved 1048576K
}
Event: 3,361 GC heap before
{Heap before GC invocations=2 (full 0):
 PSYoungGen      total 17920K, used 17908K [0x00000000eab00000, 0x00000000ece00000, 0x0000000100000000)
  eden space 15360K, 100% used [0x00000000eab00000,0x00000000eba00000,0x00000000eba00000)
  from space 2560K, 99% used [0x00000000eba00000,0x00000000ebc7d118,0x00000000ebc80000)
  to   space 2560K, 0% used [0x00000000ecb80000,0x00000000ecb80000,0x00000000ece00000)
 ParOldGen       total 40960K, used 2180K [0x00000000c0000000, 0x00000000c2800000, 0x00000000eab00000)
  object space 40960K, 5% used [0x00000000c0000000,0x00000000c02210a0,0x00000000c2800000)
 Metaspace       used 5620K, capacity 6768K, committed 7040K, reserved 1056768K
  class space    used 574K, capacity 616K, committed 640K, reserved 1048576K
Event: 3,372 GC heap after
Heap after GC invocations=2 (full 0):
 PSYoungGen      total 33280K, used 2529K [0x00000000eab00000, 0x00000000ece00000, 0x0000000100000000)
  eden space 30720K, 0% used [0x00000000eab00000,0x00000000eab00000,0x00000000ec900000)
  from space 2560K, 98% used [0x00000000ecb80000,0x00000000ecdf86b8,0x00000000ece00000)
  to   space 2560K, 0% used [0x00000000ec900000,0x00000000ec900000,0x00000000ecb80000)
 ParOldGen       total 40960K, used 4244K [0x00000000c0000000, 0x00000000c2800000, 0x00000000eab00000)
  object space 40960K, 10% used [0x00000000c0000000,0x00000000c0425298,0x00000000c2800000)
 Metaspace       used 5620K, capacity 6768K, committed 7040K, reserved 1056768K
  class space    used 574K, capacity 616K, committed 640K, reserved 1048576K
}
Event: 4,710 GC heap before
{Heap before GC invocations=3 (full 0):
 PSYoungGen      total 33280K, used 33249K [0x00000000eab00000, 0x00000000ece00000, 0x0000000100000000)
  eden space 30720K, 100% used [0x00000000eab00000,0x00000000ec900000,0x00000000ec900000)
  from space 2560K, 98% used [0x00000000ecb80000,0x00000000ecdf86b8,0x00000000ece00000)
  to   space 2560K, 0% used [0x00000000ec900000,0x00000000ec900000,0x00000000ecb80000)
 ParOldGen       total 40960K, used 4244K [0x00000000c0000000, 0x00000000c2800000, 0x00000000eab00000)
  object space 40960K, 10% used [0x00000000c0000000,0x00000000c0425298,0x00000000c2800000)
 Metaspace       used 7241K, capacity 7768K, committed 8064K, reserved 1056768K
  class space    used 729K, capacity 784K, committed 896K, reserved 1048576K
Event: 4,727 GC heap after
Heap after GC invocations=3 (full 0):
 PSYoungGen      total 33280K, used 2547K [0x00000000eab00000, 0x00000000eec00000, 0x0000000100000000)
  eden space 30720K, 0% used [0x00000000eab00000,0x00000000eab00000,0x00000000ec900000)
  from space 2560K, 99% used [0x00000000ec900000,0x00000000ecb7cf68,0x00000000ecb80000)
  to   space 2560K, 0% used [0x00000000ee980000,0x00000000ee980000,0x00000000eec00000)
 ParOldGen       total 40960K, used 13599K [0x00000000c0000000, 0x00000000c2800000, 0x00000000eab00000)
  object space 40960K, 33% used [0x00000000c0000000,0x00000000c0d47c50,0x00000000c2800000)
 Metaspace       used 7241K, capacity 7768K, committed 8064K, reserved 1056768K
  class space    used 729K, capacity 784K, committed 896K, reserved 1048576K
}
Event: 5,056 GC heap before
{Heap before GC invocations=4 (full 0):
 PSYoungGen      total 33280K, used 33267K [0x00000000eab00000, 0x00000000eec00000, 0x0000000100000000)
  eden space 30720K, 100% used [0x00000000eab00000,0x00000000ec900000,0x00000000ec900000)
  from space 2560K, 99% used [0x00000000ec900000,0x00000000ecb7cf68,0x00000000ecb80000)
  to   space 2560K, 0% used [0x00000000ee980000,0x00000000ee980000,0x00000000eec00000)
 ParOldGen       total 40960K, used 13599K [0x00000000c0000000, 0x00000000c2800000, 0x00000000eab00000)
  object space 40960K, 33% used [0x00000000c0000000,0x00000000c0d47c50,0x00000000c2800000)
 Metaspace       used 7302K, capacity 7832K, committed 8064K, reserved 1056768K
  class space    used 729K, capacity 784K, committed 896K, reserved 1048576K
Event: 5,069 GC heap after
Heap after GC invocations=4 (full 0):
 PSYoungGen      total 64000K, used 2549K [0x00000000eab00000, 0x00000000eec00000, 0x0000000100000000)
  eden space 61440K, 0% used [0x00000000eab00000,0x00000000eab00000,0x00000000ee700000)
  from space 2560K, 99% used [0x00000000ee980000,0x00000000eebfd7c8,0x00000000eec00000)
  to   space 2560K, 0% used [0x00000000ee700000,0x00000000ee700000,0x00000000ee980000)
 ParOldGen       total 40960K, used 18240K [0x00000000c0000000, 0x00000000c2800000, 0x00000000eab00000)
  object space 40960K, 44% used [0x00000000c0000000,0x00000000c11d0278,0x00000000c2800000)
 Metaspace       used 7302K, capacity 7832K, committed 8064K, reserved 1056768K
  class space    used 729K, capacity 784K, committed 896K, reserved 1048576K
}
Event: 5,353 GC heap before
{Heap before GC invocations=5 (full 0):
 PSYoungGen      total 64000K, used 63989K [0x00000000eab00000, 0x00000000eec00000, 0x0000000100000000)
  eden space 61440K, 100% used [0x00000000eab00000,0x00000000ee700000,0x00000000ee700000)
  from space 2560K, 99% used [0x00000000ee980000,0x00000000eebfd7c8,0x00000000eec00000)
  to   space 2560K, 0% used [0x00000000ee700000,0x00000000ee700000,0x00000000ee980000)
 ParOldGen       total 40960K, used 18240K [0x00000000c0000000, 0x00000000c2800000, 0x00000000eab00000)
  object space 40960K, 44% used [0x00000000c0000000,0x00000000c11d0278,0x00000000c2800000)
 Metaspace       used 7328K, capacity 7832K, committed 8064K, reserved 1056768K
  class space    used 730K, capacity 784K, committed 896K, reserved 1048576K

Deoptimization events (10 events):
Event: 4,186 Thread 0x00007fb5a400a800 Uncommon trap: reason=class_check action=maybe_recompile pc=0x00007fb594f5da30 method=java.util.HashMap.putVal(ILjava/lang/Object;Ljava/lang/Object;ZZ)Ljava/lang/Object; @ 56
Event: 4,391 Thread 0x00007fb5a400a800 Uncommon trap: reason=unstable_if action=reinterpret pc=0x00007fb594ff689c method=java.util.HashMap.putVal(ILjava/lang/Object;Ljava/lang/Object;ZZ)Ljava/lang/Object; @ 162
Event: 4,600 Thread 0x00007fb5a400a800 Uncommon trap: reason=predicate action=maybe_recompile pc=0x00007fb5950aa850 method=com.android.dex.Leb128.readUnsignedLeb128(Lcom/android/dex/util/ByteInput;)I @ 41
Event: 4,622 Thread 0x00007fb5a400a800 Uncommon trap: reason=unstable_if action=reinterpret pc=0x00007fb594f4b818 method=java.util.HashMap.getNode(ILjava/lang/Object;)Ljava/util/HashMap$Node; @ 84
Event: 4,631 Thread 0x00007fb5a400a800 Uncommon trap: reason=unstable_if action=reinterpret pc=0x00007fb594fdaa84 method=java.util.HashMap.getNode(ILjava/lang/Object;)Ljava/util/HashMap$Node; @ 84
Event: 5,249 Thread 0x00007fb5a400a800 Uncommon trap: reason=unstable_if action=reinterpret pc=0x00007fb5950cebec method=com.android.dex.Mutf8.decode(Lcom/android/dex/util/ByteInput;[C)Ljava/lang/String; @ 37
Event: 5,249 Thread 0x00007fb5a400a800 Uncommon trap: reason=unstable_if action=reinterpret pc=0x00007fb5950ca024 method=com.android.dex.Mutf8.countBytes(Ljava/lang/String;Z)J @ 35
Event: 5,249 Thread 0x00007fb5a400a800 Uncommon trap: reason=unstable_if action=reinterpret pc=0x00007fb59504e41c method=com.android.dex.Mutf8.encode([BILjava/lang/String;)V @ 31
Event: 5,249 Thread 0x00007fb5a400a800 Uncommon trap: reason=unstable_if action=reinterpret pc=0x00007fb5950fcb14 method=com.android.dex.Mutf8.decode(Lcom/android/dex/util/ByteInput;[C)Ljava/lang/String; @ 37
Event: 5,249 Thread 0x00007fb5a400a800 Uncommon trap: reason=unstable_if action=reinterpret pc=0x00007fb595050958 method=com.android.dex.Mutf8.countBytes(Ljava/lang/String;Z)J @ 35

Internal exceptions (2 events):
Event: 1,301 Thread 0x00007fb5a400a800 Exception <a 'java/lang/NoSuchMethodError': Method sun.misc.Unsafe.defineClass(Ljava/lang/String;[BII)Ljava/lang/Class; name or signature does not match> (0x00000000eab12a38) thrown at [/RE-WORK/workspace/8-2-build-linux-amd64/jdk8u45/3457/hotspot/src/sha
Event: 1,311 Thread 0x00007fb5a400a800 Exception <a 'java/lang/NoSuchMethodError': Method sun.misc.Unsafe.prefetchRead(Ljava/lang/Object;J)V name or signature does not match> (0x00000000eab12cc8) thrown at [/RE-WORK/workspace/8-2-build-linux-amd64/jdk8u45/3457/hotspot/src/share/vm/prims/jni.cp

Events (10 events):
Event: 5,249 Thread 0x00007fb5a400a800 Uncommon trap: trap_request=0xffffff65 fr.pc=0x00007fb59504e41c
Event: 5,249 Thread 0x00007fb5a400a800 DEOPT PACKING pc=0x00007fb59504e41c sp=0x00007fb5aad222b0
Event: 5,249 Thread 0x00007fb5a400a800 DEOPT UNPACKING pc=0x00007fb594bde229 sp=0x00007fb5aad22278 mode 2
Event: 5,249 Thread 0x00007fb5a400a800 Uncommon trap: trap_request=0xffffff65 fr.pc=0x00007fb5950fcb14
Event: 5,249 Thread 0x00007fb5a400a800 DEOPT PACKING pc=0x00007fb5950fcb14 sp=0x00007fb5aad22360
Event: 5,249 Thread 0x00007fb5a400a800 DEOPT UNPACKING pc=0x00007fb594bde229 sp=0x00007fb5aad222b0 mode 2
Event: 5,249 Thread 0x00007fb5a400a800 Uncommon trap: trap_request=0xffffff65 fr.pc=0x00007fb595050958
Event: 5,249 Thread 0x00007fb5a400a800 DEOPT PACKING pc=0x00007fb595050958 sp=0x00007fb5aad222f0
Event: 5,249 Thread 0x00007fb5a400a800 DEOPT UNPACKING pc=0x00007fb594bde229 sp=0x00007fb5aad22298 mode 2
Event: 5,353 Executing VM operation: ParallelGCFailedAllocation


Dynamic libraries:
00400000-00401000 r-xp 00000000 00:18 1442608                            /home/ramon/jdk1.8.0_45/bin/java
00600000-00601000 rw-p 00000000 00:18 1442608                            /home/ramon/jdk1.8.0_45/bin/java
022c9000-022ea000 rw-p 00000000 00:00 0                                  [heap]
c0000000-c2800000 rw-p 00000000 00:00 0 
c2800000-eab00000 ---p 00000000 00:00 0 
eab00000-eec00000 rw-p 00000000 00:00 0 
f4700000-100000000 ---p 00000000 00:00 0 
100000000-1000e0000 rw-p 00000000 00:00 0 
1000e0000-140000000 ---p 00000000 00:00 0 
7fb544000000-7fb544021000 rw-p 00000000 00:00 0 
7fb544021000-7fb548000000 ---p 00000000 00:00 0 
7fb548000000-7fb548035000 rw-p 00000000 00:00 0 
7fb548035000-7fb54c000000 ---p 00000000 00:00 0 
7fb54c000000-7fb54c021000 rw-p 00000000 00:00 0 
7fb54c021000-7fb550000000 ---p 00000000 00:00 0 
7fb550000000-7fb550021000 rw-p 00000000 00:00 0 
7fb550021000-7fb554000000 ---p 00000000 00:00 0 
7fb554000000-7fb554021000 rw-p 00000000 00:00 0 
7fb554021000-7fb558000000 ---p 00000000 00:00 0 
7fb558000000-7fb55806d000 rw-p 00000000 00:00 0 
7fb55806d000-7fb55c000000 ---p 00000000 00:00 0 
7fb55c000000-7fb55c4eb000 rw-p 00000000 00:00 0 
7fb55c4eb000-7fb560000000 ---p 00000000 00:00 0 
7fb560000000-7fb560021000 rw-p 00000000 00:00 0 
7fb560021000-7fb564000000 ---p 00000000 00:00 0 
7fb564000000-7fb5646bc000 rw-p 00000000 00:00 0 
7fb5646bc000-7fb568000000 ---p 00000000 00:00 0 
7fb568000000-7fb568aa0000 rw-p 00000000 00:00 0 
7fb568aa0000-7fb56c000000 ---p 00000000 00:00 0 
7fb56c000000-7fb56c021000 rw-p 00000000 00:00 0 
7fb56c021000-7fb570000000 ---p 00000000 00:00 0 
7fb5733fe000-7fb573401000 ---p 00000000 00:00 0 
7fb573401000-7fb5734ff000 rw-p 00000000 00:00 0 
7fb5734ff000-7fb573502000 ---p 00000000 00:00 0 
7fb573502000-7fb573600000 rw-p 00000000 00:00 0 
7fb573600000-7fb573603000 ---p 00000000 00:00 0 
7fb573603000-7fb573701000 rw-p 00000000 00:00 0 
7fb573701000-7fb573704000 ---p 00000000 00:00 0 
7fb573704000-7fb573802000 rw-p 00000000 00:00 0 
7fb573802000-7fb573805000 ---p 00000000 00:00 0 
7fb573805000-7fb573903000 rw-p 00000000 00:00 0 
7fb573903000-7fb573904000 ---p 00000000 00:00 0 
7fb573904000-7fb573a04000 rw-p 00000000 00:00 0                          [stack:5081]
7fb573a04000-7fb573a07000 ---p 00000000 00:00 0 
7fb573a07000-7fb573b05000 rw-p 00000000 00:00 0                          [stack:5080]
7fb573b05000-7fb573b08000 ---p 00000000 00:00 0 
7fb573b08000-7fb573c06000 rw-p 00000000 00:00 0                          [stack:5079]
7fb573c06000-7fb574000000 r--p 00000000 08:07 1972918                    /usr/lib/locale/locale-archive
7fb574000000-7fb574021000 rw-p 00000000 00:00 0 
7fb574021000-7fb578000000 ---p 00000000 00:00 0 
7fb578000000-7fb578021000 rw-p 00000000 00:00 0 
7fb578021000-7fb57c000000 ---p 00000000 00:00 0 
7fb57c000000-7fb57c28a000 rw-p 00000000 00:00 0 
7fb57c28a000-7fb580000000 ---p 00000000 00:00 0 
7fb580000000-7fb580021000 rw-p 00000000 00:00 0 
7fb580021000-7fb584000000 ---p 00000000 00:00 0 
7fb58406d000-7fb584070000 ---p 00000000 00:00 0 
7fb584070000-7fb58416e000 rw-p 00000000 00:00 0                          [stack:5078]
7fb58416e000-7fb584171000 ---p 00000000 00:00 0 
7fb584171000-7fb58426f000 rw-p 00000000 00:00 0                          [stack:5077]
7fb58426f000-7fb584272000 ---p 00000000 00:00 0 
7fb584272000-7fb584370000 rw-p 00000000 00:00 0                          [stack:5076]
7fb584370000-7fb584373000 ---p 00000000 00:00 0 
7fb584373000-7fb584471000 rw-p 00000000 00:00 0                          [stack:5075]
7fb584471000-7fb584474000 ---p 00000000 00:00 0 
7fb584474000-7fb584572000 rw-p 00000000 00:00 0                          [stack:5074]
7fb584572000-7fb584573000 ---p 00000000 00:00 0 
7fb584573000-7fb585627000 rw-p 00000000 00:00 0                          [stack:5073]
7fb585627000-7fb585800000 r--s 03d09000 00:18 1442361                    /home/ramon/jdk1.8.0_45/jre/lib/rt.jar
7fb585800000-7fb585f00000 rw-p 00000000 00:00 0 
7fb585f00000-7fb586000000 ---p 00000000 00:00 0 
7fb586000000-7fb588000000 rw-p 00000000 00:00 0 
7fb588000000-7fb588021000 rw-p 00000000 00:00 0 
7fb588021000-7fb58c000000 ---p 00000000 00:00 0 
7fb58c000000-7fb58c021000 rw-p 00000000 00:00 0 
7fb58c021000-7fb590000000 ---p 00000000 00:00 0 
7fb590000000-7fb590021000 rw-p 00000000 00:00 0 
7fb590021000-7fb594000000 ---p 00000000 00:00 0 
7fb594014000-7fb594214000 rw-p 00000000 00:00 0 
7fb594214000-7fb594215000 ---p 00000000 00:00 0 
7fb594215000-7fb594315000 rw-p 00000000 00:00 0                          [stack:5072]
7fb594315000-7fb594316000 ---p 00000000 00:00 0 
7fb594316000-7fb594416000 rw-p 00000000 00:00 0                          [stack:5071]
7fb594416000-7fb594417000 ---p 00000000 00:00 0 
7fb594417000-7fb594517000 rw-p 00000000 00:00 0                          [stack:5070]
7fb594517000-7fb594518000 ---p 00000000 00:00 0 
7fb594518000-7fb59462c000 rw-p 00000000 00:00 0                          [stack:5069]
7fb59462c000-7fb59476d000 ---p 00000000 00:00 0 
7fb59476d000-7fb59478e000 rw-p 00000000 00:00 0 
7fb59478e000-7fb594818000 ---p 00000000 00:00 0 
7fb594818000-7fb594831000 rw-p 00000000 00:00 0 
7fb594831000-7fb594bd9000 ---p 00000000 00:00 0 
7fb594bd9000-7fb5951d9000 rwxp 00000000 00:00 0 
7fb5951d9000-7fb5a3bd9000 ---p 00000000 00:00 0 
7fb5a3bd9000-7fb5a3bf3000 r-xp 00000000 00:18 1442397                    /home/ramon/jdk1.8.0_45/jre/lib/amd64/libzip.so
7fb5a3bf3000-7fb5a3df3000 ---p 0001a000 00:18 1442397                    /home/ramon/jdk1.8.0_45/jre/lib/amd64/libzip.so
7fb5a3df3000-7fb5a3df4000 rw-p 0001a000 00:18 1442397                    /home/ramon/jdk1.8.0_45/jre/lib/amd64/libzip.so
7fb5a3df4000-7fb5a3dff000 r-xp 00000000 08:07 2368949                    /lib/x86_64-linux-gnu/libnss_files-2.19.so
7fb5a3dff000-7fb5a3ffe000 ---p 0000b000 08:07 2368949                    /lib/x86_64-linux-gnu/libnss_files-2.19.so
7fb5a3ffe000-7fb5a3fff000 r--p 0000a000 08:07 2368949                    /lib/x86_64-linux-gnu/libnss_files-2.19.so
7fb5a3fff000-7fb5a4000000 rw-p 0000b000 08:07 2368949                    /lib/x86_64-linux-gnu/libnss_files-2.19.so
7fb5a4000000-7fb5a43b7000 rw-p 00000000 00:00 0 
7fb5a43b7000-7fb5a8000000 ---p 00000000 00:00 0 
7fb5a800f000-7fb5a801e000 r--s 000df000 00:18 2106364                    /home/ramon/android-sdks/build-tools/23.0.0_rc2/lib/dx.jar
7fb5a801e000-7fb5a80a8000 rw-p 00000000 00:00 0 
7fb5a80a8000-7fb5a81ea000 ---p 00000000 00:00 0 
7fb5a81ea000-7fb5a81f5000 r-xp 00000000 08:07 2368969                    /lib/x86_64-linux-gnu/libnss_nis-2.19.so
7fb5a81f5000-7fb5a83f4000 ---p 0000b000 08:07 2368969                    /lib/x86_64-linux-gnu/libnss_nis-2.19.so
7fb5a83f4000-7fb5a83f5000 r--p 0000a000 08:07 2368969                    /lib/x86_64-linux-gnu/libnss_nis-2.19.so
7fb5a83f5000-7fb5a83f6000 rw-p 0000b000 08:07 2368969                    /lib/x86_64-linux-gnu/libnss_nis-2.19.so
7fb5a83f6000-7fb5a840d000 r-xp 00000000 08:07 2368958                    /lib/x86_64-linux-gnu/libnsl-2.19.so
7fb5a840d000-7fb5a860c000 ---p 00017000 08:07 2368958                    /lib/x86_64-linux-gnu/libnsl-2.19.so
7fb5a860c000-7fb5a860d000 r--p 00016000 08:07 2368958                    /lib/x86_64-linux-gnu/libnsl-2.19.so
7fb5a860d000-7fb5a860e000 rw-p 00017000 08:07 2368958                    /lib/x86_64-linux-gnu/libnsl-2.19.so
7fb5a860e000-7fb5a8610000 rw-p 00000000 00:00 0 
7fb5a8610000-7fb5a8619000 r-xp 00000000 08:07 2368957                    /lib/x86_64-linux-gnu/libnss_compat-2.19.so
7fb5a8619000-7fb5a8818000 ---p 00009000 08:07 2368957                    /lib/x86_64-linux-gnu/libnss_compat-2.19.so
7fb5a8818000-7fb5a8819000 r--p 00008000 08:07 2368957                    /lib/x86_64-linux-gnu/libnss_compat-2.19.so
7fb5a8819000-7fb5a881a000 rw-p 00009000 08:07 2368957                    /lib/x86_64-linux-gnu/libnss_compat-2.19.so
7fb5a881a000-7fb5a8844000 r-xp 00000000 00:18 1442389                    /home/ramon/jdk1.8.0_45/jre/lib/amd64/libjava.so
7fb5a8844000-7fb5a8a44000 ---p 0002a000 00:18 1442389                    /home/ramon/jdk1.8.0_45/jre/lib/amd64/libjava.so
7fb5a8a44000-7fb5a8a46000 rw-p 0002a000 00:18 1442389                    /home/ramon/jdk1.8.0_45/jre/lib/amd64/libjava.so
7fb5a8a46000-7fb5a8a53000 r-xp 00000000 00:18 1442433                    /home/ramon/jdk1.8.0_45/jre/lib/amd64/libverify.so
7fb5a8a53000-7fb5a8c53000 ---p 0000d000 00:18 1442433                    /home/ramon/jdk1.8.0_45/jre/lib/amd64/libverify.so
7fb5a8c53000-7fb5a8c55000 rw-p 0000d000 00:18 1442433                    /home/ramon/jdk1.8.0_45/jre/lib/amd64/libverify.so
7fb5a8c55000-7fb5a8c5c000 r-xp 00000000 08:07 2368966                    /lib/x86_64-linux-gnu/librt-2.19.so
7fb5a8c5c000-7fb5a8e5b000 ---p 00007000 08:07 2368966                    /lib/x86_64-linux-gnu/librt-2.19.so
7fb5a8e5b000-7fb5a8e5c000 r--p 00006000 08:07 2368966                    /lib/x86_64-linux-gnu/librt-2.19.so
7fb5a8e5c000-7fb5a8e5d000 rw-p 00007000 08:07 2368966                    /lib/x86_64-linux-gnu/librt-2.19.so
7fb5a8e5d000-7fb5a8f62000 r-xp 00000000 08:07 2363977                    /lib/x86_64-linux-gnu/libm-2.19.so
7fb5a8f62000-7fb5a9161000 ---p 00105000 08:07 2363977                    /lib/x86_64-linux-gnu/libm-2.19.so
7fb5a9161000-7fb5a9162000 r--p 00104000 08:07 2363977                    /lib/x86_64-linux-gnu/libm-2.19.so
7fb5a9162000-7fb5a9163000 rw-p 00105000 08:07 2363977                    /lib/x86_64-linux-gnu/libm-2.19.so
7fb5a9163000-7fb5a9e11000 r-xp 00000000 00:18 1442441                    /home/ramon/jdk1.8.0_45/jre/lib/amd64/server/libjvm.so
7fb5a9e11000-7fb5aa010000 ---p 00cae000 00:18 1442441                    /home/ramon/jdk1.8.0_45/jre/lib/amd64/server/libjvm.so
7fb5aa010000-7fb5aa0e7000 rw-p 00cad000 00:18 1442441                    /home/ramon/jdk1.8.0_45/jre/lib/amd64/server/libjvm.so
7fb5aa0e7000-7fb5aa12b000 rw-p 00000000 00:00 0 
7fb5aa12b000-7fb5aa2e6000 r-xp 00000000 08:07 2368963                    /lib/x86_64-linux-gnu/libc-2.19.so
7fb5aa2e6000-7fb5aa4e5000 ---p 001bb000 08:07 2368963                    /lib/x86_64-linux-gnu/libc-2.19.so
7fb5aa4e5000-7fb5aa4e9000 r--p 001ba000 08:07 2368963                    /lib/x86_64-linux-gnu/libc-2.19.so
7fb5aa4e9000-7fb5aa4eb000 rw-p 001be000 08:07 2368963                    /lib/x86_64-linux-gnu/libc-2.19.so
7fb5aa4eb000-7fb5aa4f0000 rw-p 00000000 00:00 0 
7fb5aa4f0000-7fb5aa4f3000 r-xp 00000000 08:07 2368952                    /lib/x86_64-linux-gnu/libdl-2.19.so
7fb5aa4f3000-7fb5aa6f2000 ---p 00003000 08:07 2368952                    /lib/x86_64-linux-gnu/libdl-2.19.so
7fb5aa6f2000-7fb5aa6f3000 r--p 00002000 08:07 2368952                    /lib/x86_64-linux-gnu/libdl-2.19.so
7fb5aa6f3000-7fb5aa6f4000 rw-p 00003000 08:07 2368952                    /lib/x86_64-linux-gnu/libdl-2.19.so
7fb5aa6f4000-7fb5aa709000 r-xp 00000000 00:18 1442971                    /home/ramon/jdk1.8.0_45/lib/amd64/jli/libjli.so
7fb5aa709000-7fb5aa909000 ---p 00015000 00:18 1442971                    /home/ramon/jdk1.8.0_45/lib/amd64/jli/libjli.so
7fb5aa909000-7fb5aa90a000 rw-p 00015000 00:18 1442971                    /home/ramon/jdk1.8.0_45/lib/amd64/jli/libjli.so
7fb5aa90a000-7fb5aa923000 r-xp 00000000 08:07 2368964                    /lib/x86_64-linux-gnu/libpthread-2.19.so
7fb5aa923000-7fb5aab22000 ---p 00019000 08:07 2368964                    /lib/x86_64-linux-gnu/libpthread-2.19.so
7fb5aab22000-7fb5aab23000 r--p 00018000 08:07 2368964                    /lib/x86_64-linux-gnu/libpthread-2.19.so
7fb5aab23000-7fb5aab24000 rw-p 00019000 08:07 2368964                    /lib/x86_64-linux-gnu/libpthread-2.19.so
7fb5aab24000-7fb5aab28000 rw-p 00000000 00:00 0 
7fb5aab28000-7fb5aab4b000 r-xp 00000000 08:07 2368960                    /lib/x86_64-linux-gnu/ld-2.19.so
7fb5aab4c000-7fb5aab51000 r--s 00094000 00:18 1442356                    /home/ramon/jdk1.8.0_45/jre/lib/jsse.jar
7fb5aab51000-7fb5aac23000 rw-p 00000000 00:00 0 
7fb5aac23000-7fb5aac26000 ---p 00000000 00:00 0 
7fb5aac26000-7fb5aad28000 rw-p 00000000 00:00 0                          [stack:5068]
7fb5aad29000-7fb5aad3e000 rw-p 00000000 00:00 0 
7fb5aad3e000-7fb5aad46000 rw-s 00000000 08:07 2369048                    /tmp/hsperfdata_ramon/5062
7fb5aad46000-7fb5aad47000 rw-p 00000000 00:00 0 
7fb5aad47000-7fb5aad48000 ---p 00000000 00:00 0 
7fb5aad48000-7fb5aad4a000 rw-p 00000000 00:00 0 
7fb5aad4a000-7fb5aad4b000 r--p 00022000 08:07 2368960                    /lib/x86_64-linux-gnu/ld-2.19.so
7fb5aad4b000-7fb5aad4c000 rw-p 00023000 08:07 2368960                    /lib/x86_64-linux-gnu/ld-2.19.so
7fb5aad4c000-7fb5aad4d000 rw-p 00000000 00:00 0 
7fff2d6fa000-7fff2d71c000 rw-p 00000000 00:00 0                          [stack]
7fff2d7fe000-7fff2d800000 r-xp 00000000 00:00 0                          [vdso]
ffffffffff600000-ffffffffff601000 r-xp 00000000 00:00 0                  [vsyscall]

VM Arguments:
jvm_args: -Xmx1024M -Dfile.encoding=UTF-8 -Duser.country=US -Duser.language=en -Duser.variant 
java_command: com.android.dx.command.Main --dex --num-threads=4 --output /home/ramon/android-studio (2)/TFSgpsApp/app/build/intermediates/dex/debug /home/ramon/android-studio (2)/TFSgpsApp/app/build/intermediates/classes/debug /home/ramon/android-studio (2)/TFSgpsApp/app/build/intermediates/pre-dexed/debug/support-annotations-22.2.0-271e9105ecf1f576842c8d9aaf4cd03192842440.jar /home/ramon/android-studio (2)/TFSgpsApp/app/build/intermediates/pre-dexed/debug/internal_impl-22.2.0-5918788f4898afd09722be280bb411cce98730a7.jar /home/ramon/android-studio (2)/TFSgpsApp/app/build/intermediates/pre-dexed/debug/classes-cd4c35fc364e5816b7a2d91fa12f7a3237dab792.jar /home/ramon/android-studio (2)/TFSgpsApp/app/build/intermediates/pre-dexed/debug/classes-cb1283698c3a1f06fdffdfd636136985491fd5d6.jar /home/ramon/android-studio (2)/TFSgpsApp/app/build/intermediates/pre-dexed/debug/mysql-connector-java-5.1.30-bin-f95e5a2ad8d61c0f6547e8a54a959b489c91f81b.jar
java_class_path (initial): /home/ramon/android-sdks/build-tools/23.0.0_rc2/lib/dx.jar
Launcher Type: SUN_STANDARD

Environment Variables:
JAVA_HOME=/usr/lib/jvm/java-7-openjdk-amd64
PATH=/usr/lib/jvm/java-7-openjdk-amd64/bin:/usr/local/sbin:/usr/local/bin:/usr/sbin:/usr/bin:/sbin:/bin:/usr/games:/usr/local/games:/home/ramon/SOFCOMMON/apache-ant-1.8.4/bin
USERNAME=ramon
LD_LIBRARY_PATH=.:
SHELL=/bin/bash
DISPLAY=:0.0

Signal Handlers:
SIGSEGV: [libjvm.so+0xaad1e0], sa_mask[0]=11111111011111111101111111111110, sa_flags=SA_RESTART|SA_SIGINFO
SIGBUS: [libjvm.so+0xaad1e0], sa_mask[0]=11111111011111111101111111111110, sa_flags=SA_RESTART|SA_SIGINFO
SIGFPE: [libjvm.so+0x90b450], sa_mask[0]=11111111011111111101111111111110, sa_flags=SA_RESTART|SA_SIGINFO
SIGPIPE: [libjvm.so+0x90b450], sa_mask[0]=11111111011111111101111111111110, sa_flags=SA_RESTART|SA_SIGINFO
SIGXFSZ: [libjvm.so+0x90b450], sa_mask[0]=11111111011111111101111111111110, sa_flags=SA_RESTART|SA_SIGINFO
SIGILL: [libjvm.so+0x90b450], sa_mask[0]=11111111011111111101111111111110, sa_flags=SA_RESTART|SA_SIGINFO
SIGUSR1: SIG_DFL, sa_mask[0]=00000000000000000000000000000000, sa_flags=none
SIGUSR2: [libjvm.so+0x90ca90], sa_mask[0]=00100000000000000000000000000000, sa_flags=SA_RESTART|SA_SIGINFO
SIGHUP: [libjvm.so+0x90dde0], sa_mask[0]=11111111011111111101111111111110, sa_flags=SA_RESTART|SA_SIGINFO
SIGINT: [libjvm.so+0x90dde0], sa_mask[0]=11111111011111111101111111111110, sa_flags=SA_RESTART|SA_SIGINFO
SIGTERM: [libjvm.so+0x90dde0], sa_mask[0]=11111111011111111101111111111110, sa_flags=SA_RESTART|SA_SIGINFO
SIGQUIT: [libjvm.so+0x90dde0], sa_mask[0]=11111111011111111101111111111110, sa_flags=SA_RESTART|SA_SIGINFO


---------------  S Y S T E M  ---------------

OS:DISTRIB_ID=LinuxMint
DISTRIB_RELEASE=17
DISTRIB_CODENAME=qiana
DISTRIB_DESCRIPTION="Linux Mint 17 Qiana"

uname:Linux 3.13.0-24-generic #46-Ubuntu SMP Thu Apr 10 19:11:08 UTC 2014 x86_64
libc:glibc 2.19 NPTL 2.19 
rlimit: STACK 8192k, CORE 0k, NPROC 30219, NOFILE 4096, AS infinity
load average:7,86 4,14 2,51

/proc/meminfo:
MemTotal:        3899120 kB
MemFree:          102436 kB
Buffers:             272 kB
Cached:            45412 kB
SwapCached:            0 kB
Active:          3417132 kB
Inactive:          37480 kB
Active(anon):    3410436 kB
Inactive(anon):    24712 kB
Active(file):       6696 kB
Inactive(file):    12768 kB
Unevictable:          16 kB
Mlocked:              16 kB
SwapTotal:             0 kB
SwapFree:              0 kB
Dirty:               260 kB
Writeback:             0 kB
AnonPages:       3409044 kB
Mapped:            33540 kB
Shmem:             26120 kB
Slab:              68144 kB
SReclaimable:      27688 kB
SUnreclaim:        40456 kB
KernelStack:        4648 kB
PageTables:        28832 kB
NFS_Unstable:          0 kB
Bounce:                0 kB
WritebackTmp:          0 kB
CommitLimit:     1949560 kB
Committed_AS:    7198012 kB
VmallocTotal:   34359738367 kB
VmallocUsed:      291496 kB
VmallocChunk:   34359425368 kB
HardwareCorrupted:     0 kB
AnonHugePages:   1107968 kB
HugePages_Total:       0
HugePages_Free:        0
HugePages_Rsvd:        0
HugePages_Surp:        0
Hugepagesize:       2048 kB
DirectMap4k:       78788 kB
DirectMap2M:     3964928 kB


CPU:total 4 (2 cores per cpu, 2 threads per core) family 6 model 37 stepping 5, cmov, cx8, fxsr, mmx, sse, sse2, sse3, ssse3, sse4.1, sse4.2, popcnt, ht, tsc, tscinvbit

/proc/cpuinfo:
processor	: 0
vendor_id	: GenuineIntel
cpu family	: 6
model		: 37
model name	: Intel(R) Core(TM) i5 CPU       M 450  @ 2.40GHz
stepping	: 5
microcode	: 0x1
cpu MHz		: 2400.000
cache size	: 3072 KB
physical id	: 0
siblings	: 4
core id		: 0
cpu cores	: 2
apicid		: 0
initial apicid	: 0
fpu		: yes
fpu_exception	: yes
cpuid level	: 11
wp		: yes
flags		: fpu vme de pse tsc msr pae mce cx8 apic sep mtrr pge mca cmov pat pse36 clflush dts acpi mmx fxsr sse sse2 ss ht tm pbe syscall nx rdtscp lm constant_tsc arch_perfmon pebs bts rep_good nopl xtopology nonstop_tsc aperfmperf pni dtes64 monitor ds_cpl vmx est tm2 ssse3 cx16 xtpr pdcm pcid sse4_1 sse4_2 popcnt lahf_lm ida arat dtherm tpr_shadow vnmi flexpriority ept vpid
bogomips	: 4787.95
clflush size	: 64
cache_alignment	: 64
address sizes	: 36 bits physical, 48 bits virtual
power management:

processor	: 1
vendor_id	: GenuineIntel
cpu family	: 6
model		: 37
model name	: Intel(R) Core(TM) i5 CPU       M 450  @ 2.40GHz
stepping	: 5
microcode	: 0x1
cpu MHz		: 2400.000
cache size	: 3072 KB
physical id	: 0
siblings	: 4
core id		: 2
cpu cores	: 2
apicid		: 4
initial apicid	: 4
fpu		: yes
fpu_exception	: yes
cpuid level	: 11
wp		: yes
flags		: fpu vme de pse tsc msr pae mce cx8 apic sep mtrr pge mca cmov pat pse36 clflush dts acpi mmx fxsr sse sse2 ss ht tm pbe syscall nx rdtscp lm constant_tsc arch_perfmon pebs bts rep_good nopl xtopology nonstop_tsc aperfmperf pni dtes64 monitor ds_cpl vmx est tm2 ssse3 cx16 xtpr pdcm pcid sse4_1 sse4_2 popcnt lahf_lm ida arat dtherm tpr_shadow vnmi flexpriority ept vpid
bogomips	: 4787.95
clflush size	: 64
cache_alignment	: 64
address sizes	: 36 bits physical, 48 bits virtual
power management:

processor	: 2
vendor_id	: GenuineIntel
cpu family	: 6
model		: 37
model name	: Intel(R) Core(TM) i5 CPU       M 450  @ 2.40GHz
stepping	: 5
microcode	: 0x1
cpu MHz		: 1999.000
cache size	: 3072 KB
physical id	: 0
siblings	: 4
core id		: 0
cpu cores	: 2
apicid		: 1
initial apicid	: 1
fpu		: yes
fpu_exception	: yes
cpuid level	: 11
wp		: yes
flags		: fpu vme de pse tsc msr pae mce cx8 apic sep mtrr pge mca cmov pat pse36 clflush dts acpi mmx fxsr sse sse2 ss ht tm pbe syscall nx rdtscp lm constant_tsc arch_perfmon pebs bts rep_good nopl xtopology nonstop_tsc aperfmperf pni dtes64 monitor ds_cpl vmx est tm2 ssse3 cx16 xtpr pdcm pcid sse4_1 sse4_2 popcnt lahf_lm ida arat dtherm tpr_shadow vnmi flexpriority ept vpid
bogomips	: 4787.95
clflush size	: 64
cache_alignment	: 64
address sizes	: 36 bits physical, 48 bits virtual
power management:

processor	: 3
vendor_id	: GenuineIntel
cpu family	: 6
model		: 37
model name	: Intel(R) Core(TM) i5 CPU       M 450  @ 2.40GHz
stepping	: 5
microcode	: 0x1
cpu MHz		: 2400.000
cache size	: 3072 KB
physical id	: 0
siblings	: 4
core id		: 2
cpu cores	: 2
apicid		: 5
initial apicid	: 5
fpu		: yes
fpu_exception	: yes
cpuid level	: 11
wp		: yes
flags		: fpu vme de pse tsc msr pae mce cx8 apic sep mtrr pge mca cmov pat pse36 clflush dts acpi mmx fxsr sse sse2 ss ht tm pbe syscall nx rdtscp lm constant_tsc arch_perfmon pebs bts rep_good nopl xtopology nonstop_tsc aperfmperf pni dtes64 monitor ds_cpl vmx est tm2 ssse3 cx16 xtpr pdcm pcid sse4_1 sse4_2 popcnt lahf_lm ida arat dtherm tpr_shadow vnmi flexpriority ept vpid
bogomips	: 4787.95
clflush size	: 64
cache_alignment	: 64
address sizes	: 36 bits physical, 48 bits virtual
power management:



Memory: 4k page, physical 3899120k(102188k free), swap 0k(0k free)

vm_info: Java HotSpot(TM) 64-Bit Server VM (25.45-b02) for linux-amd64 JRE (1.8.0_45-b14), built on Apr 10 2015 10:07:45 by "java_re" with gcc 4.3.0 20080428 (Red Hat 4.3.0-8)

time: Mon Sep 14 15:10:16 2015
elapsed time: 32 seconds (0d 0h 0m 32s)

