#
# There is insufficient memory for the Java Runtime Environment to continue.
# Native memory allocation (mmap) failed to map 81788928 bytes for committing reserved memory.
# Possible reasons:
#   The system is out of physical RAM or swap space
#   In 32 bit mode, the process size limit was hit
# Possible solutions:
#   Reduce memory load on the system
#   Increase physical memory or swap space
#   Check if swap backing store is full
#   Use 64 bit Java on a 64 bit OS
#   Decrease Java heap size (-Xmx/-Xms)
#   Decrease number of Java threads
#   Decrease Java thread stack sizes (-Xss)
#   Set larger code cache with -XX:ReservedCodeCacheSize=
# This output file may be truncated or incomplete.
#
#  Out of Memory Error (os_linux.cpp:2673), pid=4527, tid=140683357685504
#
# JRE version: Java(TM) SE Runtime Environment (8.0_45-b14) (build 1.8.0_45-b14)
# Java VM: Java HotSpot(TM) 64-Bit Server VM (25.45-b02 mixed mode linux-amd64 compressed oops)
# Failed to write core dump. Core dumps have been disabled. To enable core dumping, try "ulimit -c unlimited" before starting Java again
#

---------------  T H R E A D  ---------------

Current thread (0x00007ff384078000):  VMThread [stack: 0x00007ff3657f8000,0x00007ff3658f9000] [id=4541]

Stack: [0x00007ff3657f8000,0x00007ff3658f9000],  sp=0x00007ff3658f7160,  free space=1020k
Native frames: (J=compiled Java code, j=interpreted, Vv=VM code, C=native code)
V  [libjvm.so+0xaac99a]  VMError::report_and_die()+0x2ba
V  [libjvm.so+0x4f333b]  report_vm_out_of_memory(char const*, int, unsigned long, VMErrorType, char const*)+0x8b
V  [libjvm.so+0x90e7c3]  os::Linux::commit_memory_impl(char*, unsigned long, bool)+0x103
V  [libjvm.so+0x90ed19]  os::pd_commit_memory(char*, unsigned long, unsigned long, bool)+0x29
V  [libjvm.so+0x90867a]  os::commit_memory(char*, unsigned long, unsigned long, bool)+0x2a
V  [libjvm.so+0x97bac3]  PSVirtualSpace::expand_by(unsigned long)+0x53
V  [libjvm.so+0x97cec8]  PSYoungGen::resize_generation(unsigned long, unsigned long)+0xf8
V  [libjvm.so+0x97c022]  PSYoungGen::resize(unsigned long, unsigned long)+0x22
V  [libjvm.so+0x9792fb]  PSScavenge::invoke_no_policy()+0xf7b
V  [libjvm.so+0x979a81]  PSScavenge::invoke()+0x41
V  [libjvm.so+0x932050]  ParallelScavengeHeap::failed_mem_allocate(unsigned long)+0x70
V  [libjvm.so+0xaae1d7]  VM_ParallelGCFailedAllocation::doit()+0x97
V  [libjvm.so+0xab59c5]  VM_Operation::evaluate()+0x55
V  [libjvm.so+0xab3d9a]  VMThread::evaluate_operation(VM_Operation*)+0xba
V  [libjvm.so+0xab411e]  VMThread::loop()+0x1ce
V  [libjvm.so+0xab4590]  VMThread::run()+0x70
V  [libjvm.so+0x910de8]  java_start(Thread*)+0x108

VM_Operation (0x00007ff38c0c6090): ParallelGCFailedAllocation, mode: safepoint, requested by thread 0x00007ff38400a800


---------------  P R O C E S S  ---------------

Java Threads: ( => current thread )
  0x00007ff3840cb800 JavaThread "Service Thread" daemon [_thread_blocked, id=4548, stack(0x00007ff364cf7000,0x00007ff364df8000)]
  0x00007ff3840be800 JavaThread "C1 CompilerThread2" daemon [_thread_blocked, id=4547, stack(0x00007ff364df8000,0x00007ff364ef9000)]
  0x00007ff3840bc800 JavaThread "C2 CompilerThread1" daemon [_thread_blocked, id=4546, stack(0x00007ff364ef9000,0x00007ff364ffa000)]
  0x00007ff3840b9800 JavaThread "C2 CompilerThread0" daemon [_thread_blocked, id=4545, stack(0x00007ff364ffa000,0x00007ff3650fb000)]
  0x00007ff3840b8800 JavaThread "Signal Dispatcher" daemon [_thread_blocked, id=4544, stack(0x00007ff3650fb000,0x00007ff3651fc000)]
  0x00007ff38407f000 JavaThread "Finalizer" daemon [_thread_blocked, id=4543, stack(0x00007ff3655f6000,0x00007ff3656f7000)]
  0x00007ff38407d000 JavaThread "Reference Handler" daemon [_thread_blocked, id=4542, stack(0x00007ff3656f7000,0x00007ff3657f8000)]
  0x00007ff38400a800 JavaThread "main" [_thread_blocked, id=4533, stack(0x00007ff38bfc7000,0x00007ff38c0c8000)]

Other Threads:
=>0x00007ff384078000 VMThread [stack: 0x00007ff3657f8000,0x00007ff3658f9000] [id=4541]
  0x00007ff3840ce000 WatcherThread [stack: 0x00007ff364bf6000,0x00007ff364cf7000] [id=4549]

VM state:at safepoint (normal execution)

VM Mutex/Monitor currently owned by a thread:  ([mutex/lock_event])
[0x00007ff384006860] Threads_lock - owner thread: 0x00007ff384078000
[0x00007ff384006d60] Heap_lock - owner thread: 0x00007ff38400a800

Heap:
 PSYoungGen      total 64000K, used 2535K [0x00000000eab00000, 0x00000000eec00000, 0x0000000100000000)
  eden space 61440K, 0% used [0x00000000eab00000,0x00000000eab00000,0x00000000ee700000)
  from space 2560K, 99% used [0x00000000ee700000,0x00000000ee979fb8,0x00000000ee980000)
  to   space 2560K, 0% used [0x00000000ee980000,0x00000000ee980000,0x00000000eec00000)
 ParOldGen       total 40960K, used 23887K [0x00000000c0000000, 0x00000000c2800000, 0x00000000eab00000)
  object space 40960K, 58% used [0x00000000c0000000,0x00000000c1753de0,0x00000000c2800000)
 Metaspace       used 7253K, capacity 7768K, committed 8064K, reserved 1056768K
  class space    used 730K, capacity 784K, committed 896K, reserved 1048576K

Card table byte_map: [0x00007ff388ba6000,0x00007ff388da7000] byte_map_base: 0x00007ff3885a6000

Marking Bits: (ParMarkBitMap*) 0x00007ff38b4a4760
 Begin Bits: [0x00007ff366000000, 0x00007ff367000000)
 End Bits:   [0x00007ff367000000, 0x00007ff368000000)

Polling page: 0x00007ff38c0eb000

CodeCache: size=245760Kb used=5424Kb max_used=5424Kb free=240336Kb
 bounds [0x00007ff375000000, 0x00007ff375560000, 0x00007ff384000000]
 total_blobs=2224 nmethods=1926 adapters=211
 compilation: enabled

Compilation events (10 events):
Event: 7,095 Thread 0x00007ff3840be800 2048       1       com.android.dx.io.instructions.SparseSwitchPayloadDecodedInstruction::getTargets (5 bytes)
Event: 7,095 Thread 0x00007ff3840be800 nmethod 2048 0x00007ff375549510 code [0x00007ff375549660, 0x00007ff375549770]
Event: 7,101 Thread 0x00007ff3840b9800 nmethod 1999 0x00007ff37554a690 code [0x00007ff37554a820, 0x00007ff37554abf8]
Event: 7,101 Thread 0x00007ff3840b9800 2043       4       com.android.dex.Dex$Section::readMethods (59 bytes)
Event: 7,121 Thread 0x00007ff3840be800 2050       2       com.android.dx.io.instructions.InstructionCodec$17::decode (46 bytes)
Event: 7,228 Thread 0x00007ff3840be800 nmethod 2050 0x00007ff375549e10 code [0x00007ff375549fa0, 0x00007ff37554a338]
Event: 7,228 Thread 0x00007ff3840be800 2051       2       com.android.dx.io.instructions.InstructionCodec$17::encode (29 bytes)
Event: 7,229 Thread 0x00007ff3840be800 nmethod 2051 0x00007ff375546050 code [0x00007ff375546200, 0x00007ff3755464c8]
Event: 7,231 Thread 0x00007ff3840b9800 nmethod 2043 0x00007ff37554f890 code [0x00007ff37554fa40, 0x00007ff3755508f8]
Event: 7,231 Thread 0x00007ff3840b9800 2044       4       com.android.dx.merge.DexMerger::transformMethods (126 bytes)

GC Heap History (9 events):
Event: 4,688 GC heap before
{Heap before GC invocations=1 (full 0):
 PSYoungGen      total 17920K, used 15360K [0x00000000eab00000, 0x00000000ebf00000, 0x0000000100000000)
  eden space 15360K, 100% used [0x00000000eab00000,0x00000000eba00000,0x00000000eba00000)
  from space 2560K, 0% used [0x00000000ebc80000,0x00000000ebc80000,0x00000000ebf00000)
  to   space 2560K, 0% used [0x00000000eba00000,0x00000000eba00000,0x00000000ebc80000)
 ParOldGen       total 40960K, used 0K [0x00000000c0000000, 0x00000000c2800000, 0x00000000eab00000)
  object space 40960K, 0% used [0x00000000c0000000,0x00000000c0000000,0x00000000c2800000)
 Metaspace       used 5435K, capacity 6640K, committed 6784K, reserved 1056768K
  class space    used 570K, capacity 616K, committed 640K, reserved 1048576K
Event: 4,741 GC heap after
Heap after GC invocations=1 (full 0):
 PSYoungGen      total 17920K, used 2549K [0x00000000eab00000, 0x00000000ece00000, 0x0000000100000000)
  eden space 15360K, 0% used [0x00000000eab00000,0x00000000eab00000,0x00000000eba00000)
  from space 2560K, 99% used [0x00000000eba00000,0x00000000ebc7d7d0,0x00000000ebc80000)
  to   space 2560K, 0% used [0x00000000ecb80000,0x00000000ecb80000,0x00000000ece00000)
 ParOldGen       total 40960K, used 1963K [0x00000000c0000000, 0x00000000c2800000, 0x00000000eab00000)
  object space 40960K, 4% used [0x00000000c0000000,0x00000000c01eaec8,0x00000000c2800000)
 Metaspace       used 5435K, capacity 6640K, committed 6784K, reserved 1056768K
  class space    used 570K, capacity 616K, committed 640K, reserved 1048576K
}
Event: 5,131 GC heap before
{Heap before GC invocations=2 (full 0):
 PSYoungGen      total 17920K, used 17909K [0x00000000eab00000, 0x00000000ece00000, 0x0000000100000000)
  eden space 15360K, 100% used [0x00000000eab00000,0x00000000eba00000,0x00000000eba00000)
  from space 2560K, 99% used [0x00000000eba00000,0x00000000ebc7d7d0,0x00000000ebc80000)
  to   space 2560K, 0% used [0x00000000ecb80000,0x00000000ecb80000,0x00000000ece00000)
 ParOldGen       total 40960K, used 1963K [0x00000000c0000000, 0x00000000c2800000, 0x00000000eab00000)
  object space 40960K, 4% used [0x00000000c0000000,0x00000000c01eaec8,0x00000000c2800000)
 Metaspace       used 5550K, capacity 6704K, committed 6784K, reserved 1056768K
  class space    used 575K, capacity 616K, committed 640K, reserved 1048576K
Event: 5,148 GC heap after
Heap after GC invocations=2 (full 0):
 PSYoungGen      total 33280K, used 2546K [0x00000000eab00000, 0x00000000ece00000, 0x0000000100000000)
  eden space 30720K, 0% used [0x00000000eab00000,0x00000000eab00000,0x00000000ec900000)
  from space 2560K, 99% used [0x00000000ecb80000,0x00000000ecdfc880,0x00000000ece00000)
  to   space 2560K, 0% used [0x00000000ec900000,0x00000000ec900000,0x00000000ecb80000)
 ParOldGen       total 40960K, used 4653K [0x00000000c0000000, 0x00000000c2800000, 0x00000000eab00000)
  object space 40960K, 11% used [0x00000000c0000000,0x00000000c048b460,0x00000000c2800000)
 Metaspace       used 5550K, capacity 6704K, committed 6784K, reserved 1056768K
  class space    used 575K, capacity 616K, committed 640K, reserved 1048576K
}
Event: 6,420 GC heap before
{Heap before GC invocations=3 (full 0):
 PSYoungGen      total 33280K, used 33266K [0x00000000eab00000, 0x00000000ece00000, 0x0000000100000000)
  eden space 30720K, 100% used [0x00000000eab00000,0x00000000ec900000,0x00000000ec900000)
  from space 2560K, 99% used [0x00000000ecb80000,0x00000000ecdfc880,0x00000000ece00000)
  to   space 2560K, 0% used [0x00000000ec900000,0x00000000ec900000,0x00000000ecb80000)
 ParOldGen       total 40960K, used 4653K [0x00000000c0000000, 0x00000000c2800000, 0x00000000eab00000)
  object space 40960K, 11% used [0x00000000c0000000,0x00000000c048b460,0x00000000c2800000)
 Metaspace       used 7172K, capacity 7704K, committed 8064K, reserved 1056768K
  class space    used 729K, capacity 784K, committed 896K, reserved 1048576K
Event: 6,439 GC heap after
Heap after GC invocations=3 (full 0):
 PSYoungGen      total 33280K, used 2548K [0x00000000eab00000, 0x00000000eec00000, 0x0000000100000000)
  eden space 30720K, 0% used [0x00000000eab00000,0x00000000eab00000,0x00000000ec900000)
  from space 2560K, 99% used [0x00000000ec900000,0x00000000ecb7d350,0x00000000ecb80000)
  to   space 2560K, 0% used [0x00000000ee980000,0x00000000ee980000,0x00000000eec00000)
 ParOldGen       total 40960K, used 10784K [0x00000000c0000000, 0x00000000c2800000, 0x00000000eab00000)
  object space 40960K, 26% used [0x00000000c0000000,0x00000000c0a881b0,0x00000000c2800000)
 Metaspace       used 7172K, capacity 7704K, committed 8064K, reserved 1056768K
  class space    used 729K, capacity 784K, committed 896K, reserved 1048576K
}
Event: 6,778 GC heap before
{Heap before GC invocations=4 (full 0):
 PSYoungGen      total 33280K, used 33268K [0x00000000eab00000, 0x00000000eec00000, 0x0000000100000000)
  eden space 30720K, 100% used [0x00000000eab00000,0x00000000ec900000,0x00000000ec900000)
  from space 2560K, 99% used [0x00000000ec900000,0x00000000ecb7d350,0x00000000ecb80000)
  to   space 2560K, 0% used [0x00000000ee980000,0x00000000ee980000,0x00000000eec00000)
 ParOldGen       total 40960K, used 10784K [0x00000000c0000000, 0x00000000c2800000, 0x00000000eab00000)
  object space 40960K, 26% used [0x00000000c0000000,0x00000000c0a881b0,0x00000000c2800000)
 Metaspace       used 7233K, capacity 7768K, committed 8064K, reserved 1056768K
  class space    used 729K, capacity 784K, committed 896K, reserved 1048576K
Event: 6,795 GC heap after
Heap after GC invocations=4 (full 0):
 PSYoungGen      total 64000K, used 2555K [0x00000000eab00000, 0x00000000eec00000, 0x0000000100000000)
  eden space 61440K, 0% used [0x00000000eab00000,0x00000000eab00000,0x00000000ee700000)
  from space 2560K, 99% used [0x00000000ee980000,0x00000000eebfecd0,0x00000000eec00000)
  to   space 2560K, 0% used [0x00000000ee700000,0x00000000ee700000,0x00000000ee980000)
 ParOldGen       total 40960K, used 18078K [0x00000000c0000000, 0x00000000c2800000, 0x00000000eab00000)
  object space 40960K, 44% used [0x00000000c0000000,0x00000000c11a79c0,0x00000000c2800000)
 Metaspace       used 7233K, capacity 7768K, committed 8064K, reserved 1056768K
  class space    used 729K, capacity 784K, committed 896K, reserved 1048576K
}
Event: 7,269 GC heap before
{Heap before GC invocations=5 (full 0):
 PSYoungGen      total 64000K, used 63995K [0x00000000eab00000, 0x00000000eec00000, 0x0000000100000000)
  eden space 61440K, 100% used [0x00000000eab00000,0x00000000ee700000,0x00000000ee700000)
  from space 2560K, 99% used [0x00000000ee980000,0x00000000eebfecd0,0x00000000eec00000)
  to   space 2560K, 0% used [0x00000000ee700000,0x00000000ee700000,0x00000000ee980000)
 ParOldGen       total 40960K, used 18078K [0x00000000c0000000, 0x00000000c2800000, 0x00000000eab00000)
  object space 40960K, 44% used [0x00000000c0000000,0x00000000c11a79c0,0x00000000c2800000)
 Metaspace       used 7253K, capacity 7768K, committed 8064K, reserved 1056768K
  class space    used 730K, capacity 784K, committed 896K, reserved 1048576K

Deoptimization events (10 events):
Event: 6,109 Thread 0x00007ff38400a800 Uncommon trap: reason=unstable_if action=reinterpret pc=0x00007ff3753e9378 method=java.util.HashMap.putVal(ILjava/lang/Object;Ljava/lang/Object;ZZ)Ljava/lang/Object; @ 162
Event: 6,120 Thread 0x00007ff38400a800 Uncommon trap: reason=predicate action=maybe_recompile pc=0x00007ff3753d869c method=com.android.dex.Leb128.writeUnsignedLeb128(Lcom/android/dex/util/ByteOutput;I)V @ 9
Event: 6,273 Thread 0x00007ff38400a800 Uncommon trap: reason=unstable_if action=reinterpret pc=0x00007ff37544b834 method=java.util.HashMap.putVal(ILjava/lang/Object;Ljava/lang/Object;ZZ)Ljava/lang/Object; @ 109
Event: 6,305 Thread 0x00007ff38400a800 Uncommon trap: reason=predicate action=maybe_recompile pc=0x00007ff375437518 method=com.android.dex.Leb128.readUnsignedLeb128(Lcom/android/dex/util/ByteInput;)I @ 41
Event: 6,331 Thread 0x00007ff38400a800 Uncommon trap: reason=unstable_if action=reinterpret pc=0x00007ff37545d178 method=java.util.HashMap.getNode(ILjava/lang/Object;)Ljava/util/HashMap$Node; @ 84
Event: 7,002 Thread 0x00007ff38400a800 Uncommon trap: reason=unstable_if action=reinterpret pc=0x00007ff375459e68 method=com.android.dex.Mutf8.decode(Lcom/android/dex/util/ByteInput;[C)Ljava/lang/String; @ 37
Event: 7,003 Thread 0x00007ff38400a800 Uncommon trap: reason=unstable_if action=reinterpret pc=0x00007ff3754b4a24 method=com.android.dex.Mutf8.countBytes(Ljava/lang/String;Z)J @ 35
Event: 7,003 Thread 0x00007ff38400a800 Uncommon trap: reason=unstable_if action=reinterpret pc=0x00007ff3753e365c method=com.android.dex.Mutf8.encode([BILjava/lang/String;)V @ 31
Event: 7,003 Thread 0x00007ff38400a800 Uncommon trap: reason=unstable_if action=reinterpret pc=0x00007ff375460470 method=com.android.dex.Mutf8.decode(Lcom/android/dex/util/ByteInput;[C)Ljava/lang/String; @ 37
Event: 7,003 Thread 0x00007ff38400a800 Uncommon trap: reason=unstable_if action=reinterpret pc=0x00007ff3754c1c2c method=com.android.dex.Mutf8.countBytes(Ljava/lang/String;Z)J @ 35

Internal exceptions (3 events):
Event: 2,984 Thread 0x00007ff38400a800 Exception <a 'java/lang/NoSuchMethodError': Method sun.misc.Unsafe.defineClass(Ljava/lang/String;[BII)Ljava/lang/Class; name or signature does not match> (0x00000000eab12a38) thrown at [/RE-WORK/workspace/8-2-build-linux-amd64/jdk8u45/3457/hotspot/src/sha
Event: 2,985 Thread 0x00007ff38400a800 Exception <a 'java/lang/NoSuchMethodError': Method sun.misc.Unsafe.prefetchRead(Ljava/lang/Object;J)V name or signature does not match> (0x00000000eab12cc8) thrown at [/RE-WORK/workspace/8-2-build-linux-amd64/jdk8u45/3457/hotspot/src/share/vm/prims/jni.cp
Event: 5,290 Thread 0x00007ff38412f000 Implicit null exception at 0x00007ff375280944 to 0x00007ff375283475

Events (10 events):
Event: 7,003 Thread 0x00007ff38400a800 Uncommon trap: trap_request=0xffffff65 fr.pc=0x00007ff3753e365c
Event: 7,003 Thread 0x00007ff38400a800 DEOPT PACKING pc=0x00007ff3753e365c sp=0x00007ff38c0c62b0
Event: 7,003 Thread 0x00007ff38400a800 DEOPT UNPACKING pc=0x00007ff375005229 sp=0x00007ff38c0c6278 mode 2
Event: 7,003 Thread 0x00007ff38400a800 Uncommon trap: trap_request=0xffffff65 fr.pc=0x00007ff375460470
Event: 7,003 Thread 0x00007ff38400a800 DEOPT PACKING pc=0x00007ff375460470 sp=0x00007ff38c0c6360
Event: 7,003 Thread 0x00007ff38400a800 DEOPT UNPACKING pc=0x00007ff375005229 sp=0x00007ff38c0c62b0 mode 2
Event: 7,003 Thread 0x00007ff38400a800 Uncommon trap: trap_request=0xffffff65 fr.pc=0x00007ff3754c1c2c
Event: 7,003 Thread 0x00007ff38400a800 DEOPT PACKING pc=0x00007ff3754c1c2c sp=0x00007ff38c0c63e0
Event: 7,003 Thread 0x00007ff38400a800 DEOPT UNPACKING pc=0x00007ff375005229 sp=0x00007ff38c0c6270 mode 2
Event: 7,269 Executing VM operation: ParallelGCFailedAllocation


Dynamic libraries:
00400000-00401000 r-xp 00000000 00:18 1442608                            /home/ramon/jdk1.8.0_45/bin/java
00600000-00601000 rw-p 00000000 00:18 1442608                            /home/ramon/jdk1.8.0_45/bin/java
01706000-01727000 rw-p 00000000 00:00 0                                  [heap]
c0000000-c2800000 rw-p 00000000 00:00 0 
c2800000-eab00000 ---p 00000000 00:00 0 
eab00000-eec00000 rw-p 00000000 00:00 0 
f3a00000-100000000 ---p 00000000 00:00 0 
100000000-1000e0000 rw-p 00000000 00:00 0 
1000e0000-140000000 ---p 00000000 00:00 0 
7ff328000000-7ff328021000 rw-p 00000000 00:00 0 
7ff328021000-7ff32c000000 ---p 00000000 00:00 0 
7ff32c000000-7ff32c031000 rw-p 00000000 00:00 0 
7ff32c031000-7ff330000000 ---p 00000000 00:00 0 
7ff330000000-7ff330037000 rw-p 00000000 00:00 0 
7ff330037000-7ff334000000 ---p 00000000 00:00 0 
7ff334000000-7ff334053000 rw-p 00000000 00:00 0 
7ff334053000-7ff338000000 ---p 00000000 00:00 0 
7ff338000000-7ff338021000 rw-p 00000000 00:00 0 
7ff338021000-7ff33c000000 ---p 00000000 00:00 0 
7ff33c000000-7ff33c021000 rw-p 00000000 00:00 0 
7ff33c021000-7ff340000000 ---p 00000000 00:00 0 
7ff340000000-7ff340021000 rw-p 00000000 00:00 0 
7ff340021000-7ff344000000 ---p 00000000 00:00 0 
7ff344000000-7ff344523000 rw-p 00000000 00:00 0 
7ff344523000-7ff348000000 ---p 00000000 00:00 0 
7ff348000000-7ff34851d000 rw-p 00000000 00:00 0 
7ff34851d000-7ff34c000000 ---p 00000000 00:00 0 
7ff34c000000-7ff34c021000 rw-p 00000000 00:00 0 
7ff34c021000-7ff350000000 ---p 00000000 00:00 0 
7ff350000000-7ff3506d9000 rw-p 00000000 00:00 0 
7ff3506d9000-7ff354000000 ---p 00000000 00:00 0 
7ff354000000-7ff354021000 rw-p 00000000 00:00 0 
7ff354021000-7ff358000000 ---p 00000000 00:00 0 
7ff358000000-7ff358021000 rw-p 00000000 00:00 0 
7ff358021000-7ff35c000000 ---p 00000000 00:00 0 
7ff35c000000-7ff35c28a000 rw-p 00000000 00:00 0 
7ff35c28a000-7ff360000000 ---p 00000000 00:00 0 
7ff360000000-7ff360021000 rw-p 00000000 00:00 0 
7ff360021000-7ff364000000 ---p 00000000 00:00 0 
7ff3646f1000-7ff3646f4000 ---p 00000000 00:00 0 
7ff3646f4000-7ff3647f2000 rw-p 00000000 00:00 0 
7ff3647f2000-7ff3647f5000 ---p 00000000 00:00 0 
7ff3647f5000-7ff3648f3000 rw-p 00000000 00:00 0 
7ff3648f3000-7ff3648f6000 ---p 00000000 00:00 0 
7ff3648f6000-7ff3649f4000 rw-p 00000000 00:00 0 
7ff3649f4000-7ff3649f7000 ---p 00000000 00:00 0 
7ff3649f7000-7ff364af5000 rw-p 00000000 00:00 0 
7ff364af5000-7ff364af8000 ---p 00000000 00:00 0 
7ff364af8000-7ff364bf6000 rw-p 00000000 00:00 0 
7ff364bf6000-7ff364bf7000 ---p 00000000 00:00 0 
7ff364bf7000-7ff364cf7000 rw-p 00000000 00:00 0                          [stack:4549]
7ff364cf7000-7ff364cfa000 ---p 00000000 00:00 0 
7ff364cfa000-7ff364df8000 rw-p 00000000 00:00 0                          [stack:4548]
7ff364df8000-7ff364dfb000 ---p 00000000 00:00 0 
7ff364dfb000-7ff364ef9000 rw-p 00000000 00:00 0                          [stack:4547]
7ff364ef9000-7ff364efc000 ---p 00000000 00:00 0 
7ff364efc000-7ff364ffa000 rw-p 00000000 00:00 0                          [stack:4546]
7ff364ffa000-7ff364ffd000 ---p 00000000 00:00 0 
7ff364ffd000-7ff3650fb000 rw-p 00000000 00:00 0                          [stack:4545]
7ff3650fb000-7ff3650fe000 ---p 00000000 00:00 0 
7ff3650fe000-7ff3651fc000 rw-p 00000000 00:00 0                          [stack:4544]
7ff3651fc000-7ff3655f6000 r--p 00000000 08:07 1972918                    /usr/lib/locale/locale-archive
7ff3655f6000-7ff3655f9000 ---p 00000000 00:00 0 
7ff3655f9000-7ff3656f7000 rw-p 00000000 00:00 0                          [stack:4543]
7ff3656f7000-7ff3656fa000 ---p 00000000 00:00 0 
7ff3656fa000-7ff3657f8000 rw-p 00000000 00:00 0                          [stack:4542]
7ff3657f8000-7ff3657f9000 ---p 00000000 00:00 0 
7ff3657f9000-7ff368000000 rw-p 00000000 00:00 0                          [stack:4541]
7ff368000000-7ff368021000 rw-p 00000000 00:00 0 
7ff368021000-7ff36c000000 ---p 00000000 00:00 0 
7ff36c000000-7ff36c021000 rw-p 00000000 00:00 0 
7ff36c021000-7ff370000000 ---p 00000000 00:00 0 
7ff370000000-7ff370021000 rw-p 00000000 00:00 0 
7ff370021000-7ff374000000 ---p 00000000 00:00 0 
7ff3740f9000-7ff374f00000 rw-p 00000000 00:00 0 
7ff374f00000-7ff375000000 ---p 00000000 00:00 0 
7ff375000000-7ff375560000 rwxp 00000000 00:00 0 
7ff375560000-7ff384000000 ---p 00000000 00:00 0 
7ff384000000-7ff384397000 rw-p 00000000 00:00 0 
7ff384397000-7ff388000000 ---p 00000000 00:00 0 
7ff388048000-7ff388057000 r--s 000df000 00:18 2106364                    /home/ramon/android-sdks/build-tools/23.0.0_rc2/lib/dx.jar
7ff388057000-7ff3881fd000 rw-p 00000000 00:00 0 
7ff3881fd000-7ff3883d6000 r--s 03d09000 00:18 1442361                    /home/ramon/jdk1.8.0_45/jre/lib/rt.jar
7ff3883d6000-7ff38864c000 rw-p 00000000 00:00 0 
7ff38864c000-7ff38864d000 ---p 00000000 00:00 0 
7ff38864d000-7ff38874d000 rw-p 00000000 00:00 0                          [stack:4540]
7ff38874d000-7ff38874e000 ---p 00000000 00:00 0 
7ff38874e000-7ff38884e000 rw-p 00000000 00:00 0                          [stack:4539]
7ff38884e000-7ff38884f000 ---p 00000000 00:00 0 
7ff38884f000-7ff38894f000 rw-p 00000000 00:00 0                          [stack:4538]
7ff38894f000-7ff388950000 ---p 00000000 00:00 0 
7ff388950000-7ff388a64000 rw-p 00000000 00:00 0                          [stack:4537]
7ff388a64000-7ff388ba6000 ---p 00000000 00:00 0 
7ff388ba6000-7ff388bba000 rw-p 00000000 00:00 0 
7ff388bba000-7ff388cfb000 ---p 00000000 00:00 0 
7ff388cfb000-7ff388d1c000 rw-p 00000000 00:00 0 
7ff388d1c000-7ff388da6000 ---p 00000000 00:00 0 
7ff388da6000-7ff388dbd000 rw-p 00000000 00:00 0 
7ff388dbd000-7ff389167000 ---p 00000000 00:00 0 
7ff389167000-7ff389181000 r-xp 00000000 00:18 1442397                    /home/ramon/jdk1.8.0_45/jre/lib/amd64/libzip.so
7ff389181000-7ff389381000 ---p 0001a000 00:18 1442397                    /home/ramon/jdk1.8.0_45/jre/lib/amd64/libzip.so
7ff389381000-7ff389382000 rw-p 0001a000 00:18 1442397                    /home/ramon/jdk1.8.0_45/jre/lib/amd64/libzip.so
7ff389382000-7ff38938d000 r-xp 00000000 08:07 2368949                    /lib/x86_64-linux-gnu/libnss_files-2.19.so
7ff38938d000-7ff38958c000 ---p 0000b000 08:07 2368949                    /lib/x86_64-linux-gnu/libnss_files-2.19.so
7ff38958c000-7ff38958d000 r--p 0000a000 08:07 2368949                    /lib/x86_64-linux-gnu/libnss_files-2.19.so
7ff38958d000-7ff38958e000 rw-p 0000b000 08:07 2368949                    /lib/x86_64-linux-gnu/libnss_files-2.19.so
7ff38958e000-7ff389599000 r-xp 00000000 08:07 2368969                    /lib/x86_64-linux-gnu/libnss_nis-2.19.so
7ff389599000-7ff389798000 ---p 0000b000 08:07 2368969                    /lib/x86_64-linux-gnu/libnss_nis-2.19.so
7ff389798000-7ff389799000 r--p 0000a000 08:07 2368969                    /lib/x86_64-linux-gnu/libnss_nis-2.19.so
7ff389799000-7ff38979a000 rw-p 0000b000 08:07 2368969                    /lib/x86_64-linux-gnu/libnss_nis-2.19.so
7ff38979a000-7ff3897b1000 r-xp 00000000 08:07 2368958                    /lib/x86_64-linux-gnu/libnsl-2.19.so
7ff3897b1000-7ff3899b0000 ---p 00017000 08:07 2368958                    /lib/x86_64-linux-gnu/libnsl-2.19.so
7ff3899b0000-7ff3899b1000 r--p 00016000 08:07 2368958                    /lib/x86_64-linux-gnu/libnsl-2.19.so
7ff3899b1000-7ff3899b2000 rw-p 00017000 08:07 2368958                    /lib/x86_64-linux-gnu/libnsl-2.19.so
7ff3899b2000-7ff3899b4000 rw-p 00000000 00:00 0 
7ff3899b4000-7ff3899bd000 r-xp 00000000 08:07 2368957                    /lib/x86_64-linux-gnu/libnss_compat-2.19.so
7ff3899bd000-7ff389bbc000 ---p 00009000 08:07 2368957                    /lib/x86_64-linux-gnu/libnss_compat-2.19.so
7ff389bbc000-7ff389bbd000 r--p 00008000 08:07 2368957                    /lib/x86_64-linux-gnu/libnss_compat-2.19.so
7ff389bbd000-7ff389bbe000 rw-p 00009000 08:07 2368957                    /lib/x86_64-linux-gnu/libnss_compat-2.19.so
7ff389bbe000-7ff389be8000 r-xp 00000000 00:18 1442389                    /home/ramon/jdk1.8.0_45/jre/lib/amd64/libjava.so
7ff389be8000-7ff389de8000 ---p 0002a000 00:18 1442389                    /home/ramon/jdk1.8.0_45/jre/lib/amd64/libjava.so
7ff389de8000-7ff389dea000 rw-p 0002a000 00:18 1442389                    /home/ramon/jdk1.8.0_45/jre/lib/amd64/libjava.so
7ff389dea000-7ff389df7000 r-xp 00000000 00:18 1442433                    /home/ramon/jdk1.8.0_45/jre/lib/amd64/libverify.so
7ff389df7000-7ff389ff7000 ---p 0000d000 00:18 1442433                    /home/ramon/jdk1.8.0_45/jre/lib/amd64/libverify.so
7ff389ff7000-7ff389ff9000 rw-p 0000d000 00:18 1442433                    /home/ramon/jdk1.8.0_45/jre/lib/amd64/libverify.so
7ff389ff9000-7ff38a000000 r-xp 00000000 08:07 2368966                    /lib/x86_64-linux-gnu/librt-2.19.so
7ff38a000000-7ff38a1ff000 ---p 00007000 08:07 2368966                    /lib/x86_64-linux-gnu/librt-2.19.so
7ff38a1ff000-7ff38a200000 r--p 00006000 08:07 2368966                    /lib/x86_64-linux-gnu/librt-2.19.so
7ff38a200000-7ff38a201000 rw-p 00007000 08:07 2368966                    /lib/x86_64-linux-gnu/librt-2.19.so
7ff38a201000-7ff38a306000 r-xp 00000000 08:07 2363977                    /lib/x86_64-linux-gnu/libm-2.19.so
7ff38a306000-7ff38a505000 ---p 00105000 08:07 2363977                    /lib/x86_64-linux-gnu/libm-2.19.so
7ff38a505000-7ff38a506000 r--p 00104000 08:07 2363977                    /lib/x86_64-linux-gnu/libm-2.19.so
7ff38a506000-7ff38a507000 rw-p 00105000 08:07 2363977                    /lib/x86_64-linux-gnu/libm-2.19.so
7ff38a507000-7ff38b1b5000 r-xp 00000000 00:18 1442441                    /home/ramon/jdk1.8.0_45/jre/lib/amd64/server/libjvm.so
7ff38b1b5000-7ff38b3b4000 ---p 00cae000 00:18 1442441                    /home/ramon/jdk1.8.0_45/jre/lib/amd64/server/libjvm.so
7ff38b3b4000-7ff38b48b000 rw-p 00cad000 00:18 1442441                    /home/ramon/jdk1.8.0_45/jre/lib/amd64/server/libjvm.so
7ff38b48b000-7ff38b4cf000 rw-p 00000000 00:00 0 
7ff38b4cf000-7ff38b68a000 r-xp 00000000 08:07 2368963                    /lib/x86_64-linux-gnu/libc-2.19.so
7ff38b68a000-7ff38b889000 ---p 001bb000 08:07 2368963                    /lib/x86_64-linux-gnu/libc-2.19.so
7ff38b889000-7ff38b88d000 r--p 001ba000 08:07 2368963                    /lib/x86_64-linux-gnu/libc-2.19.so
7ff38b88d000-7ff38b88f000 rw-p 001be000 08:07 2368963                    /lib/x86_64-linux-gnu/libc-2.19.so
7ff38b88f000-7ff38b894000 rw-p 00000000 00:00 0 
7ff38b894000-7ff38b897000 r-xp 00000000 08:07 2368952                    /lib/x86_64-linux-gnu/libdl-2.19.so
7ff38b897000-7ff38ba96000 ---p 00003000 08:07 2368952                    /lib/x86_64-linux-gnu/libdl-2.19.so
7ff38ba96000-7ff38ba97000 r--p 00002000 08:07 2368952                    /lib/x86_64-linux-gnu/libdl-2.19.so
7ff38ba97000-7ff38ba98000 rw-p 00003000 08:07 2368952                    /lib/x86_64-linux-gnu/libdl-2.19.so
7ff38ba98000-7ff38baad000 r-xp 00000000 00:18 1442971                    /home/ramon/jdk1.8.0_45/lib/amd64/jli/libjli.so
7ff38baad000-7ff38bcad000 ---p 00015000 00:18 1442971                    /home/ramon/jdk1.8.0_45/lib/amd64/jli/libjli.so
7ff38bcad000-7ff38bcae000 rw-p 00015000 00:18 1442971                    /home/ramon/jdk1.8.0_45/lib/amd64/jli/libjli.so
7ff38bcae000-7ff38bcc7000 r-xp 00000000 08:07 2368964                    /lib/x86_64-linux-gnu/libpthread-2.19.so
7ff38bcc7000-7ff38bec6000 ---p 00019000 08:07 2368964                    /lib/x86_64-linux-gnu/libpthread-2.19.so
7ff38bec6000-7ff38bec7000 r--p 00018000 08:07 2368964                    /lib/x86_64-linux-gnu/libpthread-2.19.so
7ff38bec7000-7ff38bec8000 rw-p 00019000 08:07 2368964                    /lib/x86_64-linux-gnu/libpthread-2.19.so
7ff38bec8000-7ff38becc000 rw-p 00000000 00:00 0 
7ff38becc000-7ff38beef000 r-xp 00000000 08:07 2368960                    /lib/x86_64-linux-gnu/ld-2.19.so
7ff38bef0000-7ff38bef5000 r--s 00094000 00:18 1442356                    /home/ramon/jdk1.8.0_45/jre/lib/jsse.jar
7ff38bef5000-7ff38bfc7000 rw-p 00000000 00:00 0 
7ff38bfc7000-7ff38bfca000 ---p 00000000 00:00 0 
7ff38bfca000-7ff38c0cc000 rw-p 00000000 00:00 0                          [stack:4533]
7ff38c0cd000-7ff38c0e2000 rw-p 00000000 00:00 0 
7ff38c0e2000-7ff38c0ea000 rw-s 00000000 08:07 2369048                    /tmp/hsperfdata_ramon/4527
7ff38c0ea000-7ff38c0eb000 rw-p 00000000 00:00 0 
7ff38c0eb000-7ff38c0ec000 ---p 00000000 00:00 0 
7ff38c0ec000-7ff38c0ee000 rw-p 00000000 00:00 0 
7ff38c0ee000-7ff38c0ef000 r--p 00022000 08:07 2368960                    /lib/x86_64-linux-gnu/ld-2.19.so
7ff38c0ef000-7ff38c0f0000 rw-p 00023000 08:07 2368960                    /lib/x86_64-linux-gnu/ld-2.19.so
7ff38c0f0000-7ff38c0f1000 rw-p 00000000 00:00 0 
7fffb4cc0000-7fffb4ce2000 rw-p 00000000 00:00 0                          [stack]
7fffb4d57000-7fffb4d59000 r-xp 00000000 00:00 0                          [vdso]
ffffffffff600000-ffffffffff601000 r-xp 00000000 00:00 0                  [vsyscall]

VM Arguments:
jvm_args: -Xmx1024M -Dfile.encoding=UTF-8 -Duser.country=US -Duser.language=en -Duser.variant 
java_command: com.android.dx.command.Main --dex --num-threads=4 --output /home/ramon/android-studio (2)/TFSgpsApp/app/build/intermediates/dex/debug /home/ramon/android-studio (2)/TFSgpsApp/app/build/intermediates/classes/debug /home/ramon/android-studio (2)/TFSgpsApp/app/build/intermediates/pre-dexed/debug/support-annotations-22.2.0-271e9105ecf1f576842c8d9aaf4cd03192842440.jar /home/ramon/android-studio (2)/TFSgpsApp/app/build/intermediates/pre-dexed/debug/internal_impl-22.2.0-5918788f4898afd09722be280bb411cce98730a7.jar /home/ramon/android-studio (2)/TFSgpsApp/app/build/intermediates/pre-dexed/debug/classes-cd4c35fc364e5816b7a2d91fa12f7a3237dab792.jar /home/ramon/android-studio (2)/TFSgpsApp/app/build/intermediates/pre-dexed/debug/classes-cb1283698c3a1f06fdffdfd636136985491fd5d6.jar /home/ramon/android-studio (2)/TFSgpsApp/app/build/intermediates/pre-dexed/debug/mysql-connector-java-5.1.30-bin-f95e5a2ad8d61c0f6547e8a54a959b489c91f81b.jar
java_class_path (initial): /home/ramon/android-sdks/build-tools/23.0.0_rc2/lib/dx.jar
Launcher Type: SUN_STANDARD

Environment Variables:
JAVA_HOME=/usr/lib/jvm/java-7-openjdk-amd64
PATH=/usr/lib/jvm/java-7-openjdk-amd64/bin:/usr/local/sbin:/usr/local/bin:/usr/sbin:/usr/bin:/sbin:/bin:/usr/games:/usr/local/games:/home/ramon/SOFCOMMON/apache-ant-1.8.4/bin
USERNAME=ramon
LD_LIBRARY_PATH=.:
SHELL=/bin/bash
DISPLAY=:0.0

Signal Handlers:
SIGSEGV: [libjvm.so+0xaad1e0], sa_mask[0]=11111111011111111101111111111110, sa_flags=SA_RESTART|SA_SIGINFO
SIGBUS: [libjvm.so+0xaad1e0], sa_mask[0]=11111111011111111101111111111110, sa_flags=SA_RESTART|SA_SIGINFO
SIGFPE: [libjvm.so+0x90b450], sa_mask[0]=11111111011111111101111111111110, sa_flags=SA_RESTART|SA_SIGINFO
SIGPIPE: [libjvm.so+0x90b450], sa_mask[0]=11111111011111111101111111111110, sa_flags=SA_RESTART|SA_SIGINFO
SIGXFSZ: [libjvm.so+0x90b450], sa_mask[0]=11111111011111111101111111111110, sa_flags=SA_RESTART|SA_SIGINFO
SIGILL: [libjvm.so+0x90b450], sa_mask[0]=11111111011111111101111111111110, sa_flags=SA_RESTART|SA_SIGINFO
SIGUSR1: SIG_DFL, sa_mask[0]=00000000000000000000000000000000, sa_flags=none
SIGUSR2: [libjvm.so+0x90ca90], sa_mask[0]=00100000000000000000000000000000, sa_flags=SA_RESTART|SA_SIGINFO
SIGHUP: [libjvm.so+0x90dde0], sa_mask[0]=11111111011111111101111111111110, sa_flags=SA_RESTART|SA_SIGINFO
SIGINT: [libjvm.so+0x90dde0], sa_mask[0]=11111111011111111101111111111110, sa_flags=SA_RESTART|SA_SIGINFO
SIGTERM: [libjvm.so+0x90dde0], sa_mask[0]=11111111011111111101111111111110, sa_flags=SA_RESTART|SA_SIGINFO
SIGQUIT: [libjvm.so+0x90dde0], sa_mask[0]=11111111011111111101111111111110, sa_flags=SA_RESTART|SA_SIGINFO


---------------  S Y S T E M  ---------------

OS:DISTRIB_ID=LinuxMint
DISTRIB_RELEASE=17
DISTRIB_CODENAME=qiana
DISTRIB_DESCRIPTION="Linux Mint 17 Qiana"

uname:Linux 3.13.0-24-generic #46-Ubuntu SMP Thu Apr 10 19:11:08 UTC 2014 x86_64
libc:glibc 2.19 NPTL 2.19 
rlimit: STACK 8192k, CORE 0k, NPROC 30219, NOFILE 4096, AS infinity
load average:3,80 2,63 1,86

/proc/meminfo:
MemTotal:        3899120 kB
MemFree:          133248 kB
Buffers:             768 kB
Cached:            57964 kB
SwapCached:            0 kB
Active:          3382472 kB
Inactive:          46788 kB
Active(anon):    3372436 kB
Inactive(anon):    21284 kB
Active(file):      10036 kB
Inactive(file):    25504 kB
Unevictable:          16 kB
Mlocked:              16 kB
SwapTotal:             0 kB
SwapFree:              0 kB
Dirty:              1160 kB
Writeback:             4 kB
AnonPages:       3371044 kB
Mapped:            34516 kB
Shmem:             22692 kB
Slab:              70120 kB
SReclaimable:      29364 kB
SUnreclaim:        40756 kB
KernelStack:        4664 kB
PageTables:        28472 kB
NFS_Unstable:          0 kB
Bounce:                0 kB
WritebackTmp:          0 kB
CommitLimit:     1949560 kB
Committed_AS:    7066000 kB
VmallocTotal:   34359738367 kB
VmallocUsed:      291448 kB
VmallocChunk:   34359427060 kB
HardwareCorrupted:     0 kB
AnonHugePages:   1107968 kB
HugePages_Total:       0
HugePages_Free:        0
HugePages_Rsvd:        0
HugePages_Surp:        0
Hugepagesize:       2048 kB
DirectMap4k:       78788 kB
DirectMap2M:     3964928 kB


CPU:total 4 (2 cores per cpu, 2 threads per core) family 6 model 37 stepping 5, cmov, cx8, fxsr, mmx, sse, sse2, sse3, ssse3, sse4.1, sse4.2, popcnt, ht, tsc, tscinvbit

/proc/cpuinfo:
processor	: 0
vendor_id	: GenuineIntel
cpu family	: 6
model		: 37
model name	: Intel(R) Core(TM) i5 CPU       M 450  @ 2.40GHz
stepping	: 5
microcode	: 0x1
cpu MHz		: 2400.000
cache size	: 3072 KB
physical id	: 0
siblings	: 4
core id		: 0
cpu cores	: 2
apicid		: 0
initial apicid	: 0
fpu		: yes
fpu_exception	: yes
cpuid level	: 11
wp		: yes
flags		: fpu vme de pse tsc msr pae mce cx8 apic sep mtrr pge mca cmov pat pse36 clflush dts acpi mmx fxsr sse sse2 ss ht tm pbe syscall nx rdtscp lm constant_tsc arch_perfmon pebs bts rep_good nopl xtopology nonstop_tsc aperfmperf pni dtes64 monitor ds_cpl vmx est tm2 ssse3 cx16 xtpr pdcm pcid sse4_1 sse4_2 popcnt lahf_lm ida arat dtherm tpr_shadow vnmi flexpriority ept vpid
bogomips	: 4787.95
clflush size	: 64
cache_alignment	: 64
address sizes	: 36 bits physical, 48 bits virtual
power management:

processor	: 1
vendor_id	: GenuineIntel
cpu family	: 6
model		: 37
model name	: Intel(R) Core(TM) i5 CPU       M 450  @ 2.40GHz
stepping	: 5
microcode	: 0x1
cpu MHz		: 2400.000
cache size	: 3072 KB
physical id	: 0
siblings	: 4
core id		: 2
cpu cores	: 2
apicid		: 4
initial apicid	: 4
fpu		: yes
fpu_exception	: yes
cpuid level	: 11
wp		: yes
flags		: fpu vme de pse tsc msr pae mce cx8 apic sep mtrr pge mca cmov pat pse36 clflush dts acpi mmx fxsr sse sse2 ss ht tm pbe syscall nx rdtscp lm constant_tsc arch_perfmon pebs bts rep_good nopl xtopology nonstop_tsc aperfmperf pni dtes64 monitor ds_cpl vmx est tm2 ssse3 cx16 xtpr pdcm pcid sse4_1 sse4_2 popcnt lahf_lm ida arat dtherm tpr_shadow vnmi flexpriority ept vpid
bogomips	: 4787.95
clflush size	: 64
cache_alignment	: 64
address sizes	: 36 bits physical, 48 bits virtual
power management:

processor	: 2
vendor_id	: GenuineIntel
cpu family	: 6
model		: 37
model name	: Intel(R) Core(TM) i5 CPU       M 450  @ 2.40GHz
stepping	: 5
microcode	: 0x1
cpu MHz		: 2400.000
cache size	: 3072 KB
physical id	: 0
siblings	: 4
core id		: 0
cpu cores	: 2
apicid		: 1
initial apicid	: 1
fpu		: yes
fpu_exception	: yes
cpuid level	: 11
wp		: yes
flags		: fpu vme de pse tsc msr pae mce cx8 apic sep mtrr pge mca cmov pat pse36 clflush dts acpi mmx fxsr sse sse2 ss ht tm pbe syscall nx rdtscp lm constant_tsc arch_perfmon pebs bts rep_good nopl xtopology nonstop_tsc aperfmperf pni dtes64 monitor ds_cpl vmx est tm2 ssse3 cx16 xtpr pdcm pcid sse4_1 sse4_2 popcnt lahf_lm ida arat dtherm tpr_shadow vnmi flexpriority ept vpid
bogomips	: 4787.95
clflush size	: 64
cache_alignment	: 64
address sizes	: 36 bits physical, 48 bits virtual
power management:

processor	: 3
vendor_id	: GenuineIntel
cpu family	: 6
model		: 37
model name	: Intel(R) Core(TM) i5 CPU       M 450  @ 2.40GHz
stepping	: 5
microcode	: 0x1
cpu MHz		: 1199.000
cache size	: 3072 KB
physical id	: 0
siblings	: 4
core id		: 2
cpu cores	: 2
apicid		: 5
initial apicid	: 5
fpu		: yes
fpu_exception	: yes
cpuid level	: 11
wp		: yes
flags		: fpu vme de pse tsc msr pae mce cx8 apic sep mtrr pge mca cmov pat pse36 clflush dts acpi mmx fxsr sse sse2 ss ht tm pbe syscall nx rdtscp lm constant_tsc arch_perfmon pebs bts rep_good nopl xtopology nonstop_tsc aperfmperf pni dtes64 monitor ds_cpl vmx est tm2 ssse3 cx16 xtpr pdcm pcid sse4_1 sse4_2 popcnt lahf_lm ida arat dtherm tpr_shadow vnmi flexpriority ept vpid
bogomips	: 4787.95
clflush size	: 64
cache_alignment	: 64
address sizes	: 36 bits physical, 48 bits virtual
power management:



Memory: 4k page, physical 3899120k(132704k free), swap 0k(0k free)

vm_info: Java HotSpot(TM) 64-Bit Server VM (25.45-b02) for linux-amd64 JRE (1.8.0_45-b14), built on Apr 10 2015 10:07:45 by "java_re" with gcc 4.3.0 20080428 (Red Hat 4.3.0-8)

time: Mon Sep 14 14:32:58 2015
elapsed time: 12 seconds (0d 0h 0m 12s)

